{"numTotalTestSuites":193,"numPassedTestSuites":189,"numFailedTestSuites":4,"numPendingTestSuites":0,"numTotalTests":621,"numPassedTests":619,"numFailedTests":2,"numPendingTests":0,"numTodoTests":0,"snapshot":{"added":0,"failure":false,"filesAdded":0,"filesRemoved":0,"filesRemovedList":[],"filesUnmatched":0,"filesUpdated":0,"matched":0,"total":0,"unchecked":0,"uncheckedKeysByFile":[],"unmatched":0,"updated":0,"didUpdate":false},"startTime":1787235551144,"success":false,"testResults":[{"assertionResults":[{"ancestorTitles":["ACH failure handling"],"fullName":"ACH failure handling marks payment as failed and leaves RentCharges unpaid","status":"passed","title":"marks payment as failed and leaves RentCharges unpaid","duration":116.96990000000005,"failureMessages":[],"meta":{}},{"ancestorTitles":["ACH failure handling"],"fullName":"ACH failure handling does not auto-retry — tenant must create a new payment","status":"passed","title":"does not auto-retry — tenant must create a new payment","duration":3.3323999999997795,"failureMessages":[],"meta":{}},{"ancestorTitles":["Payment failure notifications"],"fullName":"Payment failure notifications sends notifications to both tenant and landlord on payment failure","status":"passed","title":"sends notifications to both tenant and landlord on payment failure","duration":183.54179999999997,"failureMessages":[],"meta":{}},{"ancestorTitles":["Payment failure notifications"],"fullName":"Payment failure notifications sends notifications to both tenant and landlord on payment success","status":"passed","title":"sends notifications to both tenant and landlord on payment success","duration":6.278800000000047,"failureMessages":[],"meta":{}},{"ancestorTitles":["Payment failure notifications"],"fullName":"Payment failure notifications handles non-existent payment ID gracefully","status":"passed","title":"handles non-existent payment ID gracefully","duration":1.865799999999581,"failureMessages":[],"meta":{}},{"ancestorTitles":["Payment failure notifications"],"fullName":"Payment failure notifications card payment failure also sends notifications","status":"passed","title":"card payment failure also sends notifications","duration":5.30619999999999,"failureMessages":[],"meta":{}}],"startTime":1787235561966,"endTime":1787235562283.3062,"status":"passed","message":"","name":"C:/Users/staff/src/tenant-ai/apps/server/src/__tests__/ach-failure.test.ts"},{"assertionResults":[{"ancestorTitles":["shouldAIValidate"],"fullName":"shouldAIValidate returns false for programmatically validated fields","status":"passed","title":"returns false for programmatically validated fields","duration":1.6210000000000946,"failureMessages":[],"meta":{}},{"ancestorTitles":["shouldAIValidate"],"fullName":"shouldAIValidate returns false for yes_no type","status":"passed","title":"returns false for yes_no type","duration":0.2948999999999842,"failureMessages":[],"meta":{}},{"ancestorTitles":["shouldAIValidate"],"fullName":"shouldAIValidate returns true for text fields like fullName, currentAddress, employer","status":"passed","title":"returns true for text fields like fullName, currentAddress, employer","duration":0.3672000000000253,"failureMessages":[],"meta":{}},{"ancestorTitles":["shouldAIValidate"],"fullName":"shouldAIValidate returns true for custom text fields","status":"passed","title":"returns true for custom text fields","duration":0.17200000000002547,"failureMessages":[],"meta":{}},{"ancestorTitles":["validateFieldWithAI"],"fullName":"validateFieldWithAI skips API call for programmatically validated fields","status":"passed","title":"skips API call for programmatically validated fields","duration":1.112100000000055,"failureMessages":[],"meta":{}},{"ancestorTitles":["validateFieldWithAI"],"fullName":"validateFieldWithAI returns valid: true when AI approves","status":"passed","title":"returns valid: true when AI approves","duration":0.6141000000000076,"failureMessages":[],"meta":{}},{"ancestorTitles":["validateFieldWithAI"],"fullName":"validateFieldWithAI returns valid: false with reason when AI rejects","status":"passed","title":"returns valid: false with reason when AI rejects","duration":0.3387000000000171,"failureMessages":[],"meta":{}},{"ancestorTitles":["validateFieldWithAI"],"fullName":"validateFieldWithAI returns valid: true on API timeout (fail-open)","status":"passed","title":"returns valid: true on API timeout (fail-open)","duration":0.9109999999999445,"failureMessages":[],"meta":{}},{"ancestorTitles":["validateFieldWithAI"],"fullName":"validateFieldWithAI returns valid: true on API error (fail-open)","status":"passed","title":"returns valid: true on API error (fail-open)","duration":0.40830000000005384,"failureMessages":[],"meta":{}},{"ancestorTitles":["validateFieldWithAI"],"fullName":"validateFieldWithAI returns valid: true on malformed JSON response (fail-open)","status":"passed","title":"returns valid: true on malformed JSON response (fail-open)","duration":0.47050000000001546,"failureMessages":[],"meta":{}},{"ancestorTitles":["validateFieldWithAI"],"fullName":"validateFieldWithAI returns valid: true when no API key configured (fail-open)","status":"passed","title":"returns valid: true when no API key configured (fail-open)","duration":0.3369000000000142,"failureMessages":[],"meta":{}},{"ancestorTitles":["validateFieldWithAI"],"fullName":"validateFieldWithAI sends correct request structure","status":"passed","title":"sends correct request structure","duration":0.6335000000000264,"failureMessages":[],"meta":{}},{"ancestorTitles":["validateFieldWithAI"],"fullName":"validateFieldWithAI uses console.warn on failure","status":"passed","title":"uses console.warn on failure","duration":1.929399999999987,"failureMessages":[],"meta":{}},{"ancestorTitles":["validateFieldWithAI"],"fullName":"validateFieldWithAI uses dedicated ai_validation API key when configured","status":"passed","title":"uses dedicated ai_validation API key when configured","duration":0.3788999999999305,"failureMessages":[],"meta":{}},{"ancestorTitles":["validateFieldWithAI"],"fullName":"validateFieldWithAI falls back to openai API key when ai_validation key is null","status":"passed","title":"falls back to openai API key when ai_validation key is null","duration":0.3007999999999811,"failureMessages":[],"meta":{}},{"ancestorTitles":["validateFieldWithAI"],"fullName":"validateFieldWithAI uses ai_validation model when configured","status":"passed","title":"uses ai_validation model when configured","duration":0.3046000000000504,"failureMessages":[],"meta":{}},{"ancestorTitles":["validateFieldWithAI"],"fullName":"validateFieldWithAI falls back to gpt-4o-mini default when no model configured","status":"passed","title":"falls back to gpt-4o-mini default when no model configured","duration":0.28089999999997417,"failureMessages":[],"meta":{}}],"startTime":1787235554284,"endTime":1787235554295.3047,"status":"passed","message":"","name":"C:/Users/staff/src/tenant-ai/apps/server/src/__tests__/ai-field-validator.test.ts"},{"assertionResults":[{"ancestorTitles":["saveApplicationField"],"fullName":"saveApplicationField saves a plain text field (fullName)","status":"passed","title":"saves a plain text field (fullName)","duration":99.07270000000017,"failureMessages":[],"meta":{}},{"ancestorTitles":["saveApplicationField"],"fullName":"saveApplicationField validates and saves SSN — encrypts before storage","status":"passed","title":"validates and saves SSN — encrypts before storage","duration":28.721199999999953,"failureMessages":[],"meta":{}},{"ancestorTitles":["saveApplicationField"],"fullName":"saveApplicationField validates and auto-formats SSN (no dashes)","status":"passed","title":"validates and auto-formats SSN (no dashes)","duration":7.734199999999873,"failureMessages":[],"meta":{}},{"ancestorTitles":["saveApplicationField"],"fullName":"saveApplicationField rejects invalid SSN (too few digits)","status":"passed","title":"rejects invalid SSN (too few digits)","duration":0.3647999999998319,"failureMessages":[],"meta":{}},{"ancestorTitles":["saveApplicationField"],"fullName":"saveApplicationField validates and encrypts date of birth","status":"passed","title":"validates and encrypts date of birth","duration":50.35550000000012,"failureMessages":[],"meta":{}},{"ancestorTitles":["saveApplicationField"],"fullName":"saveApplicationField rejects future date of birth","status":"passed","title":"rejects future date of birth","duration":44.17080000000033,"failureMessages":[],"meta":{}},{"ancestorTitles":["saveApplicationField"],"fullName":"saveApplicationField validates email","status":"passed","title":"validates email","duration":4.960900000000038,"failureMessages":[],"meta":{}},{"ancestorTitles":["saveApplicationField"],"fullName":"saveApplicationField rejects invalid email","status":"passed","title":"rejects invalid email","duration":0.3939999999997781,"failureMessages":[],"meta":{}},{"ancestorTitles":["saveApplicationField"],"fullName":"saveApplicationField validates and formats employer phone","status":"passed","title":"validates and formats employer phone","duration":20.215900000000147,"failureMessages":[],"meta":{}},{"ancestorTitles":["saveApplicationField"],"fullName":"saveApplicationField parses and saves monthly income","status":"passed","title":"parses and saves monthly income","duration":10.710199999999986,"failureMessages":[],"meta":{}},{"ancestorTitles":["saveApplicationField"],"fullName":"saveApplicationField parses income with dollar sign and commas","status":"passed","title":"parses income with dollar sign and commas","duration":14.86869999999999,"failureMessages":[],"meta":{}},{"ancestorTitles":["saveApplicationField"],"fullName":"saveApplicationField saves move-in date (future date)","status":"passed","title":"saves move-in date (future date)","duration":46.258400000000165,"failureMessages":[],"meta":{}},{"ancestorTitles":["saveApplicationField"],"fullName":"saveApplicationField rejects past move-in date","status":"passed","title":"rejects past move-in date","duration":2.473199999999906,"failureMessages":[],"meta":{}},{"ancestorTitles":["saveApplicationField"],"fullName":"saveApplicationField saves hasPets as boolean true","status":"passed","title":"saves hasPets as boolean true","duration":5.566499999999905,"failureMessages":[],"meta":{}},{"ancestorTitles":["saveApplicationField"],"fullName":"saveApplicationField saves hasPets as boolean false","status":"passed","title":"saves hasPets as boolean false","duration":4.013900000000376,"failureMessages":[],"meta":{}},{"ancestorTitles":["saveApplicationField"],"fullName":"saveApplicationField saves custom field to customResponses JSON","status":"passed","title":"saves custom field to customResponses JSON","duration":5.994099999999889,"failureMessages":[],"meta":{}},{"ancestorTitles":["saveApplicationField"],"fullName":"saveApplicationField saves plain text field without validator (currentAddress)","status":"passed","title":"saves plain text field without validator (currentAddress)","duration":5.1077000000000226,"failureMessages":[],"meta":{}},{"ancestorTitles":["saveApplicationField"],"fullName":"saveApplicationField saves plain text field without validator (employer)","status":"passed","title":"saves plain text field without validator (employer)","duration":4.346700000000055,"failureMessages":[],"meta":{}},{"ancestorTitles":["completeApplication"],"fullName":"completeApplication marks application as completed with summary","status":"passed","title":"marks application as completed with summary","duration":23.766299999999774,"failureMessages":[],"meta":{}},{"ancestorTitles":["getPropertyInfo"],"fullName":"getPropertyInfo returns property name and address","status":"passed","title":"returns property name and address","duration":13.394900000000234,"failureMessages":[],"meta":{}},{"ancestorTitles":["getPropertyInfo"],"fullName":"getPropertyInfo includes description","status":"passed","title":"includes description","duration":3.4699999999998,"failureMessages":[],"meta":{}},{"ancestorTitles":["getPropertyInfo"],"fullName":"getPropertyInfo includes amenities","status":"passed","title":"includes amenities","duration":3.0010000000002037,"failureMessages":[],"meta":{}},{"ancestorTitles":["getPropertyInfo"],"fullName":"getPropertyInfo includes vacant units with rent","status":"passed","title":"includes vacant units with rent","duration":3.347099999999955,"failureMessages":[],"meta":{}},{"ancestorTitles":["getPropertyInfo"],"fullName":"getPropertyInfo returns fallback for non-existent property","status":"passed","title":"returns fallback for non-existent property","duration":1.8809999999998581,"failureMessages":[],"meta":{}},{"ancestorTitles":["findOrCreateApplication"],"fullName":"findOrCreateApplication creates a new application if none exists","status":"passed","title":"creates a new application if none exists","duration":9.82589999999982,"failureMessages":[],"meta":{}},{"ancestorTitles":["findOrCreateApplication"],"fullName":"findOrCreateApplication resumes existing in-progress application","status":"passed","title":"resumes existing in-progress application","duration":2.25649999999996,"failureMessages":[],"meta":{}},{"ancestorTitles":["findOrCreateApplication"],"fullName":"findOrCreateApplication creates new if existing app is too old","status":"passed","title":"creates new if existing app is too old","duration":9.359699999999975,"failureMessages":[],"meta":{}},{"ancestorTitles":["getFilledFields"],"fullName":"getFilledFields returns filled standard fields","status":"passed","title":"returns filled standard fields","duration":1.779399999999896,"failureMessages":[],"meta":{}},{"ancestorTitles":["getFilledFields"],"fullName":"getFilledFields shows encrypted fields as [provided]","status":"passed","title":"shows encrypted fields as [provided]","duration":1.6203999999997905,"failureMessages":[],"meta":{}},{"ancestorTitles":["getFilledFields"],"fullName":"getFilledFields includes hasPets as Yes/No","status":"passed","title":"includes hasPets as Yes/No","duration":1.7512000000001535,"failureMessages":[],"meta":{}},{"ancestorTitles":["getFilledFields"],"fullName":"getFilledFields includes custom responses","status":"passed","title":"includes custom responses","duration":2.036899999999605,"failureMessages":[],"meta":{}},{"ancestorTitles":["getFilledFields"],"fullName":"getFilledFields returns empty object for non-existent application","status":"passed","title":"returns empty object for non-existent application","duration":1.4347999999999956,"failureMessages":[],"meta":{}},{"ancestorTitles":["saveApplicationField with AI validation"],"fullName":"saveApplicationField with AI validation does NOT call AI validator when questionContext is omitted (backward compat)","status":"passed","title":"does NOT call AI validator when questionContext is omitted (backward compat)","duration":3.2206999999998516,"failureMessages":[],"meta":{}},{"ancestorTitles":["saveApplicationField with AI validation"],"fullName":"saveApplicationField with AI validation calls AI validator when questionContext is provided and field is eligible","status":"passed","title":"calls AI validator when questionContext is provided and field is eligible","duration":5.919199999999819,"failureMessages":[],"meta":{}},{"ancestorTitles":["saveApplicationField with AI validation"],"fullName":"saveApplicationField with AI validation returns AI validation error when validator rejects","status":"passed","title":"returns AI validation error when validator rejects","duration":0.49459999999999127,"failureMessages":[],"meta":{}},{"ancestorTitles":["saveApplicationField with AI validation"],"fullName":"saveApplicationField with AI validation saves normally when AI validator approves","status":"passed","title":"saves normally when AI validator approves","duration":4.538500000000113,"failureMessages":[],"meta":{}}],"startTime":1787235553260,"endTime":1787235553711.5386,"status":"passed","message":"","name":"C:/Users/staff/src/tenant-ai/apps/server/src/__tests__/application-builder.test.ts"},{"assertionResults":[{"ancestorTitles":["runBillingCycle"],"fullName":"runBillingCycle creates invoices for active subscriptions","status":"failed","title":"creates invoices for active subscriptions","duration":307.5810999999999,"failureMessages":["AssertionError: expected 3 to be 2 // Object.is equality\n    at C:/Users/staff/src/tenant-ai/apps/server/src/__tests__/billing-cycle.test.ts:187:21\n    at file:///C:/Users/staff/src/tenant-ai/node_modules/@vitest/runner/dist/index.js:915:20"],"meta":{}},{"ancestorTitles":["runBillingCycle"],"fullName":"runBillingCycle calculates correct base price (no overage)","status":"passed","title":"calculates correct base price (no overage)","duration":4.954999999999927,"failureMessages":[],"meta":{}},{"ancestorTitles":["runBillingCycle"],"fullName":"runBillingCycle calculates correct overage when AI usage exceeds included","status":"passed","title":"calculates correct overage when AI usage exceeds included","duration":1.184900000000198,"failureMessages":[],"meta":{}},{"ancestorTitles":["runBillingCycle"],"fullName":"runBillingCycle does NOT create invoice for trialing subscriptions","status":"passed","title":"does NOT create invoice for trialing subscriptions","duration":0.946100000000115,"failureMessages":[],"meta":{}},{"ancestorTitles":["runBillingCycle"],"fullName":"runBillingCycle is idempotent — running twice does not create duplicate invoices","status":"passed","title":"is idempotent — running twice does not create duplicate invoices","duration":18.764900000000125,"failureMessages":[],"meta":{}},{"ancestorTitles":["runBillingCycle"],"fullName":"runBillingCycle respects admin override pricing","status":"passed","title":"respects admin override pricing","duration":79.17700000000013,"failureMessages":[],"meta":{}}],"startTime":1787235559278,"endTime":1787235559690.177,"status":"failed","message":"","name":"C:/Users/staff/src/tenant-ai/apps/server/src/__tests__/billing-cycle.test.ts"},{"assertionResults":[{"ancestorTitles":["getCallByPhone"],"fullName":"getCallByPhone finds the live call and forgets it after removal","status":"passed","title":"finds the live call and forgets it after removal","duration":9.454500000000053,"failureMessages":[],"meta":{}},{"ancestorTitles":["getCallByPhone"],"fullName":"getCallByPhone resolves distinct phones independently","status":"passed","title":"resolves distinct phones independently","duration":1.8214000000000397,"failureMessages":[],"meta":{}},{"ancestorTitles":["sendUserText"],"fullName":"sendUserText sends a user conversation item plus response.create","status":"passed","title":"sends a user conversation item plus response.create","duration":3.0860999999999876,"failureMessages":[],"meta":{}},{"ancestorTitles":["sendUserText"],"fullName":"sendUserText is a silent no-op on a closed socket","status":"passed","title":"is a silent no-op on a closed socket","duration":2.639499999999998,"failureMessages":[],"meta":{}},{"ancestorTitles":["mid-call text answers"],"fullName":"mid-call text answers injects the text into the live call and mints no invite","status":"passed","title":"injects the text into the live call and mints no invite","duration":236.2288000000001,"failureMessages":[],"meta":{}},{"ancestorTitles":["mid-call text answers"],"fullName":"mid-call text answers falls through to normal intake when no call is live (teardown race)","status":"passed","title":"falls through to normal intake when no call is live (teardown race)","duration":230.77609999999981,"failureMessages":[],"meta":{}},{"ancestorTitles":["mid-call text answers"],"fullName":"mid-call text answers STOP mid-call still records the opt-out and confirms (compliance wins)","status":"passed","title":"STOP mid-call still records the opt-out and confirms (compliance wins)","duration":434.9202,"failureMessages":[],"meta":{}},{"ancestorTitles":["mid-call text answers"],"fullName":"mid-call text answers collapses newlines and caps length before injection","status":"passed","title":"collapses newlines and caps length before injection","duration":93.01399999999967,"failureMessages":[],"meta":{}},{"ancestorTitles":["mid-call text answers"],"fullName":"mid-call text answers ignores the branch for a call on a different property","status":"passed","title":"ignores the branch for a call on a different property","duration":143.3847999999998,"failureMessages":[],"meta":{}},{"ancestorTitles":["mid-call text answers"],"fullName":"mid-call text answers two texts in succession both inject in order","status":"passed","title":"two texts in succession both inject in order","duration":56.984100000000126,"failureMessages":[],"meta":{}}],"startTime":1787235559139,"endTime":1787235560351.9841,"status":"passed","message":"","name":"C:/Users/staff/src/tenant-ai/apps/server/src/__tests__/call-text-answers.test.ts"},{"assertionResults":[{"ancestorTitles":["Deposit lifecycle"],"fullName":"Deposit lifecycle generates deposit receipt with bank info","status":"passed","title":"generates deposit receipt with bank info","duration":1041.4749,"failureMessages":[],"meta":{}},{"ancestorTitles":["Deposit lifecycle"],"fullName":"Deposit lifecycle throws when lease has no deposit","status":"passed","title":"throws when lease has no deposit","duration":30.934499999999844,"failureMessages":[],"meta":{}},{"ancestorTitles":["Deposit lifecycle"],"fullName":"Deposit lifecycle calculates deposit interest for Cook County landlord with 6+ units","status":"passed","title":"calculates deposit interest for Cook County landlord with 6+ units","duration":84.7804000000001,"failureMessages":[],"meta":{}},{"ancestorTitles":["Deposit lifecycle"],"fullName":"Deposit lifecycle does not require interest for small landlord","status":"passed","title":"does not require interest for small landlord","duration":20.81190000000015,"failureMessages":[],"meta":{}},{"ancestorTitles":["Deposit lifecycle"],"fullName":"Deposit lifecycle calculates deposit return amount with deductions","status":"passed","title":"calculates deposit return amount with deductions","duration":93.93539999999985,"failureMessages":[],"meta":{}},{"ancestorTitles":["Deposit lifecycle"],"fullName":"Deposit lifecycle checks deposit receipt deadline alerts","status":"passed","title":"checks deposit receipt deadline alerts","duration":5.0306000000000495,"failureMessages":[],"meta":{}},{"ancestorTitles":["Deposit lifecycle"],"fullName":"Deposit lifecycle checks statement/return deadlines after move-out","status":"passed","title":"checks statement/return deadlines after move-out","duration":22.505499999999756,"failureMessages":[],"meta":{}},{"ancestorTitles":["Deposit lifecycle"],"fullName":"Deposit lifecycle sends deposit reminders via notification service","status":"passed","title":"sends deposit reminders via notification service","duration":12.351599999999962,"failureMessages":[],"meta":{}},{"ancestorTitles":["Lease expiration monitoring"],"fullName":"Lease expiration monitoring sends reminders and auto-converts expired leases in one pass","status":"passed","title":"sends reminders and auto-converts expired leases in one pass","duration":86.68359999999984,"failureMessages":[],"meta":{}},{"ancestorTitles":["Lease expiration monitoring"],"fullName":"Lease expiration monitoring renews a lease with new end date","status":"passed","title":"renews a lease with new end date","duration":5.084699999999884,"failureMessages":[],"meta":{}},{"ancestorTitles":["Lease expiration monitoring"],"fullName":"Lease expiration monitoring terminates a lease and vacates unit","status":"passed","title":"terminates a lease and vacates unit","duration":7.949900000000071,"failureMessages":[],"meta":{}},{"ancestorTitles":["Lease expiration monitoring"],"fullName":"Lease expiration monitoring throws when renewing a terminated lease","status":"passed","title":"throws when renewing a terminated lease","duration":1.9209000000000742,"failureMessages":[],"meta":{}}],"startTime":1787235552946,"endTime":1787235554658.921,"status":"passed","message":"","name":"C:/Users/staff/src/tenant-ai/apps/server/src/__tests__/deposit-lease.test.ts"},{"assertionResults":[{"ancestorTitles":["calculateLateFees"],"fullName":"calculateLateFees does NOT create late fee before grace period expires","status":"passed","title":"does NOT create late fee before grace period expires","duration":150.8723,"failureMessages":[],"meta":{}},{"ancestorTitles":["calculateLateFees"],"fullName":"calculateLateFees creates late fee after grace period expires (day 6)","status":"passed","title":"creates late fee after grace period expires (day 6)","duration":105.47750000000042,"failureMessages":[],"meta":{}},{"ancestorTitles":["calculateLateFees"],"fullName":"calculateLateFees creates correct late fee amount for regular property","status":"passed","title":"creates correct late fee amount for regular property","duration":9.762299999999868,"failureMessages":[],"meta":{}},{"ancestorTitles":["calculateLateFees"],"fullName":"calculateLateFees enforces Cook County RTLO late fee cap","status":"passed","title":"enforces Cook County RTLO late fee cap","duration":48.31359999999995,"failureMessages":[],"meta":{}},{"ancestorTitles":["calculateLateFees"],"fullName":"calculateLateFees does NOT create late fee when lateFeeAmount is null","status":"passed","title":"does NOT create late fee when lateFeeAmount is null","duration":1.9785999999999149,"failureMessages":[],"meta":{}},{"ancestorTitles":["calculateLateFees"],"fullName":"calculateLateFees is idempotent — running twice does not create duplicate late fees","status":"passed","title":"is idempotent — running twice does not create duplicate late fees","duration":196.73159999999962,"failureMessages":[],"meta":{}},{"ancestorTitles":["calculateLateFees"],"fullName":"calculateLateFees does NOT create late fee for terminated lease","status":"passed","title":"does NOT create late fee for terminated lease","duration":199.3998999999999,"failureMessages":[],"meta":{}}],"startTime":1787235560010,"endTime":1787235560722.4,"status":"passed","message":"","name":"C:/Users/staff/src/tenant-ai/apps/server/src/__tests__/late-fees.test.ts"},{"assertionResults":[{"ancestorTitles":["parseEnvFile"],"fullName":"parseEnvFile parses KEY=VALUE, ignores comments/blank lines, strips inline comments","status":"passed","title":"parses KEY=VALUE, ignores comments/blank lines, strips inline comments","duration":1.61099999999999,"failureMessages":[],"meta":{}},{"ancestorTitles":["parseEnvFile"],"fullName":"parseEnvFile handles quoted values and CRLF line endings (Windows checkouts)","status":"passed","title":"handles quoted values and CRLF line endings (Windows checkouts)","duration":0.38840000000004693,"failureMessages":[],"meta":{}},{"ancestorTitles":["parseEnvFile"],"fullName":"parseEnvFile skips malformed keys","status":"passed","title":"skips malformed keys","duration":0.20699999999999363,"failureMessages":[],"meta":{}},{"ancestorTitles":["loadEnvFile"],"fullName":"loadEnvFile sets missing vars but never overrides ones already in the environment","status":"passed","title":"sets missing vars but never overrides ones already in the environment","duration":2.1854000000000724,"failureMessages":[],"meta":{}}],"startTime":1787235565314,"endTime":1787235565319.1853,"status":"passed","message":"","name":"C:/Users/staff/src/tenant-ai/apps/server/src/__tests__/load-env.test.ts"},{"assertionResults":[{"ancestorTitles":["maintenance-service","createMaintenanceRequest"],"fullName":"maintenance-service createMaintenanceRequest creates request with correct data","status":"passed","title":"creates request with correct data","duration":3.7583999999999946,"failureMessages":[],"meta":{}},{"ancestorTitles":["maintenance-service","createMaintenanceRequest"],"fullName":"maintenance-service createMaintenanceRequest looks up unit from active lease","status":"passed","title":"looks up unit from active lease","duration":0.7483000000000288,"failureMessages":[],"meta":{}},{"ancestorTitles":["maintenance-service","createMaintenanceRequest"],"fullName":"maintenance-service createMaintenanceRequest sends landlord notification email","status":"passed","title":"sends landlord notification email","duration":1.8572000000000344,"failureMessages":[],"meta":{}},{"ancestorTitles":["maintenance-service","createMaintenanceRequest"],"fullName":"maintenance-service createMaintenanceRequest handles no active lease gracefully (unitId null)","status":"passed","title":"handles no active lease gracefully (unitId null)","duration":0.5013999999999896,"failureMessages":[],"meta":{}},{"ancestorTitles":["maintenance-service","createMaintenanceRequest"],"fullName":"maintenance-service createMaintenanceRequest defaults invalid category to general","status":"passed","title":"defaults invalid category to general","duration":0.33620000000001937,"failureMessages":[],"meta":{}},{"ancestorTitles":["maintenance-service","updateMaintenanceStatus"],"fullName":"maintenance-service updateMaintenanceStatus updates status","status":"passed","title":"updates status","duration":0.6592999999999734,"failureMessages":[],"meta":{}},{"ancestorTitles":["maintenance-service","updateMaintenanceStatus"],"fullName":"maintenance-service updateMaintenanceStatus sets resolvedAt when status is completed","status":"passed","title":"sets resolvedAt when status is completed","duration":0.4864000000000033,"failureMessages":[],"meta":{}},{"ancestorTitles":["maintenance-service","updateMaintenanceStatus"],"fullName":"maintenance-service updateMaintenanceStatus sets resolvedAt when status is closed","status":"passed","title":"sets resolvedAt when status is closed","duration":0.32679999999999154,"failureMessages":[],"meta":{}},{"ancestorTitles":["maintenance-service","updateMaintenanceStatus"],"fullName":"maintenance-service updateMaintenanceStatus sends tenant notification on status change","status":"passed","title":"sends tenant notification on status change","duration":0.5787000000000262,"failureMessages":[],"meta":{}},{"ancestorTitles":["maintenance-service","updateMaintenanceStatus"],"fullName":"maintenance-service updateMaintenanceStatus skips notification when tenant has no email","status":"passed","title":"skips notification when tenant has no email","duration":0.5210999999999899,"failureMessages":[],"meta":{}},{"ancestorTitles":["maintenance-service","updateMaintenanceStatus"],"fullName":"maintenance-service updateMaintenanceStatus throws on invalid status","status":"passed","title":"throws on invalid status","duration":1.6315999999999917,"failureMessages":[],"meta":{}},{"ancestorTitles":["maintenance-service","updateMaintenanceStatus"],"fullName":"maintenance-service updateMaintenanceStatus throws on invalid priority","status":"passed","title":"throws on invalid priority","duration":0.38129999999995334,"failureMessages":[],"meta":{}},{"ancestorTitles":["maintenance-service","getMaintenanceRequestsForTenant"],"fullName":"maintenance-service getMaintenanceRequestsForTenant returns open/in_progress requests ordered by createdAt desc","status":"passed","title":"returns open/in_progress requests ordered by createdAt desc","duration":0.7814999999999941,"failureMessages":[],"meta":{}}],"startTime":1787235554166,"endTime":1787235554178.7815,"status":"passed","message":"","name":"C:/Users/staff/src/tenant-ai/apps/server/src/__tests__/maintenance-service.test.ts"},{"assertionResults":[{"ancestorTitles":["Monitoring service"],"fullName":"Monitoring service tracks active calls via call-registry delegation","status":"passed","title":"tracks active calls via call-registry delegation","duration":1523.583,"failureMessages":[],"meta":{}},{"ancestorTitles":["Monitoring service"],"fullName":"Monitoring service records errors and tracks recent count","status":"passed","title":"records errors and tracks recent count","duration":0.7028000000000247,"failureMessages":[],"meta":{}},{"ancestorTitles":["Monitoring service"],"fullName":"Monitoring service limits error history to 50 entries","status":"passed","title":"limits error history to 50 entries","duration":0.3469999999997526,"failureMessages":[],"meta":{}},{"ancestorTitles":["Graceful shutdown"],"fullName":"Graceful shutdown isServerShuttingDown is initially false","status":"passed","title":"isServerShuttingDown is initially false","duration":90.04169999999976,"failureMessages":[],"meta":{}},{"ancestorTitles":["Graceful shutdown"],"fullName":"Graceful shutdown requestShutdown is a no-op before handlers are registered","status":"passed","title":"requestShutdown is a no-op before handlers are registered","duration":0.2559999999998581,"failureMessages":[],"meta":{}},{"ancestorTitles":["Graceful shutdown"],"fullName":"Graceful shutdown programmatic trigger (IPC path on Windows) closes the server and exits 0","status":"passed","title":"programmatic trigger (IPC path on Windows) closes the server and exits 0","duration":4.568300000000363,"failureMessages":[],"meta":{}},{"ancestorTitles":["Twilio voice fallback"],"fullName":"Twilio voice fallback returns valid TwiML with unavailable message","status":"passed","title":"returns valid TwiML with unavailable message","duration":0.3419000000003507,"failureMessages":[],"meta":{}},{"ancestorTitles":["Docker Compose config"],"fullName":"Docker Compose config docker-compose.yml is valid YAML with required services","status":"passed","title":"docker-compose.yml is valid YAML with required services","duration":1.0935999999996966,"failureMessages":[],"meta":{}},{"ancestorTitles":["Docker Compose config"],"fullName":"Docker Compose config nginx.conf has WebSocket upgrade for media-stream","status":"passed","title":"nginx.conf has WebSocket upgrade for media-stream","duration":0.745600000000195,"failureMessages":[],"meta":{}},{"ancestorTitles":["Health endpoint data"],"fullName":"Health endpoint data returns comprehensive health status","status":"passed","title":"returns comprehensive health status","duration":171.42359999999962,"failureMessages":[],"meta":{}}],"startTime":1787235561384,"endTime":1787235563177.4236,"status":"passed","message":"","name":"C:/Users/staff/src/tenant-ai/apps/server/src/__tests__/monitoring-shutdown.test.ts"},{"assertionResults":[{"ancestorTitles":["generateFiveDayNotice"],"fullName":"generateFiveDayNotice creates notice with auto-calculated amount from overdue charges","status":"passed","title":"creates notice with auto-calculated amount from overdue charges","duration":314.4572000000003,"failureMessages":[],"meta":{}},{"ancestorTitles":["generateFiveDayNotice"],"fullName":"generateFiveDayNotice uses provided amount if specified","status":"passed","title":"uses provided amount if specified","duration":54.79379999999992,"failureMessages":[],"meta":{}},{"ancestorTitles":["generateFiveDayNotice"],"fullName":"generateFiveDayNotice rejects when no rent is past due","status":"passed","title":"rejects when no rent is past due","duration":36.10999999999967,"failureMessages":[],"meta":{}},{"ancestorTitles":["generateTenDayNotice"],"fullName":"generateTenDayNotice creates notice with violation description","status":"passed","title":"creates notice with violation description","duration":7.77139999999963,"failureMessages":[],"meta":{}},{"ancestorTitles":["generateTenDayNotice"],"fullName":"generateTenDayNotice rejects empty violation description","status":"passed","title":"rejects empty violation description","duration":0.3664000000003398,"failureMessages":[],"meta":{}},{"ancestorTitles":["generateThirtyDayNotice"],"fullName":"generateThirtyDayNotice creates notice with valid effective date","status":"passed","title":"creates notice with valid effective date","duration":5.4591999999997824,"failureMessages":[],"meta":{}},{"ancestorTitles":["generateThirtyDayNotice"],"fullName":"generateThirtyDayNotice rejects effective date less than 30 days out","status":"passed","title":"rejects effective date less than 30 days out","duration":3.3156000000003587,"failureMessages":[],"meta":{}},{"ancestorTitles":["recordNoticeService"],"fullName":"recordNoticeService records personal service with correct dates","status":"passed","title":"records personal service with correct dates","duration":14.19399999999996,"failureMessages":[],"meta":{}},{"ancestorTitles":["recordNoticeService"],"fullName":"recordNoticeService records certified mail with 5-day delivery delay","status":"passed","title":"records certified mail with 5-day delivery delay","duration":7.060199999999895,"failureMessages":[],"meta":{}},{"ancestorTitles":["recordNoticeService"],"fullName":"recordNoticeService rejects certified mail without tracking number","status":"passed","title":"rejects certified mail without tracking number","duration":7.6237999999998465,"failureMessages":[],"meta":{}},{"ancestorTitles":["generateNoticePdf"],"fullName":"generateNoticePdf generates a valid PDF buffer for a 5-day notice","status":"passed","title":"generates a valid PDF buffer for a 5-day notice","duration":647.0324,"failureMessages":[],"meta":{}},{"ancestorTitles":["generateNoticePdf"],"fullName":"generateNoticePdf generates PDF for 10-day notice","status":"passed","title":"generates PDF for 10-day notice","duration":46.216599999999744,"failureMessages":[],"meta":{}},{"ancestorTitles":["generateNoticePdf"],"fullName":"generateNoticePdf throws for non-existent notice","status":"passed","title":"throws for non-existent notice","duration":29.032900000000154,"failureMessages":[],"meta":{}}],"startTime":1787235559034,"endTime":1787235560210.033,"status":"passed","message":"","name":"C:/Users/staff/src/tenant-ai/apps/server/src/__tests__/notice-generator.test.ts"},{"assertionResults":[{"ancestorTitles":["sendNotification"],"fullName":"sendNotification pushes notification to in-memory array","status":"passed","title":"pushes notification to in-memory array","duration":2.3840999999999894,"failureMessages":[],"meta":{}},{"ancestorTitles":["sendNotification"],"fullName":"sendNotification does NOT call sendEmail in test environment","status":"passed","title":"does NOT call sendEmail in test environment","duration":0.4436000000000604,"failureMessages":[],"meta":{}},{"ancestorTitles":["sendNotification"],"fullName":"sendNotification accumulates multiple notifications","status":"passed","title":"accumulates multiple notifications","duration":0.28309999999999036,"failureMessages":[],"meta":{}},{"ancestorTitles":["sendNotification"],"fullName":"sendNotification clearSentNotifications empties the array","status":"passed","title":"clearSentNotifications empties the array","duration":0.36159999999995307,"failureMessages":[],"meta":{}},{"ancestorTitles":["notifyPaymentFailed"],"fullName":"notifyPaymentFailed sends notifications to tenant and landlord","status":"passed","title":"sends notifications to tenant and landlord","duration":20.21650000000011,"failureMessages":[],"meta":{}},{"ancestorTitles":["notifyPaymentFailed"],"fullName":"notifyPaymentFailed does nothing when payment not found","status":"passed","title":"does nothing when payment not found","duration":0.24739999999997053,"failureMessages":[],"meta":{}},{"ancestorTitles":["notifyPaymentReceived"],"fullName":"notifyPaymentReceived sends notifications to tenant and landlord","status":"passed","title":"sends notifications to tenant and landlord","duration":0.6526000000000067,"failureMessages":[],"meta":{}}],"startTime":1787235563430,"endTime":1787235563454.6526,"status":"passed","message":"","name":"C:/Users/staff/src/tenant-ai/apps/server/src/__tests__/notification-dispatch.test.ts"},{"assertionResults":[{"ancestorTitles":["formatCents"],"fullName":"formatCents formats 150000 as $1,500.00","status":"passed","title":"formats 150000 as $1,500.00","duration":34.217700000000036,"failureMessages":[],"meta":{}},{"ancestorTitles":["formatCents"],"fullName":"formatCents formats 5000 as $50.00","status":"passed","title":"formats 5000 as $50.00","duration":0.31719999999995707,"failureMessages":[],"meta":{}},{"ancestorTitles":["formatCents"],"fullName":"formatCents formats 99 as $0.99","status":"passed","title":"formats 99 as $0.99","duration":0.24900000000002365,"failureMessages":[],"meta":{}},{"ancestorTitles":["formatCents"],"fullName":"formatCents formats 0 as $0.00","status":"passed","title":"formats 0 as $0.00","duration":3.437599999999975,"failureMessages":[],"meta":{}},{"ancestorTitles":["formatCents"],"fullName":"formatCents formats 1234567 as $12,345.67","status":"passed","title":"formats 1234567 as $12,345.67","duration":0.49900000000002365,"failureMessages":[],"meta":{}},{"ancestorTitles":["formatMethod"],"fullName":"formatMethod formats ach","status":"passed","title":"formats ach","duration":0.19839999999999236,"failureMessages":[],"meta":{}},{"ancestorTitles":["formatMethod"],"fullName":"formatMethod formats card","status":"passed","title":"formats card","duration":0.1309999999999718,"failureMessages":[],"meta":{}},{"ancestorTitles":["formatMethod"],"fullName":"formatMethod formats cash","status":"passed","title":"formats cash","duration":0.13369999999997617,"failureMessages":[],"meta":{}},{"ancestorTitles":["formatMethod"],"fullName":"formatMethod formats check","status":"passed","title":"formats check","duration":0.19429999999999836,"failureMessages":[],"meta":{}},{"ancestorTitles":["formatMethod"],"fullName":"formatMethod returns unknown method as-is","status":"passed","title":"returns unknown method as-is","duration":0.15300000000002,"failureMessages":[],"meta":{}},{"ancestorTitles":["formatType"],"fullName":"formatType formats rent","status":"passed","title":"formats rent","duration":0.14390000000003056,"failureMessages":[],"meta":{}},{"ancestorTitles":["formatType"],"fullName":"formatType formats late_fee","status":"passed","title":"formats late_fee","duration":0.10590000000001965,"failureMessages":[],"meta":{}},{"ancestorTitles":["formatType"],"fullName":"formatType formats security_deposit","status":"passed","title":"formats security_deposit","duration":0.12800000000004275,"failureMessages":[],"meta":{}},{"ancestorTitles":["generateReceiptPdf"],"fullName":"generateReceiptPdf generates a valid PDF buffer","status":"passed","title":"generates a valid PDF buffer","duration":61.50310000000002,"failureMessages":[],"meta":{}},{"ancestorTitles":["generateReceiptPdf"],"fullName":"generateReceiptPdf generates PDF without optional fields","status":"passed","title":"generates PDF without optional fields","duration":28.056699999999978,"failureMessages":[],"meta":{}},{"ancestorTitles":["generateReceiptPdf"],"fullName":"generateReceiptPdf generates PDF for late fee type","status":"passed","title":"generates PDF for late fee type","duration":7.1562999999999874,"failureMessages":[],"meta":{}},{"ancestorTitles":["generateReceiptPdf"],"fullName":"generateReceiptPdf generates PDF for security deposit","status":"passed","title":"generates PDF for security deposit","duration":7.775300000000016,"failureMessages":[],"meta":{}}],"startTime":1787235564434,"endTime":1787235564579.7754,"status":"passed","message":"","name":"C:/Users/staff/src/tenant-ai/apps/server/src/__tests__/receipt-generator.test.ts"},{"assertionResults":[{"ancestorTitles":["Transcript persistence"],"fullName":"Transcript persistence appends transcript entries to call transcript array","status":"passed","title":"appends transcript entries to call transcript array","duration":1.9855000000000018,"failureMessages":[],"meta":{}},{"ancestorTitles":["Transcript persistence"],"fullName":"Transcript persistence transcript persists through reconnect count increment","status":"passed","title":"transcript persists through reconnect count increment","duration":0.38380000000006476,"failureMessages":[],"meta":{}},{"ancestorTitles":["Call duration tracking"],"fullName":"Call duration tracking calculates elapsed minutes correctly","status":"passed","title":"calculates elapsed minutes correctly","duration":0.36190000000010514,"failureMessages":[],"meta":{}},{"ancestorTitles":["Call duration tracking"],"fullName":"Call duration tracking reports 0 minutes for just-started call","status":"passed","title":"reports 0 minutes for just-started call","duration":0.2775000000001455,"failureMessages":[],"meta":{}},{"ancestorTitles":["shouldWrapUp"],"fullName":"shouldWrapUp returns false when call is young","status":"passed","title":"returns false when call is young","duration":0.25490000000013424,"failureMessages":[],"meta":{}},{"ancestorTitles":["shouldWrapUp"],"fullName":"shouldWrapUp returns true when within buffer of max","status":"passed","title":"returns true when within buffer of max","duration":0.19519999999988613,"failureMessages":[],"meta":{}},{"ancestorTitles":["shouldWrapUp"],"fullName":"shouldWrapUp returns true when at exactly max minus buffer","status":"passed","title":"returns true when at exactly max minus buffer","duration":0.19299999999998363,"failureMessages":[],"meta":{}},{"ancestorTitles":["isCallExpired"],"fullName":"isCallExpired returns false for active call within limit","status":"passed","title":"returns false for active call within limit","duration":0.18059999999991305,"failureMessages":[],"meta":{}},{"ancestorTitles":["isCallExpired"],"fullName":"isCallExpired returns true when max duration exceeded","status":"passed","title":"returns true when max duration exceeded","duration":0.15429999999992106,"failureMessages":[],"meta":{}},{"ancestorTitles":["isCallExpired"],"fullName":"isCallExpired returns true at exactly max duration","status":"passed","title":"returns true at exactly max duration","duration":0.1834999999998672,"failureMessages":[],"meta":{}},{"ancestorTitles":["shouldProactiveReconnect"],"fullName":"shouldProactiveReconnect returns false before 45 minutes","status":"passed","title":"returns false before 45 minutes","duration":0.1817999999998392,"failureMessages":[],"meta":{}},{"ancestorTitles":["shouldProactiveReconnect"],"fullName":"shouldProactiveReconnect returns true at 45 minutes","status":"passed","title":"returns true at 45 minutes","duration":0.14989999999988868,"failureMessages":[],"meta":{}},{"ancestorTitles":["shouldProactiveReconnect"],"fullName":"shouldProactiveReconnect returns true after 45 minutes","status":"passed","title":"returns true after 45 minutes","duration":0.10210000000006403,"failureMessages":[],"meta":{}},{"ancestorTitles":["Reconnect counter"],"fullName":"Reconnect counter increments reconnectCount on each reconnection","status":"passed","title":"increments reconnectCount on each reconnection","duration":0.15440000000012333,"failureMessages":[],"meta":{}},{"ancestorTitles":["Duration constants"],"fullName":"Duration constants proactive reconnect is at 45 minutes","status":"passed","title":"proactive reconnect is at 45 minutes","duration":0.0887000000000171,"failureMessages":[],"meta":{}},{"ancestorTitles":["Duration constants"],"fullName":"Duration constants wrapup buffer is 3 minutes","status":"passed","title":"wrapup buffer is 3 minutes","duration":0.11290000000008149,"failureMessages":[],"meta":{}}],"startTime":1787235562038,"endTime":1787235562043.1543,"status":"passed","message":"","name":"C:/Users/staff/src/tenant-ai/apps/server/src/__tests__/reconnection.test.ts"},{"assertionResults":[{"ancestorTitles":["postRentCharges"],"fullName":"postRentCharges creates RentCharge for active leases with matching rentDueDay","status":"passed","title":"creates RentCharge for active leases with matching rentDueDay","duration":110.7219,"failureMessages":[],"meta":{}},{"ancestorTitles":["postRentCharges"],"fullName":"postRentCharges creates charge for month-to-month leases","status":"passed","title":"creates charge for month-to-month leases","duration":2.5508000000002085,"failureMessages":[],"meta":{}},{"ancestorTitles":["postRentCharges"],"fullName":"postRentCharges does NOT create charge for terminated leases","status":"passed","title":"does NOT create charge for terminated leases","duration":2.832400000000007,"failureMessages":[],"meta":{}},{"ancestorTitles":["postRentCharges"],"fullName":"postRentCharges is idempotent — running twice does not create duplicate charges","status":"passed","title":"is idempotent — running twice does not create duplicate charges","duration":50.6862000000001,"failureMessages":[],"meta":{}},{"ancestorTitles":["postRentCharges"],"fullName":"postRentCharges does NOT create charge when rentDueDay does not match","status":"passed","title":"does NOT create charge when rentDueDay does not match","duration":1.1029000000000906,"failureMessages":[],"meta":{}},{"ancestorTitles":["postRentCharges"],"fullName":"postRentCharges sets correct dueDate based on rentDueDay","status":"passed","title":"sets correct dueDate based on rentDueDay","duration":1.2652000000000498,"failureMessages":[],"meta":{}},{"ancestorTitles":["postRentCharges"],"fullName":"postRentCharges includes description with month and year","status":"passed","title":"includes description with month and year","duration":1.6340999999999894,"failureMessages":[],"meta":{}},{"ancestorTitles":["applyPaymentToCharges"],"fullName":"applyPaymentToCharges applies full payment to oldest charge first","status":"passed","title":"applies full payment to oldest charge first","duration":6.353599999999915,"failureMessages":[],"meta":{}},{"ancestorTitles":["applyPaymentToCharges"],"fullName":"applyPaymentToCharges handles partial payment correctly","status":"passed","title":"handles partial payment correctly","duration":3.8952999999999065,"failureMessages":[],"meta":{}},{"ancestorTitles":["applyPaymentToCharges"],"fullName":"applyPaymentToCharges pays remaining on partial charge then moves to next","status":"passed","title":"pays remaining on partial charge then moves to next","duration":6.25240000000008,"failureMessages":[],"meta":{}},{"ancestorTitles":["applyPaymentToCharges"],"fullName":"applyPaymentToCharges returns empty array when no outstanding charges","status":"passed","title":"returns empty array when no outstanding charges","duration":1.3015000000000327,"failureMessages":[],"meta":{}},{"ancestorTitles":["getLeaseBalance"],"fullName":"getLeaseBalance calculates balance from unpaid and partial charges","status":"passed","title":"calculates balance from unpaid and partial charges","duration":3.3355000000001382,"failureMessages":[],"meta":{}},{"ancestorTitles":["getLeaseBalance"],"fullName":"getLeaseBalance returns 0 when all charges are paid","status":"passed","title":"returns 0 when all charges are paid","duration":5.551199999999881,"failureMessages":[],"meta":{}}],"startTime":1787235552986,"endTime":1787235553214.5513,"status":"passed","message":"","name":"C:/Users/staff/src/tenant-ai/apps/server/src/__tests__/rent-charges.test.ts"},{"assertionResults":[{"ancestorTitles":["Redis connection"],"fullName":"Redis connection connects successfully (ping → PONG)","status":"passed","title":"connects successfully (ping → PONG)","duration":0.9679999999998472,"failureMessages":[],"meta":{}},{"ancestorTitles":["BullMQ scheduler"],"fullName":"BullMQ scheduler creates queue for registered job","status":"passed","title":"creates queue for registered job","duration":0.22050000000012915,"failureMessages":[],"meta":{}},{"ancestorTitles":["BullMQ scheduler"],"fullName":"BullMQ scheduler registers job names correctly","status":"passed","title":"registers job names correctly","duration":0.14039999999999964,"failureMessages":[],"meta":{}},{"ancestorTitles":["BullMQ scheduler"],"fullName":"BullMQ scheduler prevents duplicate registration","status":"passed","title":"prevents duplicate registration","duration":0.12469999999984793,"failureMessages":[],"meta":{}},{"ancestorTitles":["BullMQ scheduler"],"fullName":"BullMQ scheduler worker processes a job and handler executes","status":"passed","title":"worker processes a job and handler executes","duration":0.15239999999994325,"failureMessages":[],"meta":{}},{"ancestorTitles":["BullMQ scheduler"],"fullName":"BullMQ scheduler tracks lastRunAt after successful job","status":"passed","title":"tracks lastRunAt after successful job","duration":0.12820000000010623,"failureMessages":[],"meta":{}},{"ancestorTitles":["BullMQ scheduler"],"fullName":"BullMQ scheduler tracks lastError after failed job","status":"passed","title":"tracks lastError after failed job","duration":0.12200000000007094,"failureMessages":[],"meta":{}},{"ancestorTitles":["BullMQ scheduler"],"fullName":"BullMQ scheduler retries failed jobs with exponential backoff","status":"passed","title":"retries failed jobs with exponential backoff","duration":0.14640000000008513,"failureMessages":[],"meta":{}},{"ancestorTitles":["BullMQ scheduler"],"fullName":"BullMQ scheduler moves job to failed after max retries exceeded","status":"passed","title":"moves job to failed after max retries exceeded","duration":0.14099999999984902,"failureMessages":[],"meta":{}},{"ancestorTitles":["BullMQ scheduler"],"fullName":"BullMQ scheduler prevents duplicate jobs with same jobId","status":"passed","title":"prevents duplicate jobs with same jobId","duration":0.20480000000020482,"failureMessages":[],"meta":{}},{"ancestorTitles":["BullMQ scheduler"],"fullName":"BullMQ scheduler addJob throws for unregistered job name","status":"passed","title":"addJob throws for unregistered job name","duration":0.08719999999993888,"failureMessages":[],"meta":{}},{"ancestorTitles":["BullMQ scheduler"],"fullName":"BullMQ scheduler schedules recurring job with cron pattern","status":"passed","title":"schedules recurring job with cron pattern","duration":0.10760000000004766,"failureMessages":[],"meta":{}},{"ancestorTitles":["BullMQ scheduler"],"fullName":"BullMQ scheduler graceful shutdown closes all workers and queues","status":"passed","title":"graceful shutdown closes all workers and queues","duration":0.08969999999999345,"failureMessages":[],"meta":{}},{"ancestorTitles":["BullMQ scheduler"],"fullName":"BullMQ scheduler health endpoint format: lastJobRuns has correct shape","status":"passed","title":"health endpoint format: lastJobRuns has correct shape","duration":0.09320000000002437,"failureMessages":[],"meta":{}}],"startTime":1787235556497,"endTime":1787235556501.0933,"status":"passed","message":"","name":"C:/Users/staff/src/tenant-ai/apps/server/src/__tests__/scheduler.test.ts"},{"assertionResults":[{"ancestorTitles":["Security headers via @fastify/helmet"],"fullName":"Security headers via @fastify/helmet returns X-Content-Type-Options header","status":"passed","title":"returns X-Content-Type-Options header","duration":48.280000000000086,"failureMessages":[],"meta":{}},{"ancestorTitles":["Security headers via @fastify/helmet"],"fullName":"Security headers via @fastify/helmet returns X-Frame-Options header","status":"passed","title":"returns X-Frame-Options header","duration":1.451400000000035,"failureMessages":[],"meta":{}},{"ancestorTitles":["Security headers via @fastify/helmet"],"fullName":"Security headers via @fastify/helmet returns X-DNS-Prefetch-Control header","status":"passed","title":"returns X-DNS-Prefetch-Control header","duration":1.3614000000000033,"failureMessages":[],"meta":{}},{"ancestorTitles":["Security headers via @fastify/helmet"],"fullName":"Security headers via @fastify/helmet returns X-Download-Options header","status":"passed","title":"returns X-Download-Options header","duration":1.4102000000000317,"failureMessages":[],"meta":{}},{"ancestorTitles":["Security headers via @fastify/helmet"],"fullName":"Security headers via @fastify/helmet does NOT set Content-Security-Policy (disabled for frontend)","status":"passed","title":"does NOT set Content-Security-Policy (disabled for frontend)","duration":0.8569999999999709,"failureMessages":[],"meta":{}},{"ancestorTitles":["Security headers via @fastify/helmet"],"fullName":"Security headers via @fastify/helmet does NOT set Cross-Origin-Embedder-Policy (disabled for Twilio)","status":"passed","title":"does NOT set Cross-Origin-Embedder-Policy (disabled for Twilio)","duration":2.872100000000046,"failureMessages":[],"meta":{}}],"startTime":1787235566334,"endTime":1787235566390.872,"status":"passed","message":"","name":"C:/Users/staff/src/tenant-ai/apps/server/src/__tests__/security-headers.test.ts"},{"assertionResults":[{"ancestorTitles":["Twilio signature validation"],"fullName":"Twilio signature validation accepts request with valid X-Twilio-Signature","status":"passed","title":"accepts request with valid X-Twilio-Signature","duration":33.7197000000001,"failureMessages":[],"meta":{}},{"ancestorTitles":["Twilio signature validation"],"fullName":"Twilio signature validation rejects request with invalid X-Twilio-Signature → 403","status":"passed","title":"rejects request with invalid X-Twilio-Signature → 403","duration":1.526600000000144,"failureMessages":[],"meta":{}},{"ancestorTitles":["Twilio signature validation"],"fullName":"Twilio signature validation rejects request with missing X-Twilio-Signature → 403","status":"passed","title":"rejects request with missing X-Twilio-Signature → 403","duration":1.1010000000001128,"failureMessages":[],"meta":{}},{"ancestorTitles":["Twilio signature validation"],"fullName":"Twilio signature validation does not validate non-webhook routes (e.g., /health)","status":"passed","title":"does not validate non-webhook routes (e.g., /health)","duration":0.5976000000000568,"failureMessages":[],"meta":{}},{"ancestorTitles":["Stripe webhook signature validation"],"fullName":"Stripe webhook signature validation accepts valid stripe-signature","status":"passed","title":"accepts valid stripe-signature","duration":0.9305999999996857,"failureMessages":[],"meta":{}},{"ancestorTitles":["Stripe webhook signature validation"],"fullName":"Stripe webhook signature validation rejects tampered payload → throws","status":"passed","title":"rejects tampered payload → throws","duration":1.0976000000000568,"failureMessages":[],"meta":{}},{"ancestorTitles":["Stripe webhook signature validation"],"fullName":"Stripe webhook signature validation rejects invalid signature → throws","status":"passed","title":"rejects invalid signature → throws","duration":0.25900000000001455,"failureMessages":[],"meta":{}},{"ancestorTitles":["Stripe webhook signature validation"],"fullName":"Stripe webhook signature validation rejects with wrong webhook secret → throws","status":"passed","title":"rejects with wrong webhook secret → throws","duration":0.3326999999999316,"failureMessages":[],"meta":{}},{"ancestorTitles":["CSRF protection"],"fullName":"CSRF protection GET request succeeds without CSRF token","status":"passed","title":"GET request succeeds without CSRF token","duration":1.107600000000275,"failureMessages":[],"meta":{}},{"ancestorTitles":["CSRF protection"],"fullName":"CSRF protection sets __csrf cookie with SameSite=Strict on response","status":"passed","title":"sets __csrf cookie with SameSite=Strict on response","duration":0.5946999999996478,"failureMessages":[],"meta":{}},{"ancestorTitles":["CSRF protection"],"fullName":"CSRF protection POST without CSRF token → 403","status":"passed","title":"POST without CSRF token → 403","duration":1.7433999999998377,"failureMessages":[],"meta":{}},{"ancestorTitles":["CSRF protection"],"fullName":"CSRF protection PUT without CSRF token → 403","status":"passed","title":"PUT without CSRF token → 403","duration":1.072099999999864,"failureMessages":[],"meta":{}},{"ancestorTitles":["CSRF protection"],"fullName":"CSRF protection DELETE without CSRF token → 403","status":"passed","title":"DELETE without CSRF token → 403","duration":0.7098000000000866,"failureMessages":[],"meta":{}},{"ancestorTitles":["CSRF protection"],"fullName":"CSRF protection POST with valid CSRF token → succeeds","status":"passed","title":"POST with valid CSRF token → succeeds","duration":1.2166999999999462,"failureMessages":[],"meta":{}},{"ancestorTitles":["CSRF protection"],"fullName":"CSRF protection POST with mismatched CSRF token → 403","status":"passed","title":"POST with mismatched CSRF token → 403","duration":0.4679999999998472,"failureMessages":[],"meta":{}},{"ancestorTitles":["CSRF protection"],"fullName":"CSRF protection excluded prefix (webhook) bypasses CSRF check","status":"passed","title":"excluded prefix (webhook) bypasses CSRF check","duration":0.6243999999996959,"failureMessages":[],"meta":{}},{"ancestorTitles":["CSRF protection"],"fullName":"CSRF protection generateCsrfToken returns a hex string of correct length","status":"passed","title":"generateCsrfToken returns a hex string of correct length","duration":0.20959999999968204,"failureMessages":[],"meta":{}},{"ancestorTitles":["Rate limiting"],"fullName":"Rate limiting returns rate limit headers on response","status":"passed","title":"returns rate limit headers on response","duration":1.1636999999996078,"failureMessages":[],"meta":{}},{"ancestorTitles":["Rate limiting"],"fullName":"Rate limiting voice webhook: 11th request → 429","status":"passed","title":"voice webhook: 11th request → 429","duration":5.018900000000031,"failureMessages":[],"meta":{}},{"ancestorTitles":["Rate limiting"],"fullName":"Rate limiting SMS webhook: requests within limit succeed","status":"passed","title":"SMS webhook: requests within limit succeed","duration":100.92990000000009,"failureMessages":[],"meta":{}},{"ancestorTitles":["Rate limiting"],"fullName":"Rate limiting API rate limit header shows correct limit value","status":"passed","title":"API rate limit header shows correct limit value","duration":0.35629999999991924,"failureMessages":[],"meta":{}}],"startTime":1787235556218,"endTime":1787235556380.3562,"status":"passed","message":"","name":"C:/Users/staff/src/tenant-ai/apps/server/src/__tests__/security.test.ts"},{"assertionResults":[{"ancestorTitles":["Job definitions"],"fullName":"Job definitions billing-cycle job has correct shape","status":"passed","title":"billing-cycle job has correct shape","duration":2.1154999999998836,"failureMessages":[],"meta":{}},{"ancestorTitles":["Job definitions"],"fullName":"Job definitions rent-posting job has correct shape","status":"passed","title":"rent-posting job has correct shape","duration":0.30979999999999563,"failureMessages":[],"meta":{}},{"ancestorTitles":["Job definitions"],"fullName":"Job definitions late-fee job has correct shape","status":"passed","title":"late-fee job has correct shape","duration":0.22249999999985448,"failureMessages":[],"meta":{}},{"ancestorTitles":["Job definitions"],"fullName":"Job definitions deposit-reminders job has correct shape","status":"passed","title":"deposit-reminders job has correct shape","duration":0.2118000000000393,"failureMessages":[],"meta":{}},{"ancestorTitles":["Job definitions"],"fullName":"Job definitions lease-expiration job has correct shape","status":"passed","title":"lease-expiration job has correct shape","duration":0.20069999999986976,"failureMessages":[],"meta":{}},{"ancestorTitles":["Job definitions"],"fullName":"Job definitions sms-cleanup job has correct shape","status":"passed","title":"sms-cleanup job has correct shape","duration":0.17250000000012733,"failureMessages":[],"meta":{}},{"ancestorTitles":["Server index.ts wiring"],"fullName":"Server index.ts wiring index.ts file imports all required modules","status":"passed","title":"index.ts file imports all required modules","duration":24.115000000000236,"failureMessages":[],"meta":{}},{"ancestorTitles":["Server index.ts wiring"],"fullName":"Server index.ts wiring does NOT register voiceFallbackRoute separately","status":"passed","title":"does NOT register voiceFallbackRoute separately","duration":0.5189000000000306,"failureMessages":[],"meta":{}}],"startTime":1787235565580,"endTime":1787235565608.5188,"status":"passed","message":"","name":"C:/Users/staff/src/tenant-ai/apps/server/src/__tests__/server-startup.test.ts"},{"assertionResults":[{"ancestorTitles":["SMS opt-out (STOP/START)"],"fullName":"SMS opt-out (STOP/START) creates opt-out record on STOP","status":"passed","title":"creates opt-out record on STOP","duration":6.675000000000182,"failureMessages":[],"meta":{}},{"ancestorTitles":["SMS opt-out (STOP/START)"],"fullName":"SMS opt-out (STOP/START) opted-out check returns true for opted-out phone","status":"passed","title":"opted-out check returns true for opted-out phone","duration":1.4956999999999425,"failureMessages":[],"meta":{}},{"ancestorTitles":["SMS opt-out (STOP/START)"],"fullName":"SMS opt-out (STOP/START) deletes opt-out record on START","status":"passed","title":"deletes opt-out record on START","duration":2.687800000000152,"failureMessages":[],"meta":{}},{"ancestorTitles":["SMS opt-out (STOP/START)"],"fullName":"SMS opt-out (STOP/START) opt-out is scoped to property (not global)","status":"passed","title":"opt-out is scoped to property (not global)","duration":35.22310000000016,"failureMessages":[],"meta":{}},{"ancestorTitles":["SMS conversation state"],"fullName":"SMS conversation state creates SMS conversation with expiry","status":"passed","title":"creates SMS conversation with expiry","duration":4.943400000000111,"failureMessages":[],"meta":{}},{"ancestorTitles":["SMS conversation state"],"fullName":"SMS conversation state finds conversation by phone + property","status":"passed","title":"finds conversation by phone + property","duration":1.9692999999997483,"failureMessages":[],"meta":{}},{"ancestorTitles":["SMS conversation state"],"fullName":"SMS conversation state updates messages JSON array","status":"passed","title":"updates messages JSON array","duration":5.089800000000196,"failureMessages":[],"meta":{}},{"ancestorTitles":["SMS conversation state"],"fullName":"SMS conversation state resets expiry on activity","status":"passed","title":"resets expiry on activity","duration":4.40079999999989,"failureMessages":[],"meta":{}},{"ancestorTitles":["SMS conversation cleanup"],"fullName":"SMS conversation cleanup deletes expired conversations","status":"passed","title":"deletes expired conversations","duration":98.18040000000019,"failureMessages":[],"meta":{}},{"ancestorTitles":["SMS conversation cleanup"],"fullName":"SMS conversation cleanup does NOT delete active conversations","status":"passed","title":"does NOT delete active conversations","duration":41.352800000000116,"failureMessages":[],"meta":{}},{"ancestorTitles":["splitSmsResponse"],"fullName":"splitSmsResponse returns single segment for short messages","status":"passed","title":"returns single segment for short messages","duration":1.403400000000147,"failureMessages":[],"meta":{}},{"ancestorTitles":["splitSmsResponse"],"fullName":"splitSmsResponse returns single segment for message at max chars","status":"passed","title":"returns single segment for message at max chars","duration":0.9374000000002525,"failureMessages":[],"meta":{}},{"ancestorTitles":["splitSmsResponse"],"fullName":"splitSmsResponse splits long message at sentence boundary","status":"passed","title":"splits long message at sentence boundary","duration":4.192400000000362,"failureMessages":[],"meta":{}},{"ancestorTitles":["splitSmsResponse"],"fullName":"splitSmsResponse each segment is within max chars","status":"passed","title":"each segment is within max chars","duration":1.2510999999999513,"failureMessages":[],"meta":{}},{"ancestorTitles":["splitSmsResponse"],"fullName":"splitSmsResponse splits at space if no sentence boundary","status":"passed","title":"splits at space if no sentence boundary","duration":1.443199999999706,"failureMessages":[],"meta":{}},{"ancestorTitles":["Keyword detection"],"fullName":"Keyword detection STOP keywords are case-insensitive","status":"passed","title":"STOP keywords are case-insensitive","duration":0.5588999999999942,"failureMessages":[],"meta":{}},{"ancestorTitles":["Keyword detection"],"fullName":"Keyword detection START keywords are case-insensitive","status":"passed","title":"START keywords are case-insensitive","duration":0.31140000000004875,"failureMessages":[],"meta":{}},{"ancestorTitles":["Keyword detection"],"fullName":"Keyword detection HELP keyword recognized","status":"passed","title":"HELP keyword recognized","duration":0.14439999999967768,"failureMessages":[],"meta":{}},{"ancestorTitles":["Keyword detection"],"fullName":"Keyword detection normal message is not a keyword","status":"passed","title":"normal message is not a keyword","duration":0.13779999999997017,"failureMessages":[],"meta":{}},{"ancestorTitles":["SMS TwiML response"],"fullName":"SMS TwiML response escapes XML special characters","status":"passed","title":"escapes XML special characters","duration":0.16859999999996944,"failureMessages":[],"meta":{}},{"ancestorTitles":["SMS tool call feedback loop"],"fullName":"SMS tool call feedback loop FunctionCall interface includes id field for tool_call_id","status":"passed","title":"FunctionCall interface includes id field for tool_call_id","duration":0.139299999999821,"failureMessages":[],"meta":{}},{"ancestorTitles":["SMS tool call feedback loop"],"fullName":"SMS tool call feedback loop ChatMessage supports tool role with tool_call_id","status":"passed","title":"ChatMessage supports tool role with tool_call_id","duration":0.26119999999991705,"failureMessages":[],"meta":{}},{"ancestorTitles":["SMS tool call feedback loop"],"fullName":"SMS tool call feedback loop tool result contains validation error from saveApplicationField","status":"passed","title":"tool result contains validation error from saveApplicationField","duration":0.2640000000001237,"failureMessages":[],"meta":{}},{"ancestorTitles":["findOrCreateApplication duplicate detection"],"fullName":"findOrCreateApplication duplicate detection returns hasDuplicate: true when completed app exists within 30 days","status":"passed","title":"returns hasDuplicate: true when completed app exists within 30 days","duration":25.69250000000011,"failureMessages":[],"meta":{}},{"ancestorTitles":["findOrCreateApplication duplicate detection"],"fullName":"findOrCreateApplication duplicate detection returns hasDuplicate: false when no completed app exists","status":"passed","title":"returns hasDuplicate: false when no completed app exists","duration":15.299200000000383,"failureMessages":[],"meta":{}},{"ancestorTitles":["completeApplication required fields validation"],"fullName":"completeApplication required fields validation rejects completion when required fields are missing","status":"passed","title":"rejects completion when required fields are missing","duration":26.771999999999935,"failureMessages":[],"meta":{}},{"ancestorTitles":["completeApplication required fields validation"],"fullName":"completeApplication required fields validation allows completion when all required fields are filled","status":"passed","title":"allows completion when all required fields are filled","duration":28.676800000000185,"failureMessages":[],"meta":{}},{"ancestorTitles":["SMS message length validation"],"fullName":"SMS message length validation rejects messages over 1600 characters","status":"passed","title":"rejects messages over 1600 characters","duration":1.967200000000048,"failureMessages":[],"meta":{}},{"ancestorTitles":["SMS and voice route rate limit wiring"],"fullName":"SMS and voice route rate limit wiring twilio-sms.ts imports and applies smsRateLimitConfig","status":"passed","title":"twilio-sms.ts imports and applies smsRateLimitConfig","duration":26.9375,"failureMessages":[],"meta":{}},{"ancestorTitles":["SMS and voice route rate limit wiring"],"fullName":"SMS and voice route rate limit wiring twilio-voice.ts imports and applies voiceRateLimitConfig","status":"passed","title":"twilio-voice.ts imports and applies voiceRateLimitConfig","duration":1.1650999999997111,"failureMessages":[],"meta":{}},{"ancestorTitles":["OpenAI Chat API timeout"],"fullName":"OpenAI Chat API timeout openai-chat.ts includes AbortSignal.timeout in fetch call","status":"passed","title":"openai-chat.ts includes AbortSignal.timeout in fetch call","duration":0.3405000000002474,"failureMessages":[],"meta":{}},{"ancestorTitles":["redactTranscriptPII"],"fullName":"redactTranscriptPII redacts SSN with dashes (123-45-6789)","status":"passed","title":"redacts SSN with dashes (123-45-6789)","duration":0.3058000000000902,"failureMessages":[],"meta":{}},{"ancestorTitles":["redactTranscriptPII"],"fullName":"redactTranscriptPII redacts SSN with spaces (123 45 6789)","status":"passed","title":"redacts SSN with spaces (123 45 6789)","duration":0.15099999999983993,"failureMessages":[],"meta":{}},{"ancestorTitles":["redactTranscriptPII"],"fullName":"redactTranscriptPII redacts SSN without separators (123456789)","status":"passed","title":"redacts SSN without separators (123456789)","duration":0.11859999999978754,"failureMessages":[],"meta":{}},{"ancestorTitles":["redactTranscriptPII"],"fullName":"redactTranscriptPII preserves non-SSN content unchanged","status":"passed","title":"preserves non-SSN content unchanged","duration":0.12219999999979336,"failureMessages":[],"meta":{}},{"ancestorTitles":["redactTranscriptPII"],"fullName":"redactTranscriptPII handles multiple SSNs in one entry","status":"passed","title":"handles multiple SSNs in one entry","duration":0.1534999999998945,"failureMessages":[],"meta":{}},{"ancestorTitles":["redactTranscriptPII"],"fullName":"redactTranscriptPII preserves timestamp and role","status":"passed","title":"preserves timestamp and role","duration":0.10890000000017608,"failureMessages":[],"meta":{}},{"ancestorTitles":["Reconnect cap"],"fullName":"Reconnect cap MAX_RECONNECTS is exported and set to 5","status":"passed","title":"MAX_RECONNECTS is exported and set to 5","duration":0.09729999999990468,"failureMessages":[],"meta":{}}],"startTime":1787235553466,"endTime":1787235553811.1536,"status":"passed","message":"","name":"C:/Users/staff/src/tenant-ai/apps/server/src/__tests__/sms-flow.test.ts"},{"assertionResults":[{"ancestorTitles":["messages-relay escaping"],"fullName":"messages-relay escaping escapes quotes and backslashes","status":"passed","title":"escapes quotes and backslashes","duration":6.9056000000000495,"failureMessages":[],"meta":{}},{"ancestorTitles":["messages-relay escaping"],"fullName":"messages-relay escaping joins newlines with linefeed expressions","status":"passed","title":"joins newlines with linefeed expressions","duration":1.3131999999998243,"failureMessages":[],"meta":{}},{"ancestorTitles":["messages-relay escaping"],"fullName":"messages-relay escaping classifies TCC errors","status":"passed","title":"classifies TCC errors","duration":1.366700000000037,"failureMessages":[],"meta":{}},{"ancestorTitles":["sanitizeForSms"],"fullName":"sanitizeForSms collapses newlines and control chars so structure can't be forged","status":"passed","title":"collapses newlines and control chars so structure can't be forged","duration":1.4954999999999927,"failureMessages":[],"meta":{}},{"ancestorTitles":["sanitizeForSms"],"fullName":"sanitizeForSms caps length","status":"passed","title":"caps length","duration":1.9039000000000215,"failureMessages":[],"meta":{}},{"ancestorTitles":["rewriteForRelay"],"fullName":"rewriteForRelay prefixes identity and repoints STOP at the Telnyx number","status":"passed","title":"prefixes identity and repoints STOP at the Telnyx number","duration":1.6570999999999003,"failureMessages":[],"meta":{}},{"ancestorTitles":["rewriteForRelay"],"fullName":"rewriteForRelay prettyPhone formats E.164","status":"passed","title":"prettyPhone formats E.164","duration":1.2150000000001455,"failureMessages":[],"meta":{}},{"ancestorTitles":["relaySendWithGuards"],"fullName":"relaySendWithGuards sends and records a sent ledger row","status":"passed","title":"sends and records a sent ledger row","duration":153.6840000000002,"failureMessages":[],"meta":{}},{"ancestorTitles":["relaySendWithGuards"],"fullName":"relaySendWithGuards rejects non-E.164 recipients without a ledger row","status":"passed","title":"rejects non-E.164 recipients without a ledger row","duration":9.899699999999939,"failureMessages":[],"meta":{}},{"ancestorTitles":["relaySendWithGuards"],"fullName":"relaySendWithGuards suppresses a second link within the cooldown window","status":"passed","title":"suppresses a second link within the cooldown window","duration":20.591599999999744,"failureMessages":[],"meta":{}},{"ancestorTitles":["relaySendWithGuards"],"fullName":"relaySendWithGuards cooldown does not apply to forwards","status":"passed","title":"cooldown does not apply to forwards","duration":20.193699999999808,"failureMessages":[],"meta":{}},{"ancestorTitles":["relaySendWithGuards"],"fullName":"relaySendWithGuards skips sends to opted-out phones but not confirmations","status":"passed","title":"skips sends to opted-out phones but not confirmations","duration":14.893399999999929,"failureMessages":[],"meta":{}},{"ancestorTitles":["relaySendWithGuards"],"fullName":"relaySendWithGuards defers instead of dropping when the hourly cap is hit","status":"passed","title":"defers instead of dropping when the hourly cap is hit","duration":16.50859999999966,"failureMessages":[],"meta":{}},{"ancestorTitles":["relaySendWithGuards"],"fullName":"relaySendWithGuards records failures with TCC classification","status":"passed","title":"records failures with TCC classification","duration":13.683300000000145,"failureMessages":[],"meta":{}},{"ancestorTitles":["relay transport unavailable on this platform"],"fullName":"relay transport unavailable on this platform parks the ledger row as deferred with a platform reason and never calls osascript","status":"passed","title":"parks the ledger row as deferred with a platform reason and never calls osascript","duration":19.035100000000057,"failureMessages":[],"meta":{}},{"ancestorTitles":["relay transport unavailable on this platform"],"fullName":"relay transport unavailable on this platform the sweep does not try to drain deferred rows or send a heartbeat","status":"passed","title":"the sweep does not try to drain deferred rows or send a heartbeat","duration":30.96329999999989,"failureMessages":[],"meta":{}},{"ancestorTitles":["relay transport unavailable on this platform"],"fullName":"relay transport unavailable on this platform processTelnyxInbound falls back to the Telnyx API when the relay has no transport","status":"passed","title":"processTelnyxInbound falls back to the Telnyx API when the relay has no transport","duration":3.003700000000208,"failureMessages":[],"meta":{}},{"ancestorTitles":["relay transport unavailable on this platform"],"fullName":"relay transport unavailable on this platform processTelnyxInbound uses the relay when a transport is available","status":"passed","title":"processTelnyxInbound uses the relay when a transport is available","duration":28.605499999999665,"failureMessages":[],"meta":{}},{"ancestorTitles":["webhook dedupe and per-phone serialization"],"fullName":"webhook dedupe and per-phone serialization recordWebhookEvent returns true once, false on replay","status":"passed","title":"recordWebhookEvent returns true once, false on replay","duration":37.876000000000204,"failureMessages":[],"meta":{}},{"ancestorTitles":["webhook dedupe and per-phone serialization"],"fullName":"webhook dedupe and per-phone serialization serializedByPhone runs same-phone work sequentially","status":"passed","title":"serializedByPhone runs same-phone work sequentially","duration":80.34450000000015,"failureMessages":[],"meta":{}},{"ancestorTitles":["survey routes"],"fullName":"survey routes GET renders the form with all 11 questions for a valid token","status":"passed","title":"GET renders the form with all 11 questions for a valid token","duration":356.1767,"failureMessages":[],"meta":{}},{"ancestorTitles":["survey routes"],"fullName":"survey routes GET 404s unknown tokens and 410s used/expired ones","status":"passed","title":"GET 404s unknown tokens and 410s used/expired ones","duration":40.4353000000001,"failureMessages":[],"meta":{}},{"ancestorTitles":["survey routes"],"fullName":"survey routes POST creates a completed application with encrypted DOB and authoritative phone","status":"passed","title":"POST creates a completed application with encrypted DOB and authoritative phone","durat
[...]
e","duration":0.41849999999999454,"failureMessages":[],"meta":{}},{"ancestorTitles":["sendSms","with credentials"],"fullName":"sendSms with credentials returns error when fetch throws (network failure)","status":"passed","title":"returns error when fetch throws (network failure)","duration":0.5336999999999534,"failureMessages":[],"meta":{}}],"startTime":1787235562854,"endTime":1787235562861.5337,"status":"passed","message":"","name":"C:/Users/staff/src/tenant-ai/packages/shared/src/__tests__/sms.test.ts"},{"assertionResults":[{"ancestorTitles":["MIME type validation"],"fullName":"MIME type validation allows image/jpeg","status":"passed","title":"allows image/jpeg","duration":1.1295999999999822,"failureMessages":[],"meta":{}},{"ancestorTitles":["MIME type validation"],"fullName":"MIME type validation allows image/png","status":"passed","title":"allows image/png","duration":0.1613999999999578,"failureMessages":[],"meta":{}},{"ancestorTitles":["MIME type validation"],"fullName":"MIME type validation allows image/webp","status":"passed","title":"allows image/webp","duration":0.1449000000000069,"failureMessages":[],"meta":{}},{"ancestorTitles":["MIME type validation"],"fullName":"MIME type validation allows application/pdf","status":"passed","title":"allows application/pdf","duration":0.13830000000007203,"failureMessages":[],"meta":{}},{"ancestorTitles":["MIME type validation"],"fullName":"MIME type validation rejects image/gif","status":"passed","title":"rejects image/gif","duration":0.17680000000007112,"failureMessages":[],"meta":{}},{"ancestorTitles":["MIME type validation"],"fullName":"MIME type validation rejects text/html","status":"passed","title":"rejects text/html","duration":0.15049999999996544,"failureMessages":[],"meta":{}},{"ancestorTitles":["MIME type validation"],"fullName":"MIME type validation rejects application/javascript","status":"passed","title":"rejects application/javascript","duration":0.13580000000001746,"failureMessages":[],"meta":{}},{"ancestorTitles":["MIME type validation"],"fullName":"MIME type validation getMimeCategory returns correct category for images","status":"passed","title":"getMimeCategory returns correct category for images","duration":0.24579999999991742,"failureMessages":[],"meta":{}},{"ancestorTitles":["MIME type validation"],"fullName":"MIME type validation getMimeCategory returns correct category for documents","status":"passed","title":"getMimeCategory returns correct category for documents","duration":0.1568000000000893,"failureMessages":[],"meta":{}},{"ancestorTitles":["MIME type validation"],"fullName":"MIME type validation getMimeCategory returns null for unknown type","status":"passed","title":"getMimeCategory returns null for unknown type","duration":0.1837999999999056,"failureMessages":[],"meta":{}},{"ancestorTitles":["MIME type validation"],"fullName":"MIME type validation getMaxFileSize returns 10MB for images","status":"passed","title":"getMaxFileSize returns 10MB for images","duration":0.12000000000000455,"failureMessages":[],"meta":{}},{"ancestorTitles":["MIME type validation"],"fullName":"MIME type validation getMaxFileSize returns 25MB for documents","status":"passed","title":"getMaxFileSize returns 25MB for documents","duration":0.0786999999999125,"failureMessages":[],"meta":{}},{"ancestorTitles":["MIME type validation"],"fullName":"MIME type validation getMaxFileSize returns 0 for unknown type","status":"passed","title":"getMaxFileSize returns 0 for unknown type","duration":0.07839999999998781,"failureMessages":[],"meta":{}},{"ancestorTitles":["validateMimeType"],"fullName":"validateMimeType returns valid for allowed type","status":"passed","title":"returns valid for allowed type","duration":0.21050000000002456,"failureMessages":[],"meta":{}},{"ancestorTitles":["validateMimeType"],"fullName":"validateMimeType returns error for disallowed type","status":"passed","title":"returns error for disallowed type","duration":0.22529999999994743,"failureMessages":[],"meta":{}},{"ancestorTitles":["validateFileSize"],"fullName":"validateFileSize accepts file within image size limit","status":"passed","title":"accepts file within image size limit","duration":0.14660000000003492,"failureMessages":[],"meta":{}},{"ancestorTitles":["validateFileSize"],"fullName":"validateFileSize rejects image file exceeding 10MB","status":"passed","title":"rejects image file exceeding 10MB","duration":0.1771000000001095,"failureMessages":[],"meta":{}},{"ancestorTitles":["validateFileSize"],"fullName":"validateFileSize accepts PDF within 25MB limit","status":"passed","title":"accepts PDF within 25MB limit","duration":0.10710000000005948,"failureMessages":[],"meta":{}},{"ancestorTitles":["validateFileSize"],"fullName":"validateFileSize rejects PDF exceeding 25MB","status":"passed","title":"rejects PDF exceeding 25MB","duration":0.12139999999999418,"failureMessages":[],"meta":{}},{"ancestorTitles":["validateFileSize"],"fullName":"validateFileSize rejects disallowed MIME type regardless of size","status":"passed","title":"rejects disallowed MIME type regardless of size","duration":0.20500000000004093,"failureMessages":[],"meta":{}},{"ancestorTitles":["path builders"],"fullName":"path builders buildPhotoPath follows /{userId}/properties/{propertyId}/photos/ structure","status":"passed","title":"buildPhotoPath follows /{userId}/properties/{propertyId}/photos/ structure","duration":0.12760000000002947,"failureMessages":[],"meta":{}},{"ancestorTitles":["path builders"],"fullName":"path builders buildLeaseDocPath follows /{userId}/leases/{leaseId}/docs/ structure","status":"passed","title":"buildLeaseDocPath follows /{userId}/leases/{leaseId}/docs/ structure","duration":0.10329999999999018,"failureMessages":[],"meta":{}},{"ancestorTitles":["path builders"],"fullName":"path builders buildNoticeProofPath follows /{userId}/notices/{noticeId}/proof/ structure","status":"passed","title":"buildNoticeProofPath follows /{userId}/notices/{noticeId}/proof/ structure","duration":0.09659999999996671,"failureMessages":[],"meta":{}},{"ancestorTitles":["path builders"],"fullName":"path builders buildReceiptPath follows /{userId}/payments/{paymentId}/ structure","status":"passed","title":"buildReceiptPath follows /{userId}/payments/{paymentId}/ structure","duration":0.09709999999995489,"failureMessages":[],"meta":{}},{"ancestorTitles":["TTL defaults"],"fullName":"TTL defaults upload URL TTL is 15 minutes (900s)","status":"passed","title":"upload URL TTL is 15 minutes (900s)","duration":0.084699999999998,"failureMessages":[],"meta":{}},{"ancestorTitles":["TTL defaults"],"fullName":"TTL defaults download URL TTL is 1 hour (3600s)","status":"passed","title":"download URL TTL is 1 hour (3600s)","duration":0.15879999999992833,"failureMessages":[],"meta":{}},{"ancestorTitles":["S3 integration (MinIO)"],"fullName":"S3 integration (MinIO) generates pre-signed upload URL","status":"passed","title":"generates pre-signed upload URL","duration":0.17889999999988504,"failureMessages":[],"meta":{}},{"ancestorTitles":["S3 integration (MinIO)"],"fullName":"S3 integration (MinIO) generates pre-signed upload URL with custom TTL","status":"passed","title":"generates pre-signed upload URL with custom TTL","duration":0.07099999999991269,"failureMessages":[],"meta":{}},{"ancestorTitles":["S3 integration (MinIO)"],"fullName":"S3 integration (MinIO) generates pre-signed download URL","status":"passed","title":"generates pre-signed download URL","duration":0.07529999999997017,"failureMessages":[],"meta":{}},{"ancestorTitles":["S3 integration (MinIO)"],"fullName":"S3 integration (MinIO) upload via pre-signed URL → file exists at expected path","status":"passed","title":"upload via pre-signed URL → file exists at expected path","duration":0.08310000000005857,"failureMessages":[],"meta":{}},{"ancestorTitles":["S3 integration (MinIO)"],"fullName":"S3 integration (MinIO) fileExists returns false for non-existent key","status":"passed","title":"fileExists returns false for non-existent key","duration":0.061599999999998545,"failureMessages":[],"meta":{}},{"ancestorTitles":["S3 integration (MinIO)"],"fullName":"S3 integration (MinIO) deleteFile removes a file","status":"passed","title":"deleteFile removes a file","duration":0.07659999999987122,"failureMessages":[],"meta":{}},{"ancestorTitles":["S3 integration (MinIO)"],"fullName":"S3 integration (MinIO) download URL for non-existent file still generates (access denied on fetch)","status":"passed","title":"download URL for non-existent file still generates (access denied on fetch)","duration":0.06350000000020373,"failureMessages":[],"meta":{}}],"startTime":1787235555687,"endTime":1787235556147.179,"status":"passed","message":"","name":"C:/Users/staff/src/tenant-ai/packages/shared/src/__tests__/storage.test.ts"},{"assertionResults":[{"ancestorTitles":["survey-token"],"fullName":"survey-token generates unique, URL-safe tokens","status":"passed","title":"generates unique, URL-safe tokens","duration":2.296600000000012,"failureMessages":[],"meta":{}},{"ancestorTitles":["survey-token"],"fullName":"survey-token computes expiry SURVEY_INVITE_EXPIRY_DAYS in the future","status":"passed","title":"computes expiry SURVEY_INVITE_EXPIRY_DAYS in the future","duration":0.23130000000003292,"failureMessages":[],"meta":{}},{"ancestorTitles":["survey-token"],"fullName":"survey-token builds a survey URL, normalizing trailing slashes","status":"passed","title":"builds a survey URL, normalizing trailing slashes","duration":0.3199999999999932,"failureMessages":[],"meta":{}}],"startTime":1787235566529,"endTime":1787235566531.32,"status":"passed","message":"","name":"C:/Users/staff/src/tenant-ai/packages/shared/src/__tests__/survey-token.test.ts"},{"assertionResults":[{"ancestorTitles":["computeAvailableSlots"],"fullName":"computeAvailableSlots generates slots for recurring weekly availability","status":"passed","title":"generates slots for recurring weekly availability","duration":3.669399999999996,"failureMessages":[],"meta":{}},{"ancestorTitles":["computeAvailableSlots"],"fullName":"computeAvailableSlots excludes already-booked time slots","status":"passed","title":"excludes already-booked time slots","duration":1.1403000000000247,"failureMessages":[],"meta":{}},{"ancestorTitles":["computeAvailableSlots"],"fullName":"computeAvailableSlots handles specific date slots","status":"passed","title":"handles specific date slots","duration":0.5411999999998898,"failureMessages":[],"meta":{}},{"ancestorTitles":["computeAvailableSlots"],"fullName":"computeAvailableSlots returns empty array when no slots configured","status":"passed","title":"returns empty array when no slots configured","duration":0.7095999999999094,"failureMessages":[],"meta":{}},{"ancestorTitles":["computeAvailableSlots"],"fullName":"computeAvailableSlots does not exclude canceled bookings","status":"passed","title":"does not exclude canceled bookings","duration":0.4799000000000433,"failureMessages":[],"meta":{}},{"ancestorTitles":["computeAvailableSlots"],"fullName":"computeAvailableSlots skips inactive slots","status":"passed","title":"skips inactive slots","duration":0.18630000000007385,"failureMessages":[],"meta":{}},{"ancestorTitles":["computeAvailableSlots"],"fullName":"computeAvailableSlots includes datetime field as ISO string in UTC","status":"passed","title":"includes datetime field as ISO string in UTC","duration":0.3343999999999596,"failureMessages":[],"meta":{}},{"ancestorTitles":["computeAvailableSlots"],"fullName":"computeAvailableSlots does not generate duplicate slots when recurring and specific overlap","status":"passed","title":"does not generate duplicate slots when recurring and specific overlap","duration":0.25900000000001455,"failureMessages":[],"meta":{}},{"ancestorTitles":["computeAvailableSlots"],"fullName":"computeAvailableSlots handles multi-day range with recurring slot","status":"passed","title":"handles multi-day range with recurring slot","duration":0.4373000000000502,"failureMessages":[],"meta":{}},{"ancestorTitles":["computeAvailableSlots"],"fullName":"computeAvailableSlots generates correct datetime for booking comparison","status":"passed","title":"generates correct datetime for booking comparison","duration":0.43229999999994106,"failureMessages":[],"meta":{}}],"startTime":1787235557592,"endTime":1787235557600.4373,"status":"passed","message":"","name":"C:/Users/staff/src/tenant-ai/packages/shared/src/__tests__/tour-utils.test.ts"},{"assertionResults":[{"ancestorTitles":["validateSSN"],"fullName":"validateSSN validates formatted SSN \"123-45-6789\"","status":"passed","title":"validates formatted SSN \"123-45-6789\"","duration":1.3247000000001208,"failureMessages":[],"meta":{}},{"ancestorTitles":["validateSSN"],"fullName":"validateSSN validates unformatted SSN \"123456789\" and auto-formats","status":"passed","title":"validates unformatted SSN \"123456789\" and auto-formats","duration":0.240099999999984,"failureMessages":[],"meta":{}},{"ancestorTitles":["validateSSN"],"fullName":"validateSSN rejects SSN with too few digits","status":"passed","title":"rejects SSN with too few digits","duration":0.3125999999997475,"failureMessages":[],"meta":{}},{"ancestorTitles":["validateSSN"],"fullName":"validateSSN rejects all-zeros SSN (000-00-0000)","status":"passed","title":"rejects all-zeros SSN (000-00-0000)","duration":0.1570000000001528,"failureMessages":[],"meta":{}},{"ancestorTitles":["validateSSN"],"fullName":"validateSSN rejects SSN starting with 9 (ITIN range)","status":"passed","title":"rejects SSN starting with 9 (ITIN range)","duration":0.14190000000007785,"failureMessages":[],"meta":{}},{"ancestorTitles":["validateSSN"],"fullName":"validateSSN rejects SSN starting with 000","status":"passed","title":"rejects SSN starting with 000","duration":0.11809999999968568,"failureMessages":[],"meta":{}},{"ancestorTitles":["validateSSN"],"fullName":"validateSSN rejects SSN with 00 middle group","status":"passed","title":"rejects SSN with 00 middle group","duration":0.15039999999999054,"failureMessages":[],"meta":{}},{"ancestorTitles":["validateSSN"],"fullName":"validateSSN rejects SSN with 0000 last group","status":"passed","title":"rejects SSN with 0000 last group","duration":0.1435999999998785,"failureMessages":[],"meta":{}},{"ancestorTitles":["validateSSN"],"fullName":"validateSSN strips non-digit characters before validation","status":"passed","title":"strips non-digit characters before validation","duration":0.1647000000002663,"failureMessages":[],"meta":{}},{"ancestorTitles":["validatePhone"],"fullName":"validatePhone validates \"(555) 123-4567\" and formats to E.164","status":"passed","title":"validates \"(555) 123-4567\" and formats to E.164","duration":4.6645000000003165,"failureMessages":[],"meta":{}},{"ancestorTitles":["validatePhone"],"fullName":"validatePhone validates 10-digit number","status":"passed","title":"validates 10-digit number","duration":0.5578000000000429,"failureMessages":[],"meta":{}},{"ancestorTitles":["validatePhone"],"fullName":"validatePhone validates number with +1 prefix","status":"passed","title":"validates number with +1 prefix","duration":8.51260000000002,"failureMessages":[],"meta":{}},{"ancestorTitles":["validatePhone"],"fullName":"validatePhone rejects short number","status":"passed","title":"rejects short number","duration":0.4117999999998574,"failureMessages":[],"meta":{}},{"ancestorTitles":["validatePhone"],"fullName":"validatePhone rejects empty string","status":"passed","title":"rejects empty string","duration":0.4626000000002932,"failureMessages":[],"meta":{}},{"ancestorTitles":["validateEmail"],"fullName":"validateEmail validates standard email","status":"passed","title":"validates standard email","duration":0.23840000000018335,"failureMessages":[],"meta":{}},{"ancestorTitles":["validateEmail"],"fullName":"validateEmail lowercases email","status":"passed","title":"lowercases email","duration":0.1532999999999447,"failureMessages":[],"meta":{}},{"ancestorTitles":["validateEmail"],"fullName":"validateEmail trims whitespace","status":"passed","title":"trims whitespace","duration":0.11970000000019354,"failureMessages":[],"meta":{}},{"ancestorTitles":["validateEmail"],"fullName":"validateEmail rejects invalid email","status":"passed","title":"rejects invalid email","duration":0.09910000000036234,"failureMessages":[],"meta":{}},{"ancestorTitles":["validateEmail"],"fullName":"validateEmail rejects email without domain","status":"passed","title":"rejects email without domain","duration":0.0787000000000262,"failureMessages":[],"meta":{}},{"ancestorTitles":["parseDateOfBirth"],"fullName":"parseDateOfBirth parses \"march 5th 1990\"","status":"passed","title":"parses \"march 5th 1990\"","duration":41.95029999999997,"failureMessages":[],"meta":{}},{"ancestorTitles":["parseDateOfBirth"],"fullName":"parseDateOfBirth parses \"03/05/1990\"","status":"passed","title":"parses \"03/05/1990\"","duration":46.43259999999964,"failureMessages":[],"meta":{}},{"ancestorTitles":["parseDateOfBirth"],"fullName":"parseDateOfBirth parses \"1990-03-05\"","status":"passed","title":"parses \"1990-03-05\"","duration":1.3161000000000058,"failureMessages":[],"meta":{}},{"ancestorTitles":["parseDateOfBirth"],"fullName":"parseDateOfBirth rejects \"tomorrow\" (future date)","status":"passed","title":"rejects \"tomorrow\" (future date)","duration":0.43249999999989086,"failureMessages":[],"meta":{}},{"ancestorTitles":["parseDateOfBirth"],"fullName":"parseDateOfBirth rejects unparseable input","status":"passed","title":"rejects unparseable input","duration":0.14980000000014115,"failureMessages":[],"meta":{}},{"ancestorTitles":["parseMoveInDate"],"fullName":"parseMoveInDate parses \"next month\" to a future date","status":"passed","title":"parses \"next month\" to a future date","duration":8.927700000000186,"failureMessages":[],"meta":{}},{"ancestorTitles":["parseMoveInDate"],"fullName":"parseMoveInDate rejects \"last year\" (past date)","status":"passed","title":"rejects \"last year\" (past date)","duration":1.8061999999999898,"failureMessages":[],"meta":{}},{"ancestorTitles":["parseMoveInDate"],"fullName":"parseMoveInDate rejects unparseable input","status":"passed","title":"rejects unparseable input","duration":0.16560000000026776,"failureMessages":[],"meta":{}},{"ancestorTitles":["parseIncome"],"fullName":"parseIncome parses \"about 5k\" to \"5000\"","status":"passed","title":"parses \"about 5k\" to \"5000\"","duration":0.4242000000003827,"failureMessages":[],"meta":{}},{"ancestorTitles":["parseIncome"],"fullName":"parseIncome parses \"$3,500/month\" to \"3500\"","status":"passed","title":"parses \"$3,500/month\" to \"3500\"","duration":0.19650000000001455,"failureMessages":[],"meta":{}},{"ancestorTitles":["parseIncome"],"fullName":"parseIncome parses \"5.5k\" to \"5500\"","status":"passed","title":"parses \"5.5k\" to \"5500\"","duration":0.11940000000004147,"failureMessages":[],"meta":{}},{"ancestorTitles":["parseIncome"],"fullName":"parseIncome parses \"around $4000\" to \"4000\"","status":"passed","title":"parses \"around $4000\" to \"4000\"","duration":0.15160000000014406,"failureMessages":[],"meta":{}},{"ancestorTitles":["parseIncome"],"fullName":"parseIncome parses \"4500 a month\" to \"4500\"","status":"passed","title":"parses \"4500 a month\" to \"4500\"","duration":0.11879999999973734,"failureMessages":[],"meta":{}},{"ancestorTitles":["parseIncome"],"fullName":"parseIncome rejects non-numeric input","status":"passed","title":"rejects non-numeric input","duration":0.13079999999990832,"failureMessages":[],"meta":{}},{"ancestorTitles":["parseIncome"],"fullName":"parseIncome rejects very low numbers (likely hourly rate)","status":"passed","title":"rejects very low numbers (likely hourly rate)","duration":0.10249999999996362,"failureMessages":[],"meta":{}}],"startTime":1787235563267,"endTime":1787235563393.1309,"status":"passed","message":"","name":"C:/Users/staff/src/tenant-ai/packages/shared/src/__tests__/validators.test.ts"}]}