{"numTotalTestSuites":506,"numPassedTestSuites":504,"numFailedTestSuites":2,"numPendingTestSuites":0,"numTotalTests":1651,"numPassedTests":1650,"numFailedTests":1,"numPendingTests":0,"numTodoTests":0,"snapshot":{"added":0,"failure":false,"filesAdded":0,"filesRemoved":0,"filesRemovedList":[],"filesUnmatched":0,"filesUpdated":0,"matched":0,"total":0,"unchecked":0,"uncheckedKeysByFile":[],"unmatched":0,"updated":0,"didUpdate":false},"startTime":1787238031698,"success":false,"testResults":[{"assertionResults":[{"ancestorTitles":["Apply Route - SSN/DOB Encryption"],"fullName":"Apply Route - SSN/DOB Encryption encrypts SSN before storing","status":"passed","title":"encrypts SSN before storing","duration":3.093800000000101,"failureMessages":[],"meta":{}},{"ancestorTitles":["Apply Route - SSN/DOB Encryption"],"fullName":"Apply Route - SSN/DOB Encryption encrypts DOB before storing","status":"passed","title":"encrypts DOB before storing","duration":0.5428999999999178,"failureMessages":[],"meta":{}},{"ancestorTitles":["Apply Route - SSN/DOB Encryption"],"fullName":"Apply Route - SSN/DOB Encryption handles missing SSN gracefully","status":"passed","title":"handles missing SSN gracefully","duration":0.20629999999994197,"failureMessages":[],"meta":{}},{"ancestorTitles":["Apply Route - SSN/DOB Encryption"],"fullName":"Apply Route - SSN/DOB Encryption handles missing DOB gracefully","status":"passed","title":"handles missing DOB gracefully","duration":0.19500000000005002,"failureMessages":[],"meta":{}},{"ancestorTitles":["Apply Route - SSN/DOB Encryption"],"fullName":"Apply Route - SSN/DOB Encryption encrypts both SSN and DOB when both provided","status":"passed","title":"encrypts both SSN and DOB when both provided","duration":0.4920999999999367,"failureMessages":[],"meta":{}},{"ancestorTitles":["Apply Route - SSN/DOB Encryption"],"fullName":"Apply Route - SSN/DOB Encryption does not encrypt non-PII standard fields","status":"passed","title":"does not encrypt non-PII standard fields","duration":0.22810000000004038,"failureMessages":[],"meta":{}},{"ancestorTitles":["Apply Route - SSN/DOB Encryption"],"fullName":"Apply Route - SSN/DOB Encryption separates custom responses from standard fields","status":"passed","title":"separates custom responses from standard fields","duration":0.30149999999991905,"failureMessages":[],"meta":{}},{"ancestorTitles":["Apply Route - SSN/DOB Encryption"],"fullName":"Apply Route - SSN/DOB Encryption produces unique ciphertexts for the same plaintext","status":"passed","title":"produces unique ciphertexts for the same plaintext","duration":0.7774999999999181,"failureMessages":[],"meta":{}},{"ancestorTitles":["Apply Route - SSN/DOB Encryption"],"fullName":"Apply Route - SSN/DOB Encryption encrypted values use the v1 key version prefix","status":"passed","title":"encrypted values use the v1 key version prefix","duration":0.480199999999968,"failureMessages":[],"meta":{}}],"startTime":1787238064019,"endTime":1787238064025.4802,"status":"passed","message":"","name":"C:/Users/staff/src/tenant-ai/apps/tenant-site/src/__tests__/apply-encryption.test.ts"},{"assertionResults":[{"ancestorTitles":["POST /api/apply — SMS survey link attribution"],"fullName":"POST /api/apply — SMS survey link attribution attributes a valid invite: channel sms_link, callerPhone from invite, invite consumed","status":"passed","title":"attributes a valid invite: channel sms_link, callerPhone from invite, invite consumed","duration":569.6635,"failureMessages":[],"meta":{}},{"ancestorTitles":["POST /api/apply — SMS survey link attribution"],"fullName":"POST /api/apply — SMS survey link attribution rejects an already-used invite with 410 and creates nothing","status":"passed","title":"rejects an already-used invite with 410 and creates nothing","duration":1.5208999999999833,"failureMessages":[],"meta":{}},{"ancestorTitles":["POST /api/apply — SMS survey link attribution"],"fullName":"POST /api/apply — SMS survey link attribution rejects an expired invite with 410","status":"passed","title":"rejects an expired invite with 410","duration":1.1055000000000064,"failureMessages":[],"meta":{}},{"ancestorTitles":["POST /api/apply — SMS survey link attribution"],"fullName":"POST /api/apply — SMS survey link attribution rejects an invite for a different property with 400","status":"passed","title":"rejects an invite for a different property with 400","duration":1.2322000000000344,"failureMessages":[],"meta":{}},{"ancestorTitles":["POST /api/apply — SMS survey link attribution"],"fullName":"POST /api/apply — SMS survey link attribution returns 410 when the atomic claim loses a concurrent race (count 0)","status":"passed","title":"returns 410 when the atomic claim loses a concurrent race (count 0)","duration":1.239500000000021,"failureMessages":[],"meta":{}},{"ancestorTitles":["POST /api/apply — SMS survey link attribution"],"fullName":"POST /api/apply — SMS survey link attribution normal web application (no token) is channel web and never touches invites","status":"passed","title":"normal web application (no token) is channel web and never touches invites","duration":1.4026000000000067,"failureMessages":[],"meta":{}}],"startTime":1787238063285,"endTime":1787238063861.4026,"status":"passed","message":"","name":"C:/Users/staff/src/tenant-ai/apps/tenant-site/src/__tests__/apply-survey-token.test.ts"},{"assertionResults":[{"ancestorTitles":["Money Display - formatCents"],"fullName":"Money Display - formatCents formats 150000 cents as 1,500.00","status":"passed","title":"formats 150000 cents as 1,500.00","duration":19.66149999999999,"failureMessages":[],"meta":{}},{"ancestorTitles":["Money Display - formatCents"],"fullName":"Money Display - formatCents formats 0 cents as 0.00","status":"passed","title":"formats 0 cents as 0.00","duration":0.3363000000000227,"failureMessages":[],"meta":{}},{"ancestorTitles":["Money Display - formatCents"],"fullName":"Money Display - formatCents formats 99 cents as 0.99","status":"passed","title":"formats 99 cents as 0.99","duration":0.24090000000001055,"failureMessages":[],"meta":{}},{"ancestorTitles":["Money Display - formatCents"],"fullName":"Money Display - formatCents formats 100 cents as 1.00","status":"passed","title":"formats 100 cents as 1.00","duration":0.24580000000000268,"failureMessages":[],"meta":{}},{"ancestorTitles":["Money Display - formatCents"],"fullName":"Money Display - formatCents formats large amounts correctly","status":"passed","title":"formats large amounts correctly","duration":0.23979999999997403,"failureMessages":[],"meta":{}},{"ancestorTitles":["Money Display - formatCents"],"fullName":"Money Display - formatCents formats single cent correctly","status":"passed","title":"formats single cent correctly","duration":0.19080000000002428,"failureMessages":[],"meta":{}},{"ancestorTitles":["Money Display - formatRent"],"fullName":"Money Display - formatRent formats rent range with min and max","status":"passed","title":"formats rent range with min and max","duration":0.4508000000000152,"failureMessages":[],"meta":{}},{"ancestorTitles":["Money Display - formatRent"],"fullName":"Money Display - formatRent formats null rent as contact for pricing","status":"passed","title":"formats null rent as contact for pricing","duration":0.14279999999999404,"failureMessages":[],"meta":{}},{"ancestorTitles":["Money Display - formatRent"],"fullName":"Money Display - formatRent formats equal min and max as single price","status":"passed","title":"formats equal min and max as single price","duration":0.2330000000000041,"failureMessages":[],"meta":{}},{"ancestorTitles":["Money Display - formatRent"],"fullName":"Money Display - formatRent formats min-only as single price","status":"passed","title":"formats min-only as single price","duration":0.25440000000000396,"failureMessages":[],"meta":{}},{"ancestorTitles":["Money Display - formatRent"],"fullName":"Money Display - formatRent formats max-only as up to price","status":"passed","title":"formats max-only as up to price","duration":0.17279999999999518,"failureMessages":[],"meta":{}}],"startTime":1787238065854,"endTime":1787238065877.1729,"status":"passed","message":"","name":"C:/Users/staff/src/tenant-ai/apps/tenant-site/src/__tests__/money-display.test.tsx"},{"assertionResults":[{"ancestorTitles":["GET /api/portal/payments/[id]/receipt"],"fullName":"GET /api/portal/payments/[id]/receipt returns 401 when not authenticated","status":"passed","title":"returns 401 when not authenticated","duration":7.012400000000014,"failureMessages":[],"meta":{}},{"ancestorTitles":["GET /api/portal/payments/[id]/receipt"],"fullName":"GET /api/portal/payments/[id]/receipt returns 404 when payment not found","status":"passed","title":"returns 404 when payment not found","duration":1.089999999999975,"failureMessages":[],"meta":{}},{"ancestorTitles":["GET /api/portal/payments/[id]/receipt"],"fullName":"GET /api/portal/payments/[id]/receipt returns 404 when payment belongs to different tenant","status":"passed","title":"returns 404 when payment belongs to different tenant","duration":0.7094000000000165,"failureMessages":[],"meta":{}},{"ancestorTitles":["GET /api/portal/payments/[id]/receipt"],"fullName":"GET /api/portal/payments/[id]/receipt returns 400 for non-completed payment","status":"passed","title":"returns 400 for non-completed payment","duration":1.5955000000000155,"failureMessages":[],"meta":{}},{"ancestorTitles":["GET /api/portal/payments/[id]/receipt"],"fullName":"GET /api/portal/payments/[id]/receipt returns 400 for failed payment","status":"passed","title":"returns 400 for failed payment","duration":0.8271000000000299,"failureMessages":[],"meta":{}},{"ancestorTitles":["GET /api/portal/payments/[id]/receipt"],"fullName":"GET /api/portal/payments/[id]/receipt returns PDF with correct headers for completed payment","status":"passed","title":"returns PDF with correct headers for completed payment","duration":26.858599999999967,"failureMessages":[],"meta":{}}],"startTime":1787238064178,"endTime":1787238064215.8586,"status":"passed","message":"","name":"C:/Users/staff/src/tenant-ai/apps/tenant-site/src/__tests__/payment-receipt.test.ts"},{"assertionResults":[{"ancestorTitles":["POST /api/portal/plaid/create-link-token"],"fullName":"POST /api/portal/plaid/create-link-token returns 401 when not authenticated","status":"passed","title":"returns 401 when not authenticated","duration":111.40089999999998,"failureMessages":[],"meta":{}},{"ancestorTitles":["POST /api/portal/plaid/create-link-token"],"fullName":"POST /api/portal/plaid/create-link-token returns 503 when Plaid is not configured","status":"passed","title":"returns 503 when Plaid is not configured","duration":0.9037999999999897,"failureMessages":[],"meta":{}},{"ancestorTitles":["POST /api/portal/plaid/create-link-token"],"fullName":"POST /api/portal/plaid/create-link-token returns link token on success","status":"passed","title":"returns link token on success","duration":1.5588999999999942,"failureMessages":[],"meta":{}},{"ancestorTitles":["POST /api/portal/plaid/exchange-token"],"fullName":"POST /api/portal/plaid/exchange-token returns 401 when not authenticated","status":"passed","title":"returns 401 when not authenticated","duration":29.086700000000008,"failureMessages":[],"meta":{}},{"ancestorTitles":["POST /api/portal/plaid/exchange-token"],"fullName":"POST /api/portal/plaid/exchange-token returns 400 when publicToken is missing","status":"passed","title":"returns 400 when publicToken is missing","duration":1.0687999999999533,"failureMessages":[],"meta":{}},{"ancestorTitles":["POST /api/portal/plaid/exchange-token"],"fullName":"POST /api/portal/plaid/exchange-token returns 400 when accountId is missing","status":"passed","title":"returns 400 when accountId is missing","duration":1.098099999999988,"failureMessages":[],"meta":{}},{"ancestorTitles":["POST /api/portal/plaid/exchange-token"],"fullName":"POST /api/portal/plaid/exchange-token links bank account on success (201)","status":"passed","title":"links bank account on success (201)","duration":3.976699999999994,"failureMessages":[],"meta":{}},{"ancestorTitles":["POST /api/portal/plaid/exchange-token"],"fullName":"POST /api/portal/plaid/exchange-token removes old Plaid item when re-linking","status":"passed","title":"removes old Plaid item when re-linking","duration":1.09110000000004,"failureMessages":[],"meta":{}},{"ancestorTitles":["POST /api/portal/plaid/exchange-token"],"fullName":"POST /api/portal/plaid/exchange-token returns 500 when Plaid exchange fails","status":"passed","title":"returns 500 when Plaid exchange fails","duration":6.229600000000005,"failureMessages":[],"meta":{}},{"ancestorTitles":["DELETE /api/portal/plaid/unlink"],"fullName":"DELETE /api/portal/plaid/unlink returns 401 when not authenticated","status":"passed","title":"returns 401 when not authenticated","duration":30.4581,"failureMessages":[],"meta":{}},{"ancestorTitles":["DELETE /api/portal/plaid/unlink"],"fullName":"DELETE /api/portal/plaid/unlink returns 400 when no bank is linked","status":"passed","title":"returns 400 when no bank is linked","duration":0.27309999999999945,"failureMessages":[],"meta":{}},{"ancestorTitles":["DELETE /api/portal/plaid/unlink"],"fullName":"DELETE /api/portal/plaid/unlink unlinks bank account and clears fields","status":"passed","title":"unlinks bank account and clears fields","duration":0.49350000000004,"failureMessages":[],"meta":{}},{"ancestorTitles":["DELETE /api/portal/plaid/unlink"],"fullName":"DELETE /api/portal/plaid/unlink still clears fields when Plaid item removal fails","status":"passed","title":"still clears fields when Plaid item removal fails","duration":1.0538000000000238,"failureMessages":[],"meta":{}},{"ancestorTitles":["GET /api/portal/plaid/status"],"fullName":"GET /api/portal/plaid/status returns 401 when not authenticated","status":"passed","title":"returns 401 when not authenticated","duration":20.606400000000008,"failureMessages":[],"meta":{}},{"ancestorTitles":["GET /api/portal/plaid/status"],"fullName":"GET /api/portal/plaid/status returns linked=false when no bank is linked","status":"passed","title":"returns linked=false when no bank is linked","duration":0.54200000000003,"failureMessages":[],"meta":{}},{"ancestorTitles":["GET /api/portal/plaid/status"],"fullName":"GET /api/portal/plaid/status returns linked=true with bank info when linked","status":"passed","title":"returns linked=true with bank info when linked","duration":0.5639999999999645,"failureMessages":[],"meta":{}}],"startTime":1787238035461,"endTime":1787238035672.564,"status":"passed","message":"","name":"C:/Users/staff/src/tenant-ai/apps/tenant-site/src/__tests__/plaid-integration.test.ts"},{"assertionResults":[{"ancestorTitles":["Portal settings password change logic"],"fullName":"Portal settings password change logic updates password when currentPassword is correct","status":"passed","title":"updates password when currentPassword is correct","duration":1082.4073,"failureMessages":[],"meta":{}},{"ancestorTitles":["Portal settings password change logic"],"fullName":"Portal settings password change logic rejects password change when currentPassword is wrong","status":"passed","title":"rejects password change when currentPassword is wrong","duration":245.56089999999995,"failureMessages":[],"meta":{}},{"ancestorTitles":["Portal settings password change logic"],"fullName":"Portal settings password change logic rejects newPassword shorter than 8 characters","status":"passed","title":"rejects newPassword shorter than 8 characters","duration":0.2679000000002816,"failureMessages":[],"meta":{}},{"ancestorTitles":["Portal settings password change logic"],"fullName":"Portal settings password change logic accepts newPassword of exactly 8 characters","status":"passed","title":"accepts newPassword of exactly 8 characters","duration":0.15249999999969077,"failureMessages":[],"meta":{}},{"ancestorTitles":["Portal settings password change logic"],"fullName":"Portal settings password change logic updates profile fields without changing password","status":"passed","title":"updates profile fields without changing password","duration":588.0380999999998,"failureMessages":[],"meta":{}},{"ancestorTitles":["Portal settings password change logic"],"fullName":"Portal settings password change logic handles password change + profile update together","status":"passed","title":"handles password change + profile update together","duration":1189.5852,"failureMessages":[],"meta":{}}],"startTime":1787238064502,"endTime":1787238067608.5852,"status":"passed","message":"","name":"C:/Users/staff/src/tenant-ai/apps/tenant-site/src/__tests__/portal-settings-password.test.ts"},{"assertionResults":[{"ancestorTitles":["Tenant Forgot Password - Route Handler"],"fullName":"Tenant Forgot Password - Route Handler returns 200 and saves resetToken when tenant exists","status":"passed","title":"returns 200 and saves resetToken when tenant exists","duration":32.634299999999996,"failureMessages":[],"meta":{}},{"ancestorTitles":["Tenant Forgot Password - Route Handler"],"fullName":"Tenant Forgot Password - Route Handler saves resetToken and resetTokenExpiry to tenant record in DB","status":"passed","title":"saves resetToken and resetTokenExpiry to tenant record in DB","duration":1.4241999999999848,"failureMessages":[],"meta":{}},{"ancestorTitles":["Tenant Forgot Password - Route Handler"],"fullName":"Tenant Forgot Password - Route Handler returns 200 for non-existent email (prevents enumeration)","status":"passed","title":"returns 200 for non-existent email (prevents enumeration)","duration":1.1578000000000088,"failureMessages":[],"meta":{}},{"ancestorTitles":["Tenant Forgot Password - Route Handler"],"fullName":"Tenant Forgot Password - Route Handler reset token expiry is in the future (approx 1 hour)","status":"passed","title":"reset token expiry is in the future (approx 1 hour)","duration":1.014500000000055,"failureMessages":[],"meta":{}},{"ancestorTitles":["Tenant Forgot Password - Route Handler"],"fullName":"Tenant Forgot Password - Route Handler returns 400 when email is missing","status":"passed","title":"returns 400 when email is missing","duration":0.975400000000036,"failureMessages":[],"meta":{}},{"ancestorTitles":["Tenant Forgot Password - Route Handler"],"fullName":"Tenant Forgot Password - Route Handler normalizes email to lowercase and trims whitespace","status":"passed","title":"normalizes email to lowercase and trims whitespace","duration":0.9455000000000382,"failureMessages":[],"meta":{}},{"ancestorTitles":["Tenant Forgot Password - Route Handler"],"fullName":"Tenant Forgot Password - Route Handler sends a password reset email when tenant found","status":"passed","title":"sends a password reset email when tenant found","duration":2.039800000000014,"failureMessages":[],"meta":{}}],"startTime":1787238063185,"endTime":1787238063225.0398,"status":"passed","message":"","name":"C:/Users/staff/src/tenant-ai/apps/tenant-site/src/__tests__/tenant-auth.test.ts"},{"assertionResults":[{"ancestorTitles":["Tenant context resolution"],"fullName":"Tenant context resolution resolves landlord from WebsiteConfig subdomain","status":"passed","title":"resolves landlord from WebsiteConfig subdomain","duration":7.98720000000003,"failureMessages":[],"meta":{}},{"ancestorTitles":["Tenant context resolution"],"fullName":"Tenant context resolution returns null for unknown subdomain","status":"passed","title":"returns null for unknown subdomain","duration":4.912299999999959,"failureMessages":[],"meta":{}},{"ancestorTitles":["Tenant context resolution"],"fullName":"Tenant context resolution custom domain lookup works","status":"passed","title":"custom domain lookup works","duration":25.5154,"failureMessages":[],"meta":{}},{"ancestorTitles":["Public property listing"],"fullName":"Public property listing lists active properties for a landlord","status":"passed","title":"lists active properties for a landlord","duration":15.261200000000144,"failureMessages":[],"meta":{}},{"ancestorTitles":["Public property listing"],"fullName":"Public property listing includes property detail with units and questions","status":"passed","title":"includes property detail with units and questions","duration":10.19380000000001,"failureMessages":[],"meta":{}},{"ancestorTitles":["Public property listing"],"fullName":"Public property listing does not expose inactive properties","status":"passed","title":"does not expose inactive properties","duration":24.052599999999984,"failureMessages":[],"meta":{}},{"ancestorTitles":["Web application submission"],"fullName":"Web application submission creates a completed application with channel 'web'","status":"passed","title":"creates a completed application with channel 'web'","duration":7.2818999999999505,"failureMessages":[],"meta":{}},{"ancestorTitles":["Web application submission"],"fullName":"Web application submission prevents duplicate application within 30 days","status":"passed","title":"prevents duplicate application within 30 days","duration":7.164800000000014,"failureMessages":[],"meta":{}},{"ancestorTitles":["Web application submission"],"fullName":"Web application submission stores custom responses as JSON","status":"passed","title":"stores custom responses as JSON","duration":6.98259999999982,"failureMessages":[],"meta":{}},{"ancestorTitles":["Website configuration"],"fullName":"Website configuration has subdomain, branding, and contact info","status":"passed","title":"has subdomain, branding, and contact info","duration":2.072499999999991,"failureMessages":[],"meta":{}},{"ancestorTitles":["Website configuration"],"fullName":"Website configuration enforces unique subdomain","status":"passed","title":"enforces unique subdomain","duration":17.495300000000043,"failureMessages":[],"meta":{}},{"ancestorTitles":["Tenant authentication"],"fullName":"Tenant authentication tenant record has hashed password","status":"passed","title":"tenant record has hashed password","duration":290.2671,"failureMessages":[],"meta":{}},{"ancestorTitles":["Tenant authentication"],"fullName":"Tenant authentication supports account lockout after failed attempts","status":"passed","title":"supports account lockout after failed attempts","duration":12.144399999999905,"failureMessages":[],"meta":{}},{"ancestorTitles":["Tenant authentication"],"fullName":"Tenant authentication invite token expires after 72 hours","status":"passed","title":"invite token expires after 72 hours","duration":19.366500000000087,"failureMessages":[],"meta":{}},{"ancestorTitles":["Application to tenant conversion"],"fullName":"Application to tenant conversion creates tenant from application data","status":"passed","title":"creates tenant from application data","duration":373.34760000000006,"failureMessages":[],"meta":{}},{"ancestorTitles":["Tenant portal dashboard data"],"fullName":"Tenant portal dashboard data calculates outstanding balance","status":"passed","title":"calculates outstanding balance","duration":4.3034999999999854,"failureMessages":[],"meta":{}},{"ancestorTitles":["Tenant portal dashboard data"],"fullName":"Tenant portal dashboard data returns lease details with property info","status":"passed","title":"returns lease details with property info","duration":7.4465000000000146,"failureMessages":[],"meta":{}},{"ancestorTitles":["Tenant payment history"],"fullName":"Tenant payment history returns payments for the tenant","status":"passed","title":"returns payments for the tenant","duration":5.5111000000001695,"failureMessages":[],"meta":{}},{"ancestorTitles":["Tenant notices in portal"],"fullName":"Tenant notices in portal returns notices visible in portal","status":"passed","title":"returns notices visible in portal","duration":8.062900000000127,"failureMessages":[],"meta":{}},{"ancestorTitles":["Tenant messages"],"fullName":"Tenant messages returns messages from landlord","status":"passed","title":"returns messages from landlord","duration":2.87480000000005,"failureMessages":[],"meta":{}},{"ancestorTitles":["Tenant messages"],"fullName":"Tenant messages marks message as read","status":"passed","title":"marks message as read","duration":47.81510000000003,"failureMessages":[],"meta":{}},{"ancestorTitles":["Lease details for tenant"],"fullName":"Lease details for tenant returns full lease information","status":"passed","title":"returns full lease information","duration":4.0159000000001015,"failureMessages":[],"meta":{}},{"ancestorTitles":["Tenant settings"],"fullName":"Tenant settings reads tenant profile","status":"passed","title":"reads tenant profile","duration":3.2657999999998992,"failureMessages":[],"meta":{}},{"ancestorTitles":["Tenant settings"],"fullName":"Tenant settings updates tenant phone number","status":"passed","title":"updates tenant phone number","duration":52.9384,"failureMessages":[],"meta":{}},{"ancestorTitles":["Dashboard messaging system"],"fullName":"Dashboard messaging system landlord sends message to tenant","status":"passed","title":"landlord sends message to tenant","duration":16.808700000000044,"failureMessages":[],"meta":{}},{"ancestorTitles":["Dashboard messaging system"],"fullName":"Dashboard messaging system only shows messages for the addressed tenant","status":"passed","title":"only shows messages for the addressed tenant","duration":3.4065999999997985,"failureMessages":[],"meta":{}}],"startTime":1787238034906,"endTime":1787238035889.4065,"status":"passed","message":"","name":"C:/Users/staff/src/tenant-ai/apps/tenant-site/src/__tests__/tenant-site.test.ts"},{"assertionResults":[{"ancestorTitles":["POST /api/apply — web rental application submission"],"fullName":"POST /api/apply — web rental application submission creates application with standard fields and returns 201","status":"passed","title":"creates application with standard fields and returns 201","duration":27.666999999999916,"failureMessages":[],"meta":{}},{"ancestorTitles":["POST /api/apply — web rental application submission"],"fullName":"POST /api/apply — web rental application submission encrypts SSN before storing","status":"passed","title":"encrypts SSN before storing","duration":4.063500000000204,"failureMessages":[],"meta":{}},{"ancestorTitles":["POST /api/apply — web rental application submission"],"fullName":"POST /api/apply — web rental application submission encrypts DOB before storing","status":"passed","title":"encrypts DOB before storing","duration":1.4704999999999018,"failureMessages":[],"meta":{}},{"ancestorTitles":["POST /api/apply — web rental application submission"],"fullName":"POST /api/apply — web rental application submission encrypts both SSN and DOB when both provided","status":"passed","title":"encrypts both SSN and DOB when both provided","duration":1.3375999999998385,"failureMessages":[],"meta":{}},{"ancestorTitles":["POST /api/apply — web rental application submission"],"fullName":"POST /api/apply — web rental application submission stores custom responses for screening questions","status":"passed","title":"stores custom responses for screening questions","duration":1.2726999999999862,"failureMessages":[],"meta":{}},{"ancestorTitles":["POST /api/apply — web rental application submission"],"fullName":"POST /api/apply — web rental application submission does not set customResponses when no custom fields provided","status":"passed","title":"does not set customResponses when no custom fields provided","duration":0.7876999999998588,"failureMessages":[],"meta":{}},{"ancestorTitles":["POST /api/apply — web rental application submission"],"fullName":"POST /api/apply — web rental application submission returns 400 when propertyId is missing","status":"passed","title":"returns 400 when propertyId is missing","duration":0.9753999999998086,"failureMessages":[],"meta":{}},{"ancestorTitles":["POST /api/apply — web rental application submission"],"fullName":"POST /api/apply — web rental application submission returns 404 when property does not exist","status":"passed","title":"returns 404 when property does not exist","duration":1.1255000000001019,"failureMessages":[],"meta":{}},{"ancestorTitles":["POST /api/apply — web rental application submission"],"fullName":"POST /api/apply — web rental application submission returns 404 when property belongs to different landlord","status":"passed","title":"returns 404 when property belongs to different landlord","duration":1.0180999999997766,"failureMessages":[],"meta":{}},{"ancestorTitles":["POST /api/apply — web rental application submission"],"fullName":"POST /api/apply — web rental application submission returns 404 when property is inactive","status":"passed","title":"returns 404 when property is inactive","duration":0.9679999999998472,"failureMessages":[],"meta":{}},{"ancestorTitles":["POST /api/apply — web rental application submission"],"fullName":"POST /api/apply — web rental application submission returns 404 when tenant context cannot be resolved","status":"passed","title":"returns 404 when tenant context cannot be resolved","duration":1.1001000000001113,"failureMessages":[],"meta":{}},{"ancestorTitles":["POST /api/apply — web rental application submission"],"fullName":"POST /api/apply — web rental application submission returns 409 for duplicate application within 30 days","status":"passed","title":"returns 409 for duplicate application within 30 days","duration":0.749000000000251,"failureMessages":[],"meta":{}},{"ancestorTitles":["POST /api/apply — web rental application submission"],"fullName":"POST /api/apply — web rental application submission checks duplicate with correct 30-day window","status":"passed","title":"checks duplicate with correct 30-day window","duration":0.9317000000000917,"failureMessages":[],"meta":{}},{"ancestorTitles":["POST /api/apply — web rental application submission"],"fullName":"POST /api/apply — web rental application submission always sets channel to 'web'","status":"passed","title":"always sets channel to 'web'","duration":0.7296999999998661,"failureMessages":[],"meta":{}},{"ancestorTitles":["POST /api/apply — web rental application submission"],"fullName":"POST /api/apply — web rental application submission handles application without SSN or DOB gracefully","status":"passed","title":"handles application without SSN or DOB gracefully","duration":0.6601999999998043,"failureMessages":[],"meta":{}},{"ancestorTitles":["POST /api/apply — web rental application submission"],"fullName":"POST /api/apply — web rental application submission maps phone field to callerPhone","status":"passed","title":"maps phone field to callerPhone","duration":0.6697999999996682,"failureMessages":[],"meta":{}},{"ancestorTitles":["POST /api/apply — web rental application submission"],"fullName":"POST /api/apply — web rental application submission converts vehicles string to JSON array","status":"passed","title":"converts vehicles string to JSON array","duration":0.828899999999976,"failureMessages":[],"meta":{}},{"ancestorTitles":["POST /api/apply — web rental application submission"],"fullName":"POST /api/apply — web rental application submission stores unparseable vehicles as description fallback","status":"passed","title":"stores unparseable vehicles as description fallback","duration":0.8436999999998989,"failureMessages":[],"meta":{}},{"ancestorTitles":["POST /api/apply — web rental application submission"],"fullName":"POST /api/apply — web rental application submission sends landlord notification email after web application","status":"passed","title":"sends landlord notification email after web application","duration":0.7777999999998428,"failureMessages":[],"meta":{}},{"ancestorTitles":["POST /api/apply — web rental application submission"],"fullName":"POST /api/apply — web rental application submission without TURNSTILE_SECRET_KEY, submission works without token","status":"passed","title":"without TURNSTILE_SECRET_KEY, submission works without token","duration":0.6029999999996107,"failureMessages":[],"meta":{}},{"ancestorTitles":["POST /api/apply — web rental application submission"],"fullName":"POST /api/apply — web rental application submission with TURNSTILE_SECRET_KEY set, returns 400 when token missing","status":"passed","title":"with TURNSTILE_SECRET_KEY set, returns 400 when token missing","duration":0.6963000000000648,"failureMessages":[],"meta":{}},{"ancestorTitles":["POST /api/apply — web rental application submission"],"fullName":"POST /api/apply — web rental application submission with TURNSTILE_SECRET_KEY set, returns 400 when token is invalid","status":"passed","title":"with TURNSTILE_SECRET_KEY set, returns 400 when token is invalid","duration":0.8213000000000648,"failureMessages":[],"meta":{}},{"ancestorTitles":["POST /api/apply — web rental application submission"],"fullName":"POST /api/apply — web rental application submission with TURNSTILE_SECRET_KEY set, allows submission when token is valid","status":"passed","title":"with TURNSTILE_SECRET_KEY set, allows submission when token is valid","duration":0.9418000000000575,"failureMessages":[],"meta":{}},{"ancestorTitles":["POST /api/apply — web rental application submission"],"fullName":"POST /api/apply — web rental application submission does not fail when landlord notification email fails","status":"passed","title":"does not fail when landlord notification email fails","duration":0.9333000000001448,"failureMessages":[],"meta":{}}],"startTime":1787238034711,"endTime":1787238034762.9333,"status":"passed","message":"","name":"C:/Users/staff/src/tenant-ai/apps/tenant-site/src/__tests__/workflow-apply.test.ts"},{"assertionResults":[{"ancestorTitles":["GET /api/portal — tenant dashboard data"],"fullName":"GET /api/portal — tenant dashboard data returns 401 when not authenticated","status":"passed","title":"returns 401 when not authenticated","duration":97.92380000000003,"failureMessages":[],"meta":{}},{"ancestorTitles":["GET /api/portal — tenant dashboard data"],"fullName":"GET /api/portal — tenant dashboard data returns empty dashboard when tenant has no active lease","status":"passed","title":"returns empty dashboard when tenant has no active lease","duration":1.2880999999999858,"failureMessages":[],"meta":{}},{"ancestorTitles":["GET /api/portal — tenant dashboard data"],"fullName":"GET /api/portal — tenant dashboard data returns balance in cents from unpaid rent charges","status":"passed","title":"returns balance in cents from unpaid rent charges","duration":2.1433999999999855,"failureMessages":[],"meta":{}},{"ancestorTitles":["GET /api/portal — tenant dashboard data"],"fullName":"GET /api/portal — tenant dashboard data returns lease details with property info","status":"passed","title":"returns lease details with property info","duration":1.248700000000042,"failureMessages":[],"meta":{}},{"ancestorTitles":["GET /api/portal — tenant dashboard data"],"fullName":"GET /api/portal — tenant dashboard data calculates overdue amount from past-due charges","status":"passed","title":"calculates overdue amount from past-due charges","duration":1.1742999999999597,"failureMessages":[],"meta":{}},{"ancestorTitles":["GET /api/portal — tenant dashboard data"],"fullName":"GET /api/portal — tenant dashboard data returns nextDueDate and nextDueAmount","status":"passed","title":"returns nextDueDate and nextDueAmount","duration":0.8716000000000008,"failureMessages":[],"meta":{}},{"ancestorTitles":["GET /api/portal — tenant dashboard data"],"fullName":"GET /api/portal — tenant dashboard data returns unread notices and messages counts","status":"passed","title":"returns unread notices and messages counts","duration":0.7921000000000049,"failureMessages":[],"meta":{}},{"ancestorTitles":["GET /api/portal — tenant dashboard data"],"fullName":"GET /api/portal — tenant dashboard data returns nextDueDate null when no upcoming charges","status":"passed","title":"returns nextDueDate null when no upcoming charges","duration":0.8249999999999886,"failureMessages":[],"meta":{}}],"startTime":1787238037306,"endTime":1787238037412.825,"status":"passed","message":"","name":"C:/Users/staff/src/tenant-ai/apps/tenant-site/src/__tests__/workflow-portal-dashboard.test.ts"},{"assertionResults":[{"ancestorTitles":["GET /api/portal/lease — tenant lease details"],"fullName":"GET /api/portal/lease — tenant lease details returns 401 when not authenticated","status":"passed","title":"returns 401 when not authenticated","duration":68.15730000000002,"failureMessages":[],"meta":{}},{"ancestorTitles":["GET /api/portal/lease — tenant lease details"],"fullName":"GET /api/portal/lease — tenant lease details returns lease: null when tenant has no active lease","status":"passed","title":"returns lease: null when tenant has no active lease","duration":1.113299999999981,"failureMessages":[],"meta":{}},{"ancestorTitles":["GET /api/portal/lease — tenant lease details"],"fullName":"GET /api/portal/lease — tenant lease details returns full lease details with property info","status":"passed","title":"returns full lease details with property info","duration":2.087699999999984,"failureMessages":[],"meta":{}},{"ancestorTitles":["GET /api/portal/lease — tenant lease details"],"fullName":"GET /api/portal/lease — tenant lease details returns monthlyRent and securityDeposit in cents","status":"passed","title":"returns monthlyRent and securityDeposit in cents","duration":0.8048999999999751,"failureMessages":[],"meta":{}},{"ancestorTitles":["GET /api/portal/lease — tenant lease details"],"fullName":"GET /api/portal/lease — tenant lease details returns documentUrl as null when no lease document uploaded","status":"passed","title":"returns documentUrl as null when no lease document uploaded","duration":0.6698000000000093,"failureMessages":[],"meta":{}},{"ancestorTitles":["GET /api/portal/lease — tenant lease details"],"fullName":"GET /api/portal/lease — tenant lease details supports month-to-month lease type with null endDate","status":"passed","title":"supports month-to-month lease type with null endDate","duration":0.6376000000000204,"failureMessages":[],"meta":{}},{"ancestorTitles":["GET /api/portal/lease — tenant lease details"],"fullName":"GET /api/portal/lease — tenant lease details queries only active leases for the authenticated tenant","status":"passed","title":"queries only active leases for the authenticated tenant","duration":2.6843000000000075,"failureMessages":[],"meta":{}},{"ancestorTitles":["GET /api/portal/lease — tenant lease details"],"fullName":"GET /api/portal/lease — tenant lease details includes lateFeeAmount and lateFeeGraceDays","status":"passed","title":"includes lateFeeAmount and lateFeeGraceDays","duration":0.48869999999999436,"failureMessages":[],"meta":{}}],"startTime":1787238060825,"endTime":1787238060901.6843,"status":"passed","message":"","name":"C:/Users/staff/src/tenant-ai/apps/tenant-site/src/__tests__/workflow-portal-lease.test.ts"},{"assertionResults":[{"ancestorTitles":["GET /api/portal/messages — tenant messages"],"fullName":"GET /api/portal/messages — tenant messages returns 401 when not authenticated","status":"passed","title":"returns 401 when not authenticated","duration":20.174800000000005,"failureMessages":[],"meta":{}},{"ancestorTitles":["GET /api/portal/messages — tenant messages"],"fullName":"GET /api/portal/messages — tenant messages returns messages with isRead and fromTenantId fields","status":"passed","title":"returns messages with isRead and fromTenantId fields","duration":3.1271000000000413,"failureMessages":[],"meta":{}},{"ancestorTitles":["GET /api/portal/messages — tenant messages"],"fullName":"GET /api/portal/messages — tenant messages returns empty array when tenant has no messages","status":"passed","title":"returns empty array when tenant has no messages","duration":1.127900000000011,"failureMessages":[],"meta":{}},{"ancestorTitles":["GET /api/portal/messages — tenant messages"],"fullName":"GET /api/portal/messages — tenant messages queries messages for the correct tenant in desc order","status":"passed","title":"queries messages for the correct tenant in desc order","duration":2.7146999999999935,"failureMessages":[],"meta":{}},{"ancestorTitles":["POST /api/portal/messages — tenant reply"],"fullName":"POST /api/portal/messages — tenant reply returns 401 when not authenticated","status":"passed","title":"returns 401 when not authenticated","duration":3.754599999999982,"failureMessages":[],"meta":{}},{"ancestorTitles":["POST /api/portal/messages — tenant reply"],"fullName":"POST /api/portal/messages — tenant reply returns 400 when required fields are missing","status":"passed","title":"returns 400 when required fields are missing","duration":1.3854000000000042,"failureMessages":[],"meta":{}},{"ancestorTitles":["POST /api/portal/messages — tenant reply"],"fullName":"POST /api/portal/messages — tenant reply returns 400 when body is whitespace-only","status":"passed","title":"returns 400 when body is whitespace-only","duration":0.583500000000015,"failureMessages":[],"meta":{}},{"ancestorTitles":["POST /api/portal/messages — tenant reply"],"fullName":"POST /api/portal/messages — tenant reply returns 404 when parent message does not exist","status":"passed","title":"returns 404 when parent message does not exist","duration":0.6469999999999914,"failureMessages":[],"meta":{}},{"ancestorTitles":["POST /api/portal/messages — tenant reply"],"fullName":"POST /api/portal/messages — tenant reply returns 404 when parent message belongs to another tenant","status":"passed","title":"returns 404 when parent message belongs to another tenant","duration":0.7835999999999785,"failureMessages":[],"meta":{}},{"ancestorTitles":["POST /api/portal/messages — tenant reply"],"fullName":"POST /api/portal/messages — tenant reply creates reply with Re: prefix and correct fields","status":"passed","title":"creates reply with Re: prefix and correct fields","duration":1.5174000000000092,"failureMessages":[],"meta":{}},{"ancestorTitles":["POST /api/portal/messages — tenant reply"],"fullName":"POST /api/portal/messages — tenant reply does not double-prefix Re: on already-prefixed subjects","status":"passed","title":"does not double-prefix Re: on already-prefixed subjects","duration":0.8343000000000416,"failureMessages":[],"meta":{}},{"ancestorTitles":["PUT /api/portal/messages — mark message as read"],"fullName":"PUT /api/portal/messages — mark message as read returns 401 when not authenticated","status":"passed","title":"returns 401 when not authenticated","duration":0.6707999999999856,"failureMessages":[],"meta":{}},{"ancestorTitles":["PUT /api/portal/messages — mark message as read"],"fullName":"PUT /api/portal/messages — mark message as read returns 400 when messageId is missing","status":"passed","title":"returns 400 when messageId is missing","duration":0.7156000000000518,"failureMessages":[],"meta":{}},{"ancestorTitles":["PUT /api/portal/messages — mark message as read"],"fullName":"PUT /api/portal/messages — mark message as read returns 404 when message does not exist","status":"passed","title":"returns 404 when message does not exist","duration":0.4848999999999819,"failureMessages":[],"meta":{}},{"ancestorTitles":["PUT /api/portal/messages — mark message as read"],"fullName":"PUT /api/portal/messages — mark message as read returns 404 when message belongs to another tenant","status":"passed","title":"returns 404 when message belongs to another tenant","duration":0.6062999999999761,"failureMessages":[],"meta":{}},{"ancestorTitles":["PUT /api/portal/messages — mark message as read"],"fullName":"PUT /api/portal/messages — mark message as read marks own message as read and returns updated message","status":"passed","title":"marks own message as read and returns updated message","duration":0.6415000000000077,"failureMessages":[],"meta":{}},{"ancestorTitles":["PUT /api/portal/messages — mark message as read"],"fullName":"PUT /api/portal/messages — mark message as read calls update with isRead: true","status":"passed","title":"calls update with isRead: true","duration":0.6714000000000055,"failureMessages":[],"meta":{}},{"ancestorTitles":["PUT /api/portal/messages — mark message as read"],"fullName":"PUT /api/portal/messages — mark message as read does not allow updating another tenant's message","status":"passed","title":"does not allow updating another tenant's message","duration":0.5150999999999613,"failureMessages":[],"meta":{}}],"startTime":1787238035093,"endTime":1787238035135.5151,"status":"passed","message":"","name":"C:/Users/staff/src/tenant-ai/apps/tenant-site/src/__tests__/workflow-portal-messages.test.ts"},{"assertionResults":[{"ancestorTitles":["GET /api/portal/notices — tenant notices"],"fullName":"GET /api/portal/notices — tenant notices returns 401 when not authenticated","status":"passed","title":"returns 401 when not authenticated","duration":116.23899999999998,"failureMessages":[],"meta":{}},{"ancestorTitles":["GET /api/portal/notices — tenant notices"],"fullName":"GET /api/portal/notices — tenant notices returns notices visible in portal","status":"passed","title":"returns notices visible in portal","duration":3.594099999999969,"failureMessages":[],"meta":{}},{"ancestorTitles":["GET /api/portal/notices — tenant notices"],"fullName":"GET /api/portal/notices — tenant notices returns computed pdfUrl even when DB pdfUrl is null","status":"passed","title":"returns computed pdfUrl even when DB pdfUrl is null","duration":1.0155000000000314,"failureMessages":[],"meta":{}},{"ancestorTitles":["GET /api/portal/notices — tenant notices"],"fullName":"GET /api/portal/notices — tenant notices includes serviceMethod and serviceDate fields","status":"passed","title":"includes serviceMethod and serviceDate fields","duration":1.7045999999999708,"failureMessages":[],"meta":{}},{"ancestorTitles":["GET /api/portal/notices — tenant notices"],"fullName":"GET /api/portal/notices — tenant notices returns empty array when tenant has no notices","status":"passed","title":"returns empty array when tenant has no notices","duration":1.6370999999999754,"failureMessages":[],"meta":{}},{"ancestorTitles":["GET /api/portal/notices — tenant notices"],"fullName":"GET /api/portal/notices — tenant notices queries only visibleInPortal notices for the correct tenant","status":"passed","title":"queries only visibleInPortal notices for the correct tenant","duration":3.7624999999999886,"failureMessages":[],"meta":{}},{"ancestorTitles":["GET /api/portal/notices — tenant notices"],"fullName":"GET /api/portal/notices — tenant notices returns multiple notices in descending order by createdAt","status":"passed","title":"returns multiple notices in descending order by createdAt","duration":1.0118999999999687,"failureMessages":[],"meta":{}},{"ancestorTitles":["GET /api/portal/notices — tenant notices"],"fullName":"GET /api/portal/notices — tenant notices includes amountOwed in cents","status":"passed","title":"includes amountOwed in cents","duration":0.6727999999999952,"failureMessages":[],"meta":{}}],"startTime":1787238060445,"endTime":1787238060574.6729,"status":"passed","message":"","name":"C:/Users/staff/src/tenant-ai/apps/tenant-site/src/__tests__/workflow-portal-notices.test.ts"},{"assertionResults":[{"ancestorTitles":["GET /api/portal/payments — payment history"],"fullName":"GET /api/portal/payments — payment history returns 401 when not authenticated","status":"passed","title":"returns 401 when not authenticated","duration":22.425900000000013,"failureMessages":[],"meta":{}},{"ancestorTitles":["GET /api/portal/payments — payment history"],"fullName":"GET /api/portal/payments — payment history returns payment history for authenticated tenant","status":"passed","title":"returns payment history for authenticated tenant","duration":2.8940000000000055,"failureMessages":[],"meta":{}},{"ancestorTitles":["GET /api/portal/payments — payment history"],"fullName":"GET /api/portal/payments — payment history returns empty array when tenant has no payments","status":"passed","title":"returns empty array when tenant has no payments","duration":1.2477999999999838,"failureMessages":[],"meta":{}},{"ancestorTitles":["GET /api/portal/payments — payment history"],"fullName":"GET /api/portal/payments — payment history queries payments for the correct tenant","status":"passed","title":"queries payments for the correct tenant","duration":2.6708000000000425,"failureMessages":[],"meta":{}},{"ancestorTitles":["GET /api/portal/payments — payment history"],"fullName":"GET /api/portal/payments — payment history includes forMonth field for billing period tracking","status":"passed","title":"includes forMonth field for billing period tracking","duration":0.9533000000000129,"failureMessages":[],"meta":{}},{"ancestorTitles":["POST /api/portal/payments/create-intent — create payment"],"fullName":"POST /api/portal/payments/create-intent — create payment returns 401 when not authenticated","status":"passed","title":"returns 401 when not authenticated","duration":58.14979999999997,"failureMessages":[],"meta":{}},{"ancestorTitles":["POST /api/portal/payments/create-intent — create payment"],"fullName":"POST /api/portal/payments/create-intent — create payment returns 400 when amount is missing","status":"passed","title":"returns 400 when amount is missing","duration":1.2024000000000115,"failureMessages":[],"meta":{}},{"ancestorTitles":["POST /api/portal/payments/create-intent — create payment"],"fullName":"POST /api/portal/payments/create-intent — create payment returns 400 when amount is zero","status":"passed","title":"returns 400 when amount is zero","duration":0.8808999999999969,"failureMessages":[],"meta":{}},{"ancestorTitles":["POST /api/portal/payments/create-intent — create payment"],"fullName":"POST /api/portal/payments/create-intent — create payment returns 400 when amount is negative","status":"passed","title":"returns 400 when amount is negative","duration":0.724899999999991,"failureMessages":[],"meta":{}},{"ancestorTitles":["POST /api/portal/payments/create-intent — create payment"],"fullName":"POST /api/portal/payments/create-intent — create payment returns 400 when amount is not a number","status":"passed","title":"returns 400 when amount is not a number","duration":0.7374999999999545,"failureMessages":[],"meta":{}},{"ancestorTitles":["POST /api/portal/payments/create-intent — create payment"],"fullName":"POST /api/portal/payments/create-intent — create payment returns 400 when leaseId is missing","status":"passed","title":"returns 400 when leaseId is missing","duration":0.67349999999999,"failureMessages":[],"meta":{}},{"ancestorTitles":["POST /api/portal/payments/create-intent — create payment"],"fullName":"POST /api/portal/payments/create-intent — create payment returns 404 when lease does not belong to tenant","status":"passed","title":"returns 404 when lease does not belong to tenant","duration":1.1773999999999774,"failureMessages":[],"meta":{}},{"ancestorTitles":["POST /api/portal/payments/create-intent — create payment"],"fullName":"POST /api/portal/payments/create-intent — create payment creates a pending payment and returns paymentId (201)","status":"passed","title":"creates a pending payment and returns paymentId (201)","duration":1.4335999999999558,"failureMessages":[],"meta":{}},{"ancestorTitles":["POST /api/portal/payments/create-intent — create payment"],"fullName":"POST /api/portal/payments/create-intent — create payment creates payment with status pending, type rent, method card","status":"passed","title":"creates payment with status pending, type rent, method card","duration":1.1025000000000205,"failureMessages":[],"meta":{}},{"ancestorTitles":["POST /api/portal/payments/create-intent — create payment"],"fullName":"POST /api/portal/payments/create-intent — create payment verifies lease ownership with correct tenant and active status","status":"passed","title":"verifies lease ownership with correct tenant and active status","duration":0.9846000000000004,"failureMessages":[],"meta":{}},{"ancestorTitles":["POST /api/portal/payments/create-intent — create payment"],"fullName":"POST /api/portal/payments/create-intent — create payment uses UTC for forMonth field","status":"passed","title":"uses UTC for forMonth field","duration":0.675200000000018,"failureMessages":[],"meta":{}},{"ancestorTitles":["POST /api/portal/payments/create-intent — ACH bank path"],"fullName":"POST /api/portal/payments/create-intent — ACH bank path returns 400 when tenant has no linked bank account","status":"passed","title":"returns 400 when tenant has no linked bank account","duration":0.6133000000000379,"failureMessages":[],"meta":{}},{"ancestorTitles":["POST /api/portal/payments/create-intent — ACH bank path"],"fullName":"POST /api/portal/payments/create-intent — ACH bank path returns 400 when landlord has no Stripe Connect account","status":"passed","title":"returns 400 when landlord has no Stripe Connect account","duration":0.5559999999999832,"failureMessages":[],"meta":{}},{"ancestorTitles":["POST /api/portal/payments/create-intent — ACH bank path"],"fullName":"POST /api/portal/payments/create-intent — ACH bank path creates ACH payment with method 'ach' and returns paymentId (201)","status":"passed","title":"creates ACH payment with method 'ach' and returns paymentId (201)","duration":1.0253999999999905,"failureMessages":[],"meta":{}}],"startTime":1787238033986,"endTime":1787238034088.0254,"status":"passed","message":"","name":"C:/Users/staff/src/tenant-ai/apps/tenant-site/src/__tests__/workflow-portal-payments.test.ts"},{"assertionResults":[{"ancestorTitles":["GET /api/portal/settings — tenant profile"],"fullName":"GET /api/portal/settings — tenant profile returns 401 when not authenticated","status":"passed","title":"returns 401 when not authenticated","duration":21.19440000000003,"failureMessages":[],"meta":{}},{"ancestorTitles":["GET /api/portal/settings — tenant profile"],"fullName":"GET /api/portal/settings — tenant profile returns tenant profile with name, email, phone","status":"passed","title":"returns tenant profile with name, email, phone","duration":1.0043999999999755,"failureMessages":[],"meta":{}},{"ancestorTitles":["GET /api/portal/settings — tenant profile"],"fullName":"GET /api/portal/settings — tenant profile returns tenant with null phone","status":"passed","title":"returns tenant with null phone","duration":0.5896999999999935,"failureMessages":[],"meta":{}},{"ancestorTitles":["PUT /api/portal/settings — update tenant profile"],"fullName":"PUT /api/portal/settings — update tenant profile returns 401 when not authenticated","status":"passed","title":"returns 401 when not authenticated","duration":3.661800000000028,"failureMessages":[],"meta":{}},{"ancestorTitles":["PUT /api/portal/settings — update tenant profile"],"fullName":"PUT /api/portal/settings — update tenant profile updates firstName, lastName, phone","status":"passed","title":"updates firstName, lastName, phone","duration":1.7425999999999817,"failureMessages":[],"meta":{}},{"ancestorTitles":["PUT /api/portal/settings — update tenant profile"],"fullName":"PUT /api/portal/settings — update tenant profile does NOT update email (read-only field)","status":"passed","title":"does NOT update email (read-only field)","duration":0.9895999999999958,"failureMessages":[],"meta":{}},{"ancestorTitles":["PUT /api/portal/settings — update tenant profile"],"fullName":"PUT /api/portal/settings — update tenant profile returns 400 when no valid fields to update","status":"passed","title":"returns 400 when no valid fields to update","duration":0.9586999999999648,"failureMessages":[],"meta":{}},{"ancestorTitles":["PUT /api/portal/settings — update tenant profile"],"fullName":"PUT /api/portal/settings — update tenant profile trims whitespace from firstName and lastName","status":"passed","title":"trims whitespace from firstName and lastName","duration":0.7477000000000089,"failureMessages":[],"meta":{}},{"ancestorTitles":["PUT /api/portal/settings — update tenant profile"],"fullName":"PUT /api/portal/settings — update tenant profile sets phone to null when empty string provided","status":"passed","title":"sets phone to null when empty string provided","duration":0.7212000000000103,"failureMessages":[],"meta":{}},{"ancestorTitles":["PUT /api/portal/settings — password change"],"fullName":"PUT /api/portal/settings — password change rejects new password shorter than 8 characters","status":"passed","title":"rejects new password shorter than 8 characters","duration":0.7538000000000125,"failureMessages":[],"meta":{}},{"ancestorTitles":["PUT /api/portal/settings — password change"],"fullName":"PUT /api/portal/settings — password change rejects when current password is incorrect","status":"passed","title":"rejects when current password is incorrect","duration":0.6843000000000075,"failureMessages":[],"meta":{}},{"ancestorTitles":["PUT /api/portal/settings — password change"],"fullName":"PUT /api/portal/settings — password change updates password when current password is correct","status":"passed","title":"updates password when current password is correct","duration":0.8125999999999749,"failureMessages":[],"meta":{}},{"ancestorTitles":["PUT /api/portal/settings — password change"],"fullName":"PUT /api/portal/settings — password change hashes new password with bcrypt before saving","status":"passed","title":"hashes new password with bcrypt before saving","duration":3.5703000000000316,"failureMessages":[],"meta":{}},{"ancestorTitles":["PUT /api/portal/settings — password change"],"fullName":"PUT /api/portal/settings — password change returns 400 when passwordHash is not set on tenant","status":"passed","title":"returns 400 when passwordHash is not set on tenant","duration":0.7493999999999801,"failureMessages":[],"meta":{}},{"ancestorTitles":["PUT /api/portal/settings — password change"],"fullName":"PUT /api/portal/settings — password change handles combined password change + profile update","status":"passed","title":"handles combined password change + profile update","duration":0.6410999999999945,"failureMessages":[],"meta":{}},{"ancestorTitles":["PUT /api/portal/settings — password change"],"fullName":"PUT /api/portal/settings — password change accepts password of exactly 8 characters","status":"passed","title":"accepts password of exactly 8 characters","duration":0.5837999999999965,"failureMessages":[],"meta":{}}],"startTime":1787238034484,"endTime":1787238034524.5837,"status":"passed","message":"","name":"C:/Users/staff/src/tenant-ai/apps/tenant-site/src/__tests__/workflow-portal-settings.test.ts"},{"assertionResults":[{"ancestorTitles":["GET /api/properties — public property listing"],"fullName":"GET /api/properties — public property listing returns active properties with branding for valid tenant host","status":"passed","title":"returns active properties with branding for valid tenant host","duration":41.28699999999998,"failureMessages":[],"meta":{}},{"ancestorTitles":["GET /api/properties — public property listing"],"fullName":"GET /api/properties — public property listing returns 404 when tenant context cannot be resolved","status":"passed","title":"returns 404 when tenant context cannot be resolved","duration":1.2420999999999935,"failureMessages":[],"meta":{}},{"ancestorTitles":["GET /api/properties — public property listing"],"fullName":"GET /api/properties — public property listing calculates rent range correctly from units","status":"passed","title":"calculates rent range correctly from units","duration":1.015700000000038,"failureMessages":[],"meta":{}},{"ancestorTitles":["GET /api/properties — public property listing"],"fullName":"GET /api/properties — public property listing returns null rent range when no vacant units","status":"passed","title":"returns null rent range when no vacant units","duration":1.0489000000000033,"failureMessages":[],"meta":{}},{"ancestorTitles":["GET /api/properties — public property listing"],"fullName":"GET /api/properties — public property listing returns empty array when landlord has no active properties","status":"passed","title":"returns empty array when landlord has no active properties","duration":1.0638999999999896,"failureMessages":[],"meta":{}},{"ancestorTitles":["GET /api/properties — public property listing"],"fullName":"GET /api/properties — public property listing passes the correct hostname to resolveTenantContext","status":"passed","title":"passes the correct hostname to resolveTenantContext","duration":1.259399999999971,"failureMessages":[],"meta":{}},{"ancestorTitles":["GET /api/properties — public property listing"],"fullName":"GET /api/properties — public property listing queries only active properties for the resolved userId","status":"passed","title":"queries only active properties for the resolved userId","duration":2.8496000000000095,"failureMessages":[],"meta":{}},{"ancestorTitles":["GET /api/properties/[id] — property detail"],"fullName":"GET /api/properties/[id] — property detail returns property detail with units, photos, and questions","status":"passed","title":"returns property detail with units, photos, and questions","duration":25.40379999999999,"failureMessages":[],"meta":{}},{"ancestorTitles":["GET /api/properties/[id] — property detail"],"fullName":"GET /api/properties/[id] — property detail returns 404 when tenant context cannot be resolved","status":"passed","title":"returns 404 when tenant context cannot be resolved","duration":0.960899999999981,"failureMessages":[],"meta":{}},{"ancestorTitles":["GET /api/properties/[id] — property detail"],"fullName":"GET /api/properties/[id] — property detail returns 404 when property does not exist","status":"passed","title":"returns 404 when property does not exist","duration":1.3562000000000012,"failureMessages":[],"meta":{}},{"ancestorTitles":["GET /api/properties/[id] — property detail"],"fullName":"GET /api/properties/[id] — property detail returns 404 when property belongs to a different landlord","status":"passed","title":"returns 404 when property belongs to a different landlord","duration":0.8290999999999826,"failureMessages":[],"meta":{}},{"ancestorTitles":["GET /api/properties/[id] — property detail"],"fullName":"GET /api/properties/[id] — property detail returns 404 when property is inactive","status":"passed","title":"returns 404 when property is inactive","duration":0.8700999999999794,"failureMessages":[],"meta":{}},{"ancestorTitles":["GET /api/properties/[id] — property detail"],"fullName":"GET /api/properties/[id] — property detail returns property with empty units, photos, and questions","status":"passed","title":"returns property with empty units, photos, and questions","duration":1.100400000000036,"failureMessages":[],"meta":{}}],"startTime":1787238035952,"endTime":1787238036033.1003,"status":"passed","message":"","name":"C:/Users/staff/src/tenant-ai/apps/tenant-site/src/__tests__/workflow-public.test.ts"},{"assertionResults":[{"ancestorTitles":["POST /api/auth/signup — tenant account creation"],"fullName":"POST /api/auth/signup — tenant account creation creates tenant account with required fields and returns 201","status":"passed","title":"creates tenant account with required fields and returns 201","duration":74.59590000000003,"failureMessages":[],"meta":{}},{"ancestorTitles":["POST /api/auth/signup — tenant account creation"],"fullName":"POST /api/auth/signup — tenant account creation hashes password before storing","status":"passed","title":"hashes password before storing","duration":2.2958000000000993,"failureMessages":[],"meta":{}},{"ancestorTitles":["POST /api/auth/signup — tenant account creation"],"fullName":"POST /api/auth/signup — tenant account creation normalizes email to lowercase and trims whitespace","status":"passed","title":"normalizes email to lowercase and trims whitespace","duration":1.324100000000044,"failureMessages":[],"meta":{}},{"ancestorTitles":["POST /api/auth/signup — tenant account creation"],"fullName":"POST /api/auth/signup — tenant account creation includes optional phone when provided","status":"passed","title":"includes optional phone when provided","duration":1.4001999999998134,"failureMessages":[],"meta":{}},{"ancestorTitles":["POST /api/auth/signup — tenant account creation"],"fullName":"POST /api/auth/signup — tenant account creation sets phone to null when not provided","status":"passed","title":"sets phone to null when not provided","duration":1.3997999999999138,"failureMessages":[],"meta":{}},{"ancestorTitles":["POST /api/auth/signup — tenant account creation"],"fullName":"POST /api/auth/signup — tenant account creation returns 400 when firstName is missing","status":"passed","title":"returns 400 when firstName is missing","duration":1.1357000000000426,"failureMessages":[],"meta":{}},{"ancestorTitles":["POST /api/auth/signup — tenant account creation"],"fullName":"POST /api/auth/signup — tenant account creation returns 400 when lastName is missing","status":"passed","title":"returns 400 when lastName is missing","duration":0.9812999999999192,"failureMessages":[],"meta":{}},{"ancestorTitles":["POST /api/auth/signup — tenant account creation"],"fullName":"POST /api/auth/signup — tenant account creation returns 400 when email is missing","status":"passed","title":"returns 400 when email is missing","duration":0.8735000000001492,"failureMessages":[],"meta":{}},{"ancestorTitles":["POST /api/auth/signup — tenant account creation"],"fullName":"POST /api/auth/signup — tenant account creation returns 400 when password is missing","status":"passed","title":"returns 400 when password is missing","duration":0.9347999999999956,"failureMessages":[],"meta":{}},{"ancestorTitles":["POST /api/auth/signup — tenant account creation"],"fullName":"POST /api/auth/signup — tenant account creation returns 400 when password is too short","status":"passed","title":"returns 400 when password is too short","duration":1.0679999999999836,"failureMessages":[],"meta":{}},{"ancestorTitles":["POST /api/auth/signup — tenant account creation"],"fullName":"POST /api/auth/signup — tenant account creation returns 409 for duplicate email within same landlord","status":"passed","title":"returns 409 for duplicate email within same landlord","duration":0.7001000000000204,"failureMessages":[],"meta":{}},{"ancestorTitles":["POST /api/auth/signup — tenant account creation"],"fullName":"POST /api/auth/signup — tenant account creation checks email uniqueness per landlord using compound key","status":"passed","title":"checks email uniqueness per landlord using compound key","duration":2.0086999999998625,"failureMessages":[],"meta":{}},{"ancestorTitles":["POST /api/auth/signup — tenant account creation"],"fullName":"POST /api/auth/signup — tenant account creation supports invite token flow","status":"passed","title":"supports invite token flow","duration":2.307299999999941,"failureMessages":[],"meta":{}},{"ancestorTitles":["POST /api/auth/signup — tenant account creation"],"fullName":"POST /api/auth/signup — tenant account creation returns 400 for invalid invite token","status":"passed","title":"returns 400 for invalid invite token","duration":0.7176999999999225,"failureMessages":[],"meta":{}},{"ancestorTitles":["POST /api/auth/signup — tenant account creation"],"fullName":"POST /api/auth/signup — tenant account creation returns 400 for already-accepted invite token","status":"passed","title":"returns 400 for already-accepted invite token","duration":1.9231999999999516,"failureMessages":[],"meta":{}},{"ancestorTitles":["POST /api/auth/signup — tenant account creation"],"fullName":"POST /api/auth/signup — tenant account creation returns 400 for expired invite token","status":"passed","title":"returns 400 for expired invite token","duration":0.8850999999999658,"failureMessages":[],"meta":{}},{"ancestorTitles":["POST /api/auth/signup — tenant account creation"],"fullName":"POST /api/auth/signup — tenant account creation returns 400 when no token and context cannot be resolved","status":"passed","title":"returns 400 when no token and context cannot be resolved","duration":0.706899999999905,"failureMessages":[],"meta":{}},{"ancestorTitles":["POST /api/auth/signup — tenant account creation"],"fullName":"POST /api/auth/signup — tenant account creation associates tenant with the resolved landlord userId","status":"passed","title":"associates tenant with the resolved landlord userId","duration":0.7167999999999211,"failureMessages":[],"meta":{}},{"ancestorTitles":["POST /api/auth/reset-password — password reset with token"],"fullName":"POST /api/auth/reset-password — password reset with token resets password with valid token and returns success message","status":"passed","title":"resets password with valid token and returns success message","duration":17.82510000000002,"failureMessages":[],"meta":{}},{"ancestorTitles":["POST /api/auth/reset-password — password reset with token"],"fullName":"POST /api/auth/reset-password — password reset with token updates password hash and clears reset token","status":"passed","title":"updates password hash and clears reset token","duration":0.7671000000000276,"failureMessages":[],"meta":{}},{"ancestorTitles":["POST /api/auth/reset-password — password reset with token"],"fullName":"POST /api/auth/reset-password — password reset with token verifies token and checks expiry in the query","status":"passed","title":"verifies token and checks expiry in the query","duration":0.8585000000000491,"failureMessages":[],"meta":{}},{"ancestorTitles":["POST /api/auth/reset-password — password reset with token"],"fullName":"POST /api/auth/reset-password — password reset with token returns 400 for expired or invalid token","status":"passed","title":"returns 400 for expired or invalid token","duration":0.5174999999999272,"failureMessages":[],"meta":{}},{"ancestorTitles":["POST /api/auth/reset-password — password reset with token"],"fullName":"POST /api/auth/reset-password — password reset with token returns 400 when token is missing","status":"passed","title":"returns 400 when token is missing","duration":0.42869999999993524,"failureMessages":[],"meta":{}},{"ancestorTitles":["POST /api/auth/reset-password — password reset with token"],"fullName":"POST /api/auth/reset-password — password reset with token returns 400 when password is missing","status":"passed","title":"returns 400 when password is missing","duration":0.40200000000004366,"failureMessages":[],"meta":{}},{"ancestorTitles":["POST /api/auth/reset-password — password reset with token"],"fullName":"POST /api/auth/reset-password — password reset with token returns 400 when new password is too short","status":"passed","title":"returns 400 when new password is too short","duration":0.4541999999999007,"failureMessages":[],"meta":{}},{"ancestorTitles":["POST /api/auth/reset-password — password reset with token"],"fullName":"POST /api/auth/reset-password — password reset with token resets failedLoginAttempts and lockedUntil on successful reset","status":"passed","title":"resets failedLoginAttempts and lockedUntil on successful reset","duration":0.5631000000000768,"failureMessages":[],"meta":{}}],"startTime":1787238033456,"endTime":1787238033575.563,"status":"passed","message":"","name":"C:/Users/staff/src/tenant-ai/apps/tenant-site/src/__tests__/workflow-tenant-auth.test.ts"},{"assertionResults":[{"ancestorTitles":["GET /api/tours/availability — available tour slots"],"fullName":"GET /api/tours/availability — available tour slots returns available slots for a valid property","status":"passed","title":"returns available slots for a valid property","duration":82.06970000000001,"failureMessages":[],"meta":{}},{"ancestorTitles":["GET /api/tours/availability — available tour slots"],"fullName":"GET /api/tours/availability — available tour slots returns 404 when property not found","status":"passed","title":"returns 404 when property not found","duration":1.4826000000000477,"failureMessages":[],"meta":{}},{"ancestorTitles":["GET /api/tours/availability — available tour slots"],"fullName":"GET /api/tours/availability — available tour slots returns 400 for invalid date format","status":"passed","title":"returns 400 for invalid date format","duration":1.262899999999945,"failureMessages":[],"meta":{}},{"ancestorTitles":["GET /api/tours/availability — available tour slots"],"fullName":"GET /api/tours/availability — available tour slots returns empty slots when no tour slots configured","status":"passed","title":"returns empty slots when no tour slots configured","duration":1.207700000000159,"failureMessages":[],"meta":{}},{"ancestorTitles":["POST /api/tours/book — book a tour"],"fullName":"POST /api/tours/book — book a tour creates a booking successfully","status":"passed","title":"creates a booking successfully","duration":109.98360000000002,"failureMessages":[],"meta":{}},{"ancestorTitles":["POST /api/tours/book — book a tour"],"fullName":"POST /api/tours/book — book a tour returns 409 on conflict (double booking)","status":"passed","title":"returns 409 on conflict (double booking)","duration":1.6488999999999123,"failureMessages":[],"meta":{}},{"ancestorTitles":["POST /api/tours/book — book a tour"],"fullName":"POST /api/tours/book — book a tour returns 400 when name is missing","status":"passed","title":"returns 400 when name is missing","duration":1.3320000000001073,"failureMessages":[],"meta":{}},{"ancestorTitles":["POST /api/tours/book — book a tour"],"fullName":"POST /api/tours/book — book a tour returns 400 when datetime is missing","status":"passed","title":"returns 400 when datetime is missing","duration":0.941300000000183,"failureMessages":[],"meta":{}},{"ancestorTitles":["POST /api/tours/book — book a tour"],"fullName":"POST /api/tours/book — book a tour returns 404 when property not found","status":"passed","title":"returns 404 when property not found","duration":0.9641000000001441,"failureMessages":[],"meta":{}},{"ancestorTitles":["PUT /api/tours/bookings/[bookingId] — cancel a booking"],"fullName":"PUT /api/tours/bookings/[bookingId] — cancel a booking cancels a booking successfully when email matches","status":"passed","title":"cancels a booking successfully when email matches","duration":14.263400000000047,"failureMessages":[],"meta":{}},{"ancestorTitles":["PUT /api/tours/bookings/[bookingId] — cancel a booking"],"fullName":"PUT /api/tours/bookings/[bookingId] — cancel a booking returns 403 when email doesn't match","status":"passed","title":"returns 403 when email doesn't match","duration":0.932700000000068,"failureMessages":[],"meta":{}},{"ancestorTitles":["PUT /api/tours/bookings/[bookingId] — cancel a booking"],"fullName":"PUT /api/tours/bookings/[bookingId] — cancel a booking returns 400 when booking is already canceled","status":"passed","title":"returns 400 when booking is already canceled","duration":0.6238000000000739,"failureMessages":[],"meta":{}},{"ancestorTitles":["PUT /api/tours/bookings/[bookingId] — cancel a booking"],"fullName":"PUT /api/tours/bookings/[bookingId] — cancel a booking returns 400 when status is not 'canceled'","status":"passed","title":"returns 400 when status is not 'canceled'","duration":0.5244000000000142,"failureMessages":[],"meta":{}},{"ancestorTitles":["GET + POST /api/portal/maintenance — maintenance requests"],"fullName":"GET + POST /api/portal/maintenance — maintenance requests GET returns tenant's maintenance requests","status":"passed","title":"GET returns tenant's maintenance requests","duration":46.43669999999997,"failureMessages":[],"meta":{}},{"ancestorTitles":["GET + POST /api/portal/maintenance — maintenance requests"],"fullName":"GET + POST /api/portal/maintenance — maintenance requests POST creates a maintenance request","status":"passed","title":"POST creates a maintenance request","duration":1.3699000000001433,"failureMessages":[],"meta":{}},{"ancestorTitles":["GET + POST /api/portal/maintenance — maintenance requests"],"fullName":"GET + POST /api/portal/maintenance — maintenance requests POST returns 400 when title is missing","status":"passed","title":"POST returns 400 when title is missing","duration":0.6505999999999403,"failureMessages":[],"meta":{}},{"ancestorTitles":["GET + POST /api/portal/maintenance — maintenance requests"],"fullName":"GET + POST /api/portal/maintenance — maintenance requests POST returns 400 when description is missing","status":"passed","title":"POST returns 400 when description is missing","duration":0.6032000000000153,"failureMessages":[],"meta":{}},{"ancestorTitles":["GET + POST /api/portal/maintenance — maintenance requests"],"fullName":"GET + POST /api/portal/maintenance — maintenance requests POST returns 400 when no active lease","status":"passed","title":"POST returns 400 when no active lease","duration":0.6460999999999331,"failureMessages":[],"meta":{}},{"ancestorTitles":["GET /api/portal/maintenance/[id] — maintenance request detail"],"fullName":"GET /api/portal/maintenance/[id] — maintenance request detail returns maintenance request detail for owner","status":"passed","title":"returns maintenance request detail for owner","duration":14.93100000000004,"failureMessages":[],"meta":{}},{"ancestorTitles":["GET /api/portal/maintenance/[id] — maintenance request detail"],"fullName":"GET /api/portal/maintenance/[id] — maintenance request detail returns 404 for request owned by different tenant (IDOR check)","status":"passed","title":"returns 404 for request owned by different tenant (IDOR check)","duration":0.5316000000000258,"failureMessages":[],"meta":{}}],"startTime":1787238033447,"endTime":1787238033730.5315,"status":"passed","message":"","name":"C:/Users/staff/src/tenant-ai/apps/tenant-site/src/__tests__/workflow-tours-maintenance.test.ts"},{"assertionResults":[{"ancestorTitles":["logAudit"],"fullName":"logAudit creates an audit log record","status":"passed","title":"creates an audit log record","duration":3.2194999999999823,"failureMessages":[],"meta":{}},{"ancestorTitles":["logAudit"],"fullName":"logAudit omits metadata when not provided","status":"passed","title":"omits metadata when not provided","duration":0.4163000000000068,"failureMessages":[],"meta":{}},{"ancestorTitles":["logAudit"],"fullName":"logAudit does not throw when prisma.create fails","status":"passed","title":"does not throw when prisma.create fails","duration":2.0439999999999827,"failureMessages":[],"meta":{}}],"startTime":1787238066425,"endTime":1787238066431.044,"status":"passed","message":"","name":"C:/Users/staff/src/tenant-ai/packages/shared/src/__tests__/audit.test.ts"},{"assertionResults":[{"ancestorTitles":["Config Resolver"],"fullName":"Config Resolver returns DB value when set (decrypted)","status":"passed","title":"returns DB value when set (decrypted)","duration":4.898799999999994,"failureMessages":[],"meta":{}},{"ancestorTitles":["Config Resolver"],"fullName":"Config Resolver falls back to env var when no DB value","status":"passed","title":"falls back to env var when no DB value","duration":0.6204999999999927,"failureMessages":[],"meta":{}},{"ancestorTitles":["Config Resolver"],"fullName":"Config Resolver falls back to default when neither DB nor env","status":"passed","title":"falls back to default when neither DB nor env","duration":0.3850000000000193,"failureMessages":[],"meta":{}},{"ancestorTitles":["Config Resolver"],"fullName":"Config Resolver returns null when nothing is set","status":"passed","title":"returns null when nothing is set","duration":0.3497999999999877,"failureMessages":[],"meta":{}},{"ancestorTitles":["Config Resolver"],"fullName":"Config Resolver DB value takes priority over env var","status":"passed","title":"DB value takes priority over env var","duration":0.5213999999999999,"failureMessages":[],"meta":{}},{"ancestorTitles":["Config Resolver"],"fullName":"Config Resolver cache hit avoids DB query on second call","status":"passed","title":"cache hit avoids DB query on second call","duration":0.5404000000000053,"failureMessages":[],"meta":{}},{"ancestorTitles":["Config Resolver"],"fullName":"Config Resolver clearConfigCache forces fresh DB read","status":"passed","title":"clearConfigCache forces fresh DB read","duration":0.670800000000014,"failur
[...]
questionId] - update question updates question text","status":"passed","title":"updates question text","duration":19.35699999999997,"failureMessages":[],"meta":{}},{"ancestorTitles":["Questions workflow","PUT /api/properties/[id]/questions/[questionId] - update question"],"fullName":"Questions workflow PUT /api/properties/[id]/questions/[questionId] - update question updates required flag on custom question","status":"passed","title":"updates required flag on custom question","duration":30.266900000000078,"failureMessages":[],"meta":{}},{"ancestorTitles":["Questions workflow","PUT /api/properties/[id]/questions/[questionId] - update question"],"fullName":"Questions workflow PUT /api/properties/[id]/questions/[questionId] - update question updates type on non-standard question","status":"passed","title":"updates type on non-standard question","duration":22.39949999999999,"failureMessages":[],"meta":{}},{"ancestorTitles":["Questions workflow","PUT /api/properties/[id]/questions/[questionId] - update question"],"fullName":"Questions workflow PUT /api/properties/[id]/questions/[questionId] - update question does not update type on standard question","status":"passed","title":"does not update type on standard question","duration":6.241999999999734,"failureMessages":[],"meta":{}},{"ancestorTitles":["Questions workflow","DELETE /api/properties/[id]/questions/[questionId] - remove question"],"fullName":"Questions workflow DELETE /api/properties/[id]/questions/[questionId] - remove question returns 401 when not authenticated","status":"passed","title":"returns 401 when not authenticated","duration":1.1489000000001397,"failureMessages":[],"meta":{}},{"ancestorTitles":["Questions workflow","DELETE /api/properties/[id]/questions/[questionId] - remove question"],"fullName":"Questions workflow DELETE /api/properties/[id]/questions/[questionId] - remove question returns 404 for non-existent question","status":"passed","title":"returns 404 for non-existent question","duration":5.408800000000156,"failureMessages":[],"meta":{}},{"ancestorTitles":["Questions workflow","DELETE /api/properties/[id]/questions/[questionId] - remove question"],"fullName":"Questions workflow DELETE /api/properties/[id]/questions/[questionId] - remove question blocks deletion of standard questions","status":"passed","title":"blocks deletion of standard questions","duration":3.4403000000002066,"failureMessages":[],"meta":{}},{"ancestorTitles":["Questions workflow","DELETE /api/properties/[id]/questions/[questionId] - remove question"],"fullName":"Questions workflow DELETE /api/properties/[id]/questions/[questionId] - remove question deletes a custom question","status":"passed","title":"deletes a custom question","duration":45.25720000000001,"failureMessages":[],"meta":{}},{"ancestorTitles":["Test Call workflow","POST /api/properties/[id]/test-call"],"fullName":"Test Call workflow POST /api/properties/[id]/test-call returns 401 when not authenticated","status":"passed","title":"returns 401 when not authenticated","duration":18.127300000000105,"failureMessages":[],"meta":{}},{"ancestorTitles":["Test Call workflow","POST /api/properties/[id]/test-call"],"fullName":"Test Call workflow POST /api/properties/[id]/test-call returns 404 for non-existent property","status":"passed","title":"returns 404 for non-existent property","duration":2.1539999999999964,"failureMessages":[],"meta":{}},{"ancestorTitles":["Test Call workflow","POST /api/properties/[id]/test-call"],"fullName":"Test Call workflow POST /api/properties/[id]/test-call returns 400 when property has no phone number","status":"passed","title":"returns 400 when property has no phone number","duration":2.0988000000002103,"failureMessages":[],"meta":{}},{"ancestorTitles":["Test Call workflow","POST /api/properties/[id]/test-call"],"fullName":"Test Call workflow POST /api/properties/[id]/test-call returns 400 when property is not active","status":"passed","title":"returns 400 when property is not active","duration":26.921699999999873,"failureMessages":[],"meta":{}},{"ancestorTitles":["Test Call workflow","POST /api/properties/[id]/test-call"],"fullName":"Test Call workflow POST /api/properties/[id]/test-call returns 400 when phoneNumber is missing","status":"passed","title":"returns 400 when phoneNumber is missing","duration":27.316600000000108,"failureMessages":[],"meta":{}}],"startTime":1787238049077,"endTime":1787238050799.3167,"status":"passed","message":"","name":"C:/Users/staff/src/tenant-ai/apps/dashboard/src/__tests__/workflow-properties.test.ts"},{"assertionResults":[{"ancestorTitles":["PUT /api/auth/profile"],"fullName":"PUT /api/auth/profile updates user name, companyName, and phone","status":"passed","title":"updates user name, companyName, and phone","duration":20.46460000000002,"failureMessages":[],"meta":{}},{"ancestorTitles":["PUT /api/auth/profile"],"fullName":"PUT /api/auth/profile trims whitespace from name","status":"passed","title":"trims whitespace from name","duration":1.4347999999999956,"failureMessages":[],"meta":{}},{"ancestorTitles":["PUT /api/auth/profile"],"fullName":"PUT /api/auth/profile returns 400 when name is empty","status":"passed","title":"returns 400 when name is empty","duration":1.2222999999999615,"failureMessages":[],"meta":{}},{"ancestorTitles":["PUT /api/auth/profile"],"fullName":"PUT /api/auth/profile returns 400 when name is only whitespace","status":"passed","title":"returns 400 when name is only whitespace","duration":0.8961000000000467,"failureMessages":[],"meta":{}},{"ancestorTitles":["PUT /api/auth/profile"],"fullName":"PUT /api/auth/profile returns 401 when not authenticated","status":"passed","title":"returns 401 when not authenticated","duration":1.257000000000005,"failureMessages":[],"meta":{}},{"ancestorTitles":["PUT /api/auth/profile"],"fullName":"PUT /api/auth/profile sets companyName to null when empty string provided","status":"passed","title":"sets companyName to null when empty string provided","duration":0.9019999999999868,"failureMessages":[],"meta":{}},{"ancestorTitles":["PUT /api/auth/change-password"],"fullName":"PUT /api/auth/change-password already tested in change-password-api.test.ts — skip","status":"passed","title":"already tested in change-password-api.test.ts — skip","duration":0.14320000000003574,"failureMessages":[],"meta":{}},{"ancestorTitles":["GET /api/stripe/connect"],"fullName":"GET /api/stripe/connect returns connected: false when user has no Connect account","status":"passed","title":"returns connected: false when user has no Connect account","duration":63.48019999999997,"failureMessages":[],"meta":{}},{"ancestorTitles":["GET /api/stripe/connect"],"fullName":"GET /api/stripe/connect returns connected: true when user has Connect account and onboarding is complete","status":"passed","title":"returns connected: true when user has Connect account and onboarding is complete","duration":0.5825000000000387,"failureMessages":[],"meta":{}},{"ancestorTitles":["GET /api/stripe/connect"],"fullName":"GET /api/stripe/connect checks Stripe live status when onboarding not yet marked complete","status":"passed","title":"checks Stripe live status when onboarding not yet marked complete","duration":1.1433999999999855,"failureMessages":[],"meta":{}},{"ancestorTitles":["GET /api/stripe/connect"],"fullName":"GET /api/stripe/connect returns 401 when not authenticated","status":"passed","title":"returns 401 when not authenticated","duration":0.44720000000000937,"failureMessages":[],"meta":{}},{"ancestorTitles":["POST /api/stripe/connect"],"fullName":"POST /api/stripe/connect creates Stripe Connect account and returns onboarding URL","status":"passed","title":"creates Stripe Connect account and returns onboarding URL","duration":1.2799999999999727,"failureMessages":[],"meta":{}},{"ancestorTitles":["POST /api/stripe/connect"],"fullName":"POST /api/stripe/connect reuses existing Connect account if already created","status":"passed","title":"reuses existing Connect account if already created","duration":0.8442000000000007,"failureMessages":[],"meta":{}},{"ancestorTitles":["POST /api/stripe/connect"],"fullName":"POST /api/stripe/connect returns 503 when Stripe is not configured","status":"passed","title":"returns 503 when Stripe is not configured","duration":0.6216999999999757,"failureMessages":[],"meta":{}},{"ancestorTitles":["POST /api/stripe/connect"],"fullName":"POST /api/stripe/connect returns 500 when onboarding link creation fails","status":"passed","title":"returns 500 when onboarding link creation fails","duration":0.7360999999999649,"failureMessages":[],"meta":{}},{"ancestorTitles":["POST /api/stripe/connect"],"fullName":"POST /api/stripe/connect returns 401 when not authenticated","status":"passed","title":"returns 401 when not authenticated","duration":0.5715000000000146,"failureMessages":[],"meta":{}},{"ancestorTitles":["POST /api/stripe/connect"],"fullName":"POST /api/stripe/connect returns 404 when user is not found in DB","status":"passed","title":"returns 404 when user is not found in DB","duration":0.39449999999999363,"failureMessages":[],"meta":{}}],"startTime":1787238059132,"endTime":1787238059229.3945,"status":"passed","message":"","name":"C:/Users/staff/src/tenant-ai/apps/dashboard/src/__tests__/workflow-settings.test.ts"},{"assertionResults":[{"ancestorTitles":["GET /api/tenants"],"fullName":"GET /api/tenants returns tenants array for the authenticated user","status":"passed","title":"returns tenants array for the authenticated user","duration":643.6229000000003,"failureMessages":[],"meta":{}},{"ancestorTitles":["GET /api/tenants"],"fullName":"GET /api/tenants includes active lease with property info","status":"passed","title":"includes active lease with property info","duration":6.325199999999768,"failureMessages":[],"meta":{}},{"ancestorTitles":["GET /api/tenants"],"fullName":"GET /api/tenants only returns current user's tenants (data isolation)","status":"passed","title":"only returns current user's tenants (data isolation)","duration":6.194799999999759,"failureMessages":[],"meta":{}},{"ancestorTitles":["GET /api/tenants"],"fullName":"GET /api/tenants returns 401 when not authenticated","status":"passed","title":"returns 401 when not authenticated","duration":0.6066999999998188,"failureMessages":[],"meta":{}},{"ancestorTitles":["POST /api/tenants"],"fullName":"POST /api/tenants creates a tenant with firstName, lastName, email, phone","status":"passed","title":"creates a tenant with firstName, lastName, email, phone","duration":377.42390000000023,"failureMessages":[],"meta":{}},{"ancestorTitles":["POST /api/tenants"],"fullName":"POST /api/tenants returns 400 for missing required fields","status":"passed","title":"returns 400 for missing required fields","duration":1.139299999999821,"failureMessages":[],"meta":{}},{"ancestorTitles":["POST /api/tenants"],"fullName":"POST /api/tenants returns 400 for missing email","status":"passed","title":"returns 400 for missing email","duration":0.7020000000002256,"failureMessages":[],"meta":{}},{"ancestorTitles":["POST /api/tenants"],"fullName":"POST /api/tenants returns 409 for duplicate email under same landlord","status":"passed","title":"returns 409 for duplicate email under same landlord","duration":2.5560999999997875,"failureMessages":[],"meta":{}},{"ancestorTitles":["GET /api/tenants/[id]"],"fullName":"GET /api/tenants/[id] returns tenant detail with leases and payment history","status":"passed","title":"returns tenant detail with leases and payment history","duration":60.003999999999905,"failureMessages":[],"meta":{}},{"ancestorTitles":["GET /api/tenants/[id]"],"fullName":"GET /api/tenants/[id] returns 404 for non-existent tenant","status":"passed","title":"returns 404 for non-existent tenant","duration":2.742899999999736,"failureMessages":[],"meta":{}},{"ancestorTitles":["GET /api/tenants/[id]"],"fullName":"GET /api/tenants/[id] returns 404 for other user's tenant (IDOR protection)","status":"passed","title":"returns 404 for other user's tenant (IDOR protection)","duration":5.159200000000055,"failureMessages":[],"meta":{}},{"ancestorTitles":["PUT /api/tenants/[id]"],"fullName":"PUT /api/tenants/[id] updates tenant fields (phone)","status":"passed","title":"updates tenant fields (phone)","duration":115.28409999999985,"failureMessages":[],"meta":{}},{"ancestorTitles":["PUT /api/tenants/[id]"],"fullName":"PUT /api/tenants/[id] updates tenant firstName and lastName","status":"passed","title":"updates tenant firstName and lastName","duration":137.45229999999992,"failureMessages":[],"meta":{}},{"ancestorTitles":["PUT /api/tenants/[id]"],"fullName":"PUT /api/tenants/[id] returns 404 for other user's tenant","status":"passed","title":"returns 404 for other user's tenant","duration":2.7533999999996013,"failureMessages":[],"meta":{}},{"ancestorTitles":["PUT /api/tenants/[id]"],"fullName":"PUT /api/tenants/[id] returns 409 when updating email to one already in use","status":"passed","title":"returns 409 when updating email to one already in use","duration":331.5769999999993,"failureMessages":[],"meta":{}},{"ancestorTitles":["POST /api/tenants/invite"],"fullName":"POST /api/tenants/invite creates invite with token and 72-hour expiry","status":"passed","title":"creates invite with token and 72-hour expiry","duration":275.8235000000004,"failureMessages":[],"meta":{}},{"ancestorTitles":["POST /api/tenants/invite"],"fullName":"POST /api/tenants/invite returns 400 for missing email","status":"passed","title":"returns 400 for missing email","duration":0.6291000000001077,"failureMessages":[],"meta":{}},{"ancestorTitles":["POST /api/tenants/invite"],"fullName":"POST /api/tenants/invite returns 400 for missing propertyId","status":"passed","title":"returns 400 for missing propertyId","duration":0.430899999999383,"failureMessages":[],"meta":{}},{"ancestorTitles":["POST /api/tenants/invite"],"fullName":"POST /api/tenants/invite returns 404 for property not owned by user","status":"passed","title":"returns 404 for property not owned by user","duration":2.1266999999998006,"failureMessages":[],"meta":{}},{"ancestorTitles":["POST /api/tenants/[id]/convert"],"fullName":"POST /api/tenants/[id]/convert converts application data into tenant record","status":"passed","title":"converts application data into tenant record","duration":511.6379999999999,"failureMessages":[],"meta":{}},{"ancestorTitles":["POST /api/tenants/[id]/convert"],"fullName":"POST /api/tenants/[id]/convert returns 409 when tenant already exists for that email","status":"passed","title":"returns 409 when tenant already exists for that email","duration":6.373499999999694,"failureMessages":[],"meta":{}},{"ancestorTitles":["POST /api/tenants/[id]/convert"],"fullName":"POST /api/tenants/[id]/convert returns 400 for application not in reviewed/completed status","status":"passed","title":"returns 400 for application not in reviewed/completed status","duration":169.9931999999999,"failureMessages":[],"meta":{}},{"ancestorTitles":["POST /api/tenants/[id]/convert"],"fullName":"POST /api/tenants/[id]/convert returns 400 for application without email","status":"passed","title":"returns 400 for application without email","duration":151.79789999999957,"failureMessages":[],"meta":{}},{"ancestorTitles":["POST /api/tenants/[id]/convert"],"fullName":"POST /api/tenants/[id]/convert converts with lease when unitId + monthlyRent + startDate provided","status":"passed","title":"converts with lease when unitId + monthlyRent + startDate provided","duration":764.5985999999994,"failureMessages":[],"meta":{}},{"ancestorTitles":["POST /api/tenants/[id]/convert"],"fullName":"POST /api/tenants/[id]/convert converts without lease when no unitId provided (backward compatible)","status":"passed","title":"converts without lease when no unitId provided (backward compatible)","duration":392.3175999999994,"failureMessages":[],"meta":{}},{"ancestorTitles":["POST /api/tenants/[id]/convert"],"fullName":"POST /api/tenants/[id]/convert returns 404 for other user's application","status":"passed","title":"returns 404 for other user's application","duration":24.04109999999946,"failureMessages":[],"meta":{}}],"startTime":1787238040412,"endTime":1787238044545.041,"status":"passed","message":"","name":"C:/Users/staff/src/tenant-ai/apps/dashboard/src/__tests__/workflow-tenants.test.ts"},{"assertionResults":[{"ancestorTitles":["GET /api/website-config"],"fullName":"GET /api/website-config returns null config when none exists","status":"passed","title":"returns null config when none exists","duration":46.45060000000001,"failureMessages":[],"meta":{}},{"ancestorTitles":["GET /api/website-config"],"fullName":"GET /api/website-config returns 401 when not authenticated","status":"passed","title":"returns 401 when not authenticated","duration":0.6280000000000427,"failureMessages":[],"meta":{}},{"ancestorTitles":["POST /api/website-config"],"fullName":"POST /api/website-config creates website config with required fields","status":"passed","title":"creates website config with required fields","duration":18.140999999999963,"failureMessages":[],"meta":{}},{"ancestorTitles":["POST /api/website-config"],"fullName":"POST /api/website-config returns 409 when config already exists","status":"passed","title":"returns 409 when config already exists","duration":3.8467999999999165,"failureMessages":[],"meta":{}},{"ancestorTitles":["POST /api/website-config"],"fullName":"POST /api/website-config returns 400 when companyName is missing","status":"passed","title":"returns 400 when companyName is missing","duration":3.2608000000000175,"failureMessages":[],"meta":{}},{"ancestorTitles":["POST /api/website-config"],"fullName":"POST /api/website-config enforces subdomain uniqueness","status":"passed","title":"enforces subdomain uniqueness","duration":4.876500000000078,"failureMessages":[],"meta":{}},{"ancestorTitles":["POST /api/website-config"],"fullName":"POST /api/website-config uses default primary color when not provided","status":"passed","title":"uses default primary color when not provided","duration":8.28570000000002,"failureMessages":[],"meta":{}},{"ancestorTitles":["POST /api/website-config"],"fullName":"POST /api/website-config returns 401 when not authenticated","status":"passed","title":"returns 401 when not authenticated","duration":0.6431999999999789,"failureMessages":[],"meta":{}},{"ancestorTitles":["PUT /api/website-config"],"fullName":"PUT /api/website-config updates website config fields","status":"passed","title":"updates website config fields","duration":7.15930000000003,"failureMessages":[],"meta":{}},{"ancestorTitles":["PUT /api/website-config"],"fullName":"PUT /api/website-config rejects subdomain change to a taken subdomain","status":"passed","title":"rejects subdomain change to a taken subdomain","duration":5.179899999999975,"failureMessages":[],"meta":{}},{"ancestorTitles":["PUT /api/website-config"],"fullName":"PUT /api/website-config allows keeping the same subdomain","status":"passed","title":"allows keeping the same subdomain","duration":20.12239999999997,"failureMessages":[],"meta":{}},{"ancestorTitles":["PUT /api/website-config"],"fullName":"PUT /api/website-config returns 404 when no config exists","status":"passed","title":"returns 404 when no config exists","duration":349.4428999999999,"failureMessages":[],"meta":{}},{"ancestorTitles":["PUT /api/website-config"],"fullName":"PUT /api/website-config returns 401 when not authenticated","status":"passed","title":"returns 401 when not authenticated","duration":1.874699999999848,"failureMessages":[],"meta":{}},{"ancestorTitles":["GET /api/website-config (after creation)"],"fullName":"GET /api/website-config (after creation) returns the existing config","status":"passed","title":"returns the existing config","duration":3.710499999999911,"failureMessages":[],"meta":{}}],"startTime":1787238056169,"endTime":1787238056644.7104,"status":"passed","message":"","name":"C:/Users/staff/src/tenant-ai/apps/dashboard/src/__tests__/workflow-website.test.ts"}]}