{"numTotalTestSuites":249,"numPassedTestSuites":247,"numFailedTestSuites":2,"numPendingTestSuites":0,"numTotalTests":783,"numPassedTests":782,"numFailedTests":1,"numPendingTests":0,"numTodoTests":0,"snapshot":{"added":0,"failure":false,"filesAdded":0,"filesRemoved":0,"filesRemovedList":[],"filesUnmatched":0,"filesUpdated":0,"matched":0,"total":0,"unchecked":0,"uncheckedKeysByFile":[],"unmatched":0,"updated":0,"didUpdate":false},"startTime":1787235554290,"success":false,"testResults":[{"assertionResults":[{"ancestorTitles":["Admin Integrations API - GET /api/admin/integrations"],"fullName":"Admin Integrations API - GET /api/admin/integrations returns all integrations with field statuses when no DB values exist and no env vars","status":"failed","title":"returns all integrations with field statuses when no DB values exist and no env vars","duration":1343.1200999999999,"failureMessages":["AssertionError: expected true to be false // Object.is equality\n    at C:/Users/staff/src/tenant-ai/apps/dashboard/src/__tests__/admin-integrations.test.ts:142:30\n    at processTicksAndRejections (node:internal/process/task_queues:104:5)\n    at file:///C:/Users/staff/src/tenant-ai/node_modules/@vitest/runner/dist/index.js:915:20"],"meta":{}},{"ancestorTitles":["Admin Integrations API - GET /api/admin/integrations"],"fullName":"Admin Integrations API - GET /api/admin/integrations returns source 'environment' when env vars are set but no DB values","status":"passed","title":"returns source 'environment' when env vars are set but no DB values","duration":1.8278000000000247,"failureMessages":[],"meta":{}},{"ancestorTitles":["Admin Integrations API - GET /api/admin/integrations"],"fullName":"Admin Integrations API - GET /api/admin/integrations returns source 'database' when DB values exist (overrides env)","status":"passed","title":"returns source 'database' when DB values exist (overrides env)","duration":2.2331999999996697,"failureMessages":[],"meta":{}},{"ancestorTitles":["Admin Integrations API - GET /api/admin/integrations"],"fullName":"Admin Integrations API - GET /api/admin/integrations includes correct metadata on each field","status":"passed","title":"includes correct metadata on each field","duration":1.2795000000000982,"failureMessages":[],"meta":{}},{"ancestorTitles":["Admin Integrations API - GET /api/admin/integrations"],"fullName":"Admin Integrations API - GET /api/admin/integrations never returns actual key values in GET response","status":"passed","title":"never returns actual key values in GET response","duration":4.016799999999876,"failureMessages":[],"meta":{}},{"ancestorTitles":["Admin Integrations API - GET /api/admin/integrations"],"fullName":"Admin Integrations API - GET /api/admin/integrations returns Plaid with testEndpoint and correct description","status":"passed","title":"returns Plaid with testEndpoint and correct description","duration":1.278400000000147,"failureMessages":[],"meta":{}},{"ancestorTitles":["Admin Integrations API - PUT /api/admin/integrations"],"fullName":"Admin Integrations API - PUT /api/admin/integrations encrypts and stores a value via upsert","status":"passed","title":"encrypts and stores a value via upsert","duration":2.6300999999998567,"failureMessages":[],"meta":{}},{"ancestorTitles":["Admin Integrations API - PUT /api/admin/integrations"],"fullName":"Admin Integrations API - PUT /api/admin/integrations stores multiple fields in a single PUT","status":"passed","title":"stores multiple fields in a single PUT","duration":1.0871999999999389,"failureMessages":[],"meta":{}},{"ancestorTitles":["Admin Integrations API - PUT /api/admin/integrations"],"fullName":"Admin Integrations API - PUT /api/admin/integrations deletes DB entry when value is null (reverts to env fallback)","status":"passed","title":"deletes DB entry when value is null (reverts to env fallback)","duration":1.6683000000002721,"failureMessages":[],"meta":{}},{"ancestorTitles":["Admin Integrations API - PUT /api/admin/integrations"],"fullName":"Admin Integrations API - PUT /api/admin/integrations deletes DB entry when value is empty string","status":"passed","title":"deletes DB entry when value is empty string","duration":11.984300000000076,"failureMessages":[],"meta":{}},{"ancestorTitles":["Admin Integrations API - PUT /api/admin/integrations"],"fullName":"Admin Integrations API - PUT /api/admin/integrations creates an audit log entry on successful update","status":"passed","title":"creates an audit log entry on successful update","duration":4.353500000000167,"failureMessages":[],"meta":{}},{"ancestorTitles":["Admin Integrations API - PUT /api/admin/integrations"],"fullName":"Admin Integrations API - PUT /api/admin/integrations clears config cache after successful update","status":"passed","title":"clears config cache after successful update","duration":1.0817999999999302,"failureMessages":[],"meta":{}},{"ancestorTitles":["Admin Integrations API - PUT /api/admin/integrations"],"fullName":"Admin Integrations API - PUT /api/admin/integrations ignores unknown field keys (not in the integration registry)","status":"passed","title":"ignores unknown field keys (not in the integration registry)","duration":0.6793000000002394,"failureMessages":[],"meta":{}},{"ancestorTitles":["Admin Integrations API - PUT /api/admin/integrations"],"fullName":"Admin Integrations API - PUT /api/admin/integrations returns 400 when integrationId is missing","status":"passed","title":"returns 400 when integrationId is missing","duration":0.4497000000001208,"failureMessages":[],"meta":{}},{"ancestorTitles":["Admin Integrations API - PUT /api/admin/integrations"],"fullName":"Admin Integrations API - PUT /api/admin/integrations returns 400 when values is missing","status":"passed","title":"returns 400 when values is missing","duration":0.4699999999997999,"failureMessages":[],"meta":{}},{"ancestorTitles":["Admin Integrations API - PUT /api/admin/integrations"],"fullName":"Admin Integrations API - PUT /api/admin/integrations returns 400 for unknown integrationId","status":"passed","title":"returns 400 for unknown integrationId","duration":0.44489999999996144,"failureMessages":[],"meta":{}},{"ancestorTitles":["Admin Integrations API - Access Control"],"fullName":"Admin Integrations API - Access Control returns 403 for non-admin user on GET","status":"passed","title":"returns 403 for non-admin user on GET","duration":0.38540000000011787,"failureMessages":[],"meta":{}},{"ancestorTitles":["Admin Integrations API - Access Control"],"fullName":"Admin Integrations API - Access Control returns 403 for non-admin user on PUT","status":"passed","title":"returns 403 for non-admin user on PUT","duration":0.6315999999997075,"failureMessages":[],"meta":{}},{"ancestorTitles":["Admin Integrations API - Access Control"],"fullName":"Admin Integrations API - Access Control returns 403 when no session exists on GET","status":"passed","title":"returns 403 when no session exists on GET","duration":0.3668999999999869,"failureMessages":[],"meta":{}},{"ancestorTitles":["Admin Integrations API - Access Control"],"fullName":"Admin Integrations API - Access Control returns 403 when no session exists on PUT","status":"passed","title":"returns 403 when no session exists on PUT","duration":0.3344999999999345,"failureMessages":[],"meta":{}},{"ancestorTitles":["Twilio Test Connection - POST /api/admin/integrations/twilio/test"],"fullName":"Twilio Test Connection - POST /api/admin/integrations/twilio/test returns 403 for non-admin user","status":"passed","title":"returns 403 for non-admin user","duration":44.358900000000176,"failureMessages":[],"meta":{}},{"ancestorTitles":["Twilio Test Connection - POST /api/admin/integrations/twilio/test"],"fullName":"Twilio Test Connection - POST /api/admin/integrations/twilio/test returns connected: false when credentials are missing","status":"passed","title":"returns connected: false when credentials are missing","duration":0.4477999999999156,"failureMessages":[],"meta":{}},{"ancestorTitles":["Twilio Test Connection - POST /api/admin/integrations/twilio/test"],"fullName":"Twilio Test Connection - POST /api/admin/integrations/twilio/test returns connected: true when Twilio API responds OK","status":"passed","title":"returns connected: true when Twilio API responds OK","duration":1.3376000000002932,"failureMessages":[],"meta":{}},{"ancestorTitles":["Twilio Test Connection - POST /api/admin/integrations/twilio/test"],"fullName":"Twilio Test Connection - POST /api/admin/integrations/twilio/test returns connected: false when Twilio API returns error","status":"passed","title":"returns connected: false when Twilio API returns error","duration":0.3989000000001397,"failureMessages":[],"meta":{}},{"ancestorTitles":["Twilio Test Connection - POST /api/admin/integrations/twilio/test"],"fullName":"Twilio Test Connection - POST /api/admin/integrations/twilio/test returns connected: false when fetch throws","status":"passed","title":"returns connected: false when fetch throws","duration":0.5059000000001106,"failureMessages":[],"meta":{}},{"ancestorTitles":["OpenAI Test Connection - POST /api/admin/integrations/openai/test"],"fullName":"OpenAI Test Connection - POST /api/admin/integrations/openai/test returns 403 for non-admin user","status":"passed","title":"returns 403 for non-admin user","duration":98.13290000000006,"failureMessages":[],"meta":{}},{"ancestorTitles":["OpenAI Test Connection - POST /api/admin/integrations/openai/test"],"fullName":"OpenAI Test Connection - POST /api/admin/integrations/openai/test returns connected: false when API key is missing","status":"passed","title":"returns connected: false when API key is missing","duration":0.4434999999998581,"failureMessages":[],"meta":{}},{"ancestorTitles":["OpenAI Test Connection - POST /api/admin/integrations/openai/test"],"fullName":"OpenAI Test Connection - POST /api/admin/integrations/openai/test returns connected: true when OpenAI API responds OK","status":"passed","title":"returns connected: true when OpenAI API responds OK","duration":0.4113999999999578,"failureMessages":[],"meta":{}},{"ancestorTitles":["OpenAI Test Connection - POST /api/admin/integrations/openai/test"],"fullName":"OpenAI Test Connection - POST /api/admin/integrations/openai/test returns connected: false when OpenAI API returns error","status":"passed","title":"returns connected: false when OpenAI API returns error","duration":0.37489999999979773,"failureMessages":[],"meta":{}},{"ancestorTitles":["Stripe Test Connection - POST /api/admin/integrations/stripe/test"],"fullName":"Stripe Test Connection - POST /api/admin/integrations/stripe/test returns 403 for non-admin user","status":"passed","title":"returns 403 for non-admin user","duration":122.46180000000004,"failureMessages":[],"meta":{}},{"ancestorTitles":["Stripe Test Connection - POST /api/admin/integrations/stripe/test"],"fullName":"Stripe Test Connection - POST /api/admin/integrations/stripe/test returns connected: false when secret key is missing","status":"passed","title":"returns connected: false when secret key is missing","duration":0.5171000000000276,"failureMessages":[],"meta":{}},{"ancestorTitles":["Stripe Test Connection - POST /api/admin/integrations/stripe/test"],"fullName":"Stripe Test Connection - POST /api/admin/integrations/stripe/test returns connected: true when Stripe API responds OK","status":"passed","title":"returns connected: true when Stripe API responds OK","duration":0.4410000000002583,"failureMessages":[],"meta":{}},{"ancestorTitles":["Stripe Test Connection - POST /api/admin/integrations/stripe/test"],"fullName":"Stripe Test Connection - POST /api/admin/integrations/stripe/test returns connected: false when Stripe API returns error","status":"passed","title":"returns connected: false when Stripe API returns error","duration":0.5028999999999542,"failureMessages":[],"meta":{}},{"ancestorTitles":["SendGrid Test Connection - POST /api/admin/integrations/sendgrid/test"],"fullName":"SendGrid Test Connection - POST /api/admin/integrations/sendgrid/test returns 403 for non-admin user","status":"passed","title":"returns 403 for non-admin user","duration":31.775199999999586,"failureMessages":[],"meta":{}},{"ancestorTitles":["SendGrid Test Connection - POST /api/admin/integrations/sendgrid/test"],"fullName":"SendGrid Test Connection - POST /api/admin/integrations/sendgrid/test returns connected: false when API key is missing","status":"passed","title":"returns connected: false when API key is missing","duration":0.6446999999998297,"failureMessages":[],"meta":{}},{"ancestorTitles":["SendGrid Test Connection - POST /api/admin/integrations/sendgrid/test"],"fullName":"SendGrid Test Connection - POST /api/admin/integrations/sendgrid/test returns connected: true when SendGrid API responds OK","status":"passed","title":"returns connected: true when SendGrid API responds OK","duration":0.4948999999996886,"failureMessages":[],"meta":{}},{"ancestorTitles":["SendGrid Test Connection - POST /api/admin/integrations/sendgrid/test"],"fullName":"SendGrid Test Connection - POST /api/admin/integrations/sendgrid/test returns connected: false when SendGrid API returns error","status":"passed","title":"returns connected: false when SendGrid API returns error","duration":0.35849999999982174,"failureMessages":[],"meta":{}},{"ancestorTitles":["S3 Test Connection - POST /api/admin/integrations/s3/test"],"fullName":"S3 Test Connection - POST /api/admin/integrations/s3/test returns 403 for non-admin user","status":"passed","title":"returns 403 for non-admin user","duration":19.74469999999974,"failureMessages":[],"meta":{}},{"ancestorTitles":["S3 Test Connection - POST /api/admin/integrations/s3/test"],"fullName":"S3 Test Connection - POST /api/admin/integrations/s3/test returns connected: false when required credentials are missing","status":"passed","title":"returns connected: false when required credentials are missing","duration":0.36220000000002983,"failureMessages":[],"meta":{}},{"ancestorTitles":["S3 Test Connection - POST /api/admin/integrations/s3/test"],"fullName":"S3 Test Connection - POST /api/admin/integrations/s3/test returns connected: true when S3 HeadBucket succeeds","status":"passed","title":"returns connected: true when S3 HeadBucket succeeds","duration":0.3850999999999658,"failureMessages":[],"meta":{}},{"ancestorTitles":["S3 Test Connection - POST /api/admin/integrations/s3/test"],"fullName":"S3 Test Connection - POST /api/admin/integrations/s3/test returns connected: false when S3 HeadBucket throws","status":"passed","title":"returns connected: false when S3 HeadBucket throws","duration":0.39249999999992724,"failureMessages":[],"meta":{}},{"ancestorTitles":["Plaid Test Connection - POST /api/admin/integrations/plaid/test"],"fullName":"Plaid Test Connection - POST /api/admin/integrations/plaid/test returns 403 for non-admin user","status":"passed","title":"returns 403 for non-admin user","duration":18.652500000000146,"failureMessages":[],"meta":{}},{"ancestorTitles":["Plaid Test Connection - POST /api/admin/integrations/plaid/test"],"fullName":"Plaid Test Connection - POST /api/admin/integrations/plaid/test returns connected: false when credentials are missing","status":"passed","title":"returns connected: false when credentials are missing","duration":0.3920999999995729,"failureMessages":[],"meta":{}},{"ancestorTitles":["Plaid Test Connection - POST /api/admin/integrations/plaid/test"],"fullName":"Plaid Test Connection - POST /api/admin/integrations/plaid/test returns connected: true when Plaid API responds OK","status":"passed","title":"returns connected: true when Plaid API responds OK","duration":0.4936999999999898,"failureMessages":[],"meta":{}},{"ancestorTitles":["Plaid Test Connection - POST /api/admin/integrations/plaid/test"],"fullName":"Plaid Test Connection - POST /api/admin/integrations/plaid/test returns connected: false when Plaid API returns error","status":"passed","title":"returns connected: false when Plaid API returns error","duration":0.4691000000002532,"failureMessages":[],"meta":{}},{"ancestorTitles":["Plaid Test Connection - POST /api/admin/integrations/plaid/test"],"fullName":"Plaid Test Connection - POST /api/admin/integrations/plaid/test returns connected: false on network failure","status":"passed","title":"returns connected: false on network failure","duration":0.4630000000001928,"failureMessages":[],"meta":{}},{"ancestorTitles":["AI Validation Test Connection - POST /api/admin/integrations/ai-validation/test"],"fullName":"AI Validation Test Connection - POST /api/admin/integrations/ai-validation/test returns 403 for non-admin user","status":"passed","title":"returns 403 for non-admin user","duration":11.945400000000063,"failureMessages":[],"meta":{}},{"ancestorTitles":["AI Validation Test Connection - POST /api/admin/integrations/ai-validation/test"],"fullName":"AI Validation Test Connection - POST /api/admin/integrations/ai-validation/test returns connected with AI Validation source when dedicated key is configured","status":"passed","title":"returns connected with AI Validation source when dedicated key is configured","duration":0.536200000000008,"failureMessages":[],"meta":{}},{"ancestorTitles":["AI Validation Test Connection - POST /api/admin/integrations/ai-validation/test"],"fullName":"AI Validation Test Connection - POST /api/admin/integrations/ai-validation/test returns connected with OpenAI fallback when only OpenAI key configured","status":"passed","title":"returns connected with OpenAI fallback when only OpenAI key configured","duration":0.4044999999996435,"failureMessages":[],"meta":{}},{"ancestorTitles":["AI Validation Test Connection - POST /api/admin/integrations/ai-validation/test"],"fullName":"AI Validation Test Connection - POST /api/admin/integrations/ai-validation/test returns connected: false when neither key is configured","status":"passed","title":"returns connected: false when neither key is configured","duration":0.34669999999960055,"failureMessages":[],"meta":{}},{"ancestorTitles":["AI Validation Test Connection - POST /api/admin/integrations/ai-validation/test"],"fullName":"AI Validation Test Connection - POST /api/admin/integrations/ai-validation/test returns connected: false when API returns error","status":"passed","title":"returns connected: false when API returns error","duration":0.33989999999994325,"failureMessages":[],"meta":{}},{"ancestorTitles":["Telnyx Test Connection - POST /api/admin/integrations/telnyx/test"],"fullName":"Telnyx Test Connection - POST /api/admin/integrations/telnyx/test returns 403 for non-admin user","status":"passed","title":"returns 403 for non-admin user","duration":56.40239999999994,"failureMessages":[],"meta":{}},{"ancestorTitles":["Telnyx Test Connection - POST /api/admin/integrations/telnyx/test"],"fullName":"Telnyx Test Connection - POST /api/admin/integrations/telnyx/test returns connected: false when API key is missing","status":"passed","title":"returns connected: false when API key is missing","duration":0.3665000000000873,"failureMessages":[],"meta":{}},{"ancestorTitles":["Telnyx Test Connection - POST /api/admin/integrations/telnyx/test"],"fullName":"Telnyx Test Connection - POST /api/admin/integrations/telnyx/test returns connected: true when Telnyx API responds OK","status":"passed","title":"returns connected: true when Telnyx API responds OK","duration":0.5626999999999498,"failureMessages":[],"meta":{}},{"ancestorTitles":["Telnyx Test Connection - POST /api/admin/integrations/telnyx/test"],"fullName":"Telnyx Test Connection - POST /api/admin/integrations/telnyx/test returns connected: false when Telnyx API returns error","status":"passed","title":"returns connected: false when Telnyx API returns error","duration":0.5716000000002168,"failureMessages":[],"meta":{}},{"ancestorTitles":["Telnyx Test Connection - POST /api/admin/integrations/telnyx/test"],"fullName":"Telnyx Test Connection - POST /api/admin/integrations/telnyx/test returns connected: false when fetch throws","status":"passed","title":"returns connected: false when fetch throws","duration":0.6394000000000233,"failureMessages":[],"meta":{}}],"startTime":1787235555281,"endTime":1787235557079.6394,"status":"failed","message":"","name":"C:/Users/staff/src/tenant-ai/apps/dashboard/src/__tests__/admin-integrations.test.ts"},{"assertionResults":[{"ancestorTitles":["GET /api/admin/phone-system"],"fullName":"GET /api/admin/phone-system returns 403 for non-admin users","status":"passed","title":"returns 403 for non-admin users","duration":76.24349999999998,"failureMessages":[],"meta":{}},{"ancestorTitles":["GET /api/admin/phone-system"],"fullName":"GET /api/admin/phone-system reports ready when tunnel, health, and webhooks are all correct","status":"passed","title":"reports ready when tunnel, health, and webhooks are all correct","duration":446.7467,"failureMessages":[],"meta":{}},{"ancestorTitles":["GET /api/admin/phone-system"],"fullName":"GET /api/admin/phone-system reports not ready with stale webhooks","status":"passed","title":"reports not ready with stale webhooks","duration":1.1884000000000015,"failureMessages":[],"meta":{}},{"ancestorTitles":["GET /api/admin/phone-system"],"fullName":"GET /api/admin/phone-system reports tunnel not running when the ngrok agent is down","status":"passed","title":"reports tunnel not running when the ngrok agent is down","duration":0.8598000000000638,"failureMessages":[],"meta":{}},{"ancestorTitles":["GET /api/admin/phone-system"],"fullName":"GET /api/admin/phone-system ignores mock- and demo-provisioned numbers","status":"passed","title":"ignores mock- and demo-provisioned numbers","duration":1.0634000000000015,"failureMessages":[],"meta":{}},{"ancestorTitles":["POST /api/admin/phone-system"],"fullName":"POST /api/admin/phone-system returns 403 for non-admin users","status":"passed","title":"returns 403 for non-admin users","duration":0.5557999999999765,"failureMessages":[],"meta":{}},{"ancestorTitles":["POST /api/admin/phone-system"],"fullName":"POST /api/admin/phone-system reuses a running tunnel and syncs webhooks to the server routes","status":"passed","title":"reuses a running tunnel and syncs webhooks to the server routes","duration":1.980099999999993,"failureMessages":[],"meta":{}},{"ancestorTitles":["POST /api/admin/phone-system"],"fullName":"POST /api/admin/phone-system spawns ngrok when the agent is not running","status":"passed","title":"spawns ngrok when the agent is not running","duration":1008.4814999999999,"failureMessages":[],"meta":{}},{"ancestorTitles":["POST /api/admin/phone-system"],"fullName":"POST /api/admin/phone-system fails early when no public URL is configured","status":"passed","title":"fails early when no public URL is configured","duration":1.296500000000151,"failureMessages":[],"meta":{}},{"ancestorTitles":["POST /api/admin/phone-system"],"fullName":"POST /api/admin/phone-system skips webhook sync when Twilio credentials are missing","status":"passed","title":"skips webhook sync when Twilio credentials are missing","duration":1.286100000000033,"failureMessages":[],"meta":{}},{"ancestorTitles":["POST /api/admin/phone-system"],"fullName":"POST /api/admin/phone-system only syncs webhooks for numbers with real Twilio SIDs","status":"passed","title":"only syncs webhooks for numbers with real Twilio SIDs","duration":0.9179000000001452,"failureMessages":[],"meta":{}},{"ancestorTitles":["POST /api/admin/phone-system"],"fullName":"POST /api/admin/phone-system reports failure when the public health check never passes","status":"passed","title":"reports failure when the public health check never passes","duration":5021.8729,"failureMessages":[],"meta":{}}],"startTime":1787235568926,"endTime":1787235575488.8728,"status":"passed","message":"","name":"C:/Users/staff/src/tenant-ai/apps/dashboard/src/__tests__/admin-phone-system.test.ts"},{"assertionResults":[{"ancestorTitles":["Admin Pricing - Field Injection Protection"],"fullName":"Admin Pricing - Field Injection Protection allows valid fields in PUT","status":"passed","title":"allows valid fields in PUT","duration":15.45659999999998,"failureMessages":[],"meta":{}},{"ancestorTitles":["Admin Pricing - Field Injection Protection"],"fullName":"Admin Pricing - Field Injection Protection uses id in where clause, not in data","status":"passed","title":"uses id in where clause, not in data","duration":0.9609999999999843,"failureMessages":[],"meta":{}},{"ancestorTitles":["Admin Pricing - Field Injection Protection"],"fullName":"Admin Pricing - Field Injection Protection rejects unexpected fields like createdAt","status":"passed","title":"rejects unexpected fields like createdAt","duration":0.7165000000000248,"failureMessages":[],"meta":{}},{"ancestorTitles":["Admin Pricing - Field Injection Protection"],"fullName":"Admin Pricing - Field Injection Protection rejects malicious arbitrary fields","status":"passed","title":"rejects malicious arbitrary fields","duration":0.6759999999999877,"failureMessages":[],"meta":{}},{"ancestorTitles":["Admin Pricing - Field Injection Protection"],"fullName":"Admin Pricing - Field Injection Protection rejects updatedAt field injection","status":"passed","title":"rejects updatedAt field injection","duration":0.8267999999999915,"failureMessages":[],"meta":{}},{"ancestorTitles":["Admin Pricing - Field Injection Protection"],"fullName":"Admin Pricing - Field Injection Protection allows all legitimate whitelisted fields","status":"passed","title":"allows all legitimate whitelisted fields","duration":0.9827999999999975,"failureMessages":[],"meta":{}},{"ancestorTitles":["Admin Pricing - Field Injection Protection"],"fullName":"Admin Pricing - Field Injection Protection returns 400 when id is missing","status":"passed","title":"returns 400 when id is missing","duration":0.7643999999999949,"failureMessages":[],"meta":{}}],"startTime":1787235576096,"endTime":1787235576115.7644,"status":"passed","message":"","name":"C:/Users/staff/src/tenant-ai/apps/dashboard/src/__tests__/admin-pricing-safety.test.ts"},{"assertionResults":[{"ancestorTitles":["GET /api/admin/server-health"],"fullName":"GET /api/admin/server-health returns 403 for non-admin users","status":"passed","title":"returns 403 for non-admin users","duration":18.941099999999977,"failureMessages":[],"meta":{}},{"ancestorTitles":["GET /api/admin/server-health"],"fullName":"GET /api/admin/server-health proxies health data from the server on SERVER_PORT","status":"passed","title":"proxies health data from the server on SERVER_PORT","duration":4.585700000000031,"failureMessages":[],"meta":{}},{"ancestorTitles":["GET /api/admin/server-health"],"fullName":"GET /api/admin/server-health reports ok=false with the target when the server is down","status":"passed","title":"reports ok=false with the target when the server is down","duration":1.2485000000000355,"failureMessages":[],"meta":{}}],"startTime":1787235577288,"endTime":1787235577313.2485,"status":"passed","message":"","name":"C:/Users/staff/src/tenant-ai/apps/dashboard/src/__tests__/admin-server-health.test.ts"},{"assertionResults":[{"ancestorTitles":["GET /api/admin/sms-relay/property"],"fullName":"GET /api/admin/sms-relay/property returns 403 for non-admin","status":"passed","title":"returns 403 for non-admin","duration":21.090100000000007,"failureMessages":[],"meta":{}},{"ancestorTitles":["GET /api/admin/sms-relay/property"],"fullName":"GET /api/admin/sms-relay/property returns 403 with no session","status":"passed","title":"returns 403 with no session","duration":0.5144000000000233,"failureMessages":[],"meta":{}},{"ancestorTitles":["GET /api/admin/sms-relay/property"],"fullName":"GET /api/admin/sms-relay/property lists phone-bearing properties with intake state","status":"passed","title":"lists phone-bearing properties with intake state","duration":42.72249999999997,"failureMessages":[],"meta":{}},{"ancestorTitles":["PATCH /api/admin/sms-relay/property"],"fullName":"PATCH /api/admin/sms-relay/property returns 403 for non-admin","status":"passed","title":"returns 403 for non-admin","duration":2.7350999999999885,"failureMessages":[],"meta":{}},{"ancestorTitles":["PATCH /api/admin/sms-relay/property"],"fullName":"PATCH /api/admin/sms-relay/property returns 400 without propertyId","status":"passed","title":"returns 400 without propertyId","duration":0.7614999999999554,"failureMessages":[],"meta":{}},{"ancestorTitles":["PATCH /api/admin/sms-relay/property"],"fullName":"PATCH /api/admin/sms-relay/property toggles smsIntakeEnabled and updates the auto-reply","status":"passed","title":"toggles smsIntakeEnabled and updates the auto-reply","duration":9.831099999999992,"failureMessages":[],"meta":{}},{"ancestorTitles":["PATCH /api/admin/sms-relay/property"],"fullName":"PATCH /api/admin/sms-relay/property clears the auto-reply when given an empty string","status":"passed","title":"clears the auto-reply when given an empty string","duration":2.1847000000000207,"failureMessages":[],"meta":{}},{"ancestorTitles":["POST /api/admin/sms-relay/optout"],"fullName":"POST /api/admin/sms-relay/optout returns 403 for non-admin","status":"passed","title":"returns 403 for non-admin","duration":7.70780000000002,"failureMessages":[],"meta":{}},{"ancestorTitles":["POST /api/admin/sms-relay/optout"],"fullName":"POST /api/admin/sms-relay/optout rejects non-E.164 phones","status":"passed","title":"rejects non-E.164 phones","duration":0.6326000000000249,"failureMessages":[],"meta":{}},{"ancestorTitles":["POST /api/admin/sms-relay/optout"],"fullName":"POST /api/admin/sms-relay/optout records an opt-out and is idempotent","status":"passed","title":"records an opt-out and is idempotent","duration":12.13409999999999,"failureMessages":[],"meta":{}},{"ancestorTitles":["GET /api/admin/sms-relay/status"],"fullName":"GET /api/admin/sms-relay/status returns 403 for non-admin","status":"passed","title":"returns 403 for non-admin","duration":382.3641,"failureMessages":[],"meta":{}},{"ancestorTitles":["GET /api/admin/sms-relay/status"],"fullName":"GET /api/admin/sms-relay/status returns counts and ledger totals","status":"passed","title":"returns counts and ledger totals","duration":60.75610000000006,"failureMessages":[],"meta":{}}],"startTime":1787235572888,"endTime":1787235573431.756,"status":"passed","message":"","name":"C:/Users/staff/src/tenant-ai/apps/dashboard/src/__tests__/admin-sms-relay.test.ts"},{"assertionResults":[{"ancestorTitles":["GET /api/admin/surveys"],"fullName":"GET /api/admin/surveys returns 403 for non-admin","status":"passed","title":"returns 403 for non-admin","duration":22.206699999999955,"failureMessages":[],"meta":{}},{"ancestorTitles":["GET /api/admin/surveys"],"fullName":"GET /api/admin/surveys returns 403 with no session","status":"passed","title":"returns 403 with no session","duration":1.1080999999999221,"failureMessages":[],"meta":{}},{"ancestorTitles":["GET /api/admin/surveys"],"fullName":"GET /api/admin/surveys lists sms_link applications and excludes other channels","status":"passed","title":"lists sms_link applications and excludes other channels","duration":86.68130000000019,"failureMessages":[],"meta":{}},{"ancestorTitles":["GET /api/admin/surveys"],"fullName":"GET /api/admin/surveys never includes dateOfBirth in the list payload","status":"passed","title":"never includes dateOfBirth in the list payload","duration":3.713999999999942,"failureMessages":[],"meta":{}},{"ancestorTitles":["GET /api/admin/surveys"],"fullName":"GET /api/admin/surveys filters by q on fullName","status":"passed","title":"filters by q on fullName","duration":5.655799999999999,"failureMessages":[],"meta":{}},{"ancestorTitles":["GET /api/admin/surveys"],"fullName":"GET /api/admin/surveys filters by q on callerPhone","status":"passed","title":"filters by q on callerPhone","duration":2.858699999999999,"failureMessages":[],"meta":{}},{"ancestorTitles":["GET /api/admin/surveys"],"fullName":"GET /api/admin/surveys filters by q with no matches","status":"passed","title":"filters by q with no matches","duration":1.9447999999999865,"failureMessages":[],"meta":{}},{"ancestorTitles":["GET /api/admin/surveys"],"fullName":"GET /api/admin/surveys returns outstanding invites with view=invites","status":"passed","title":"returns outstanding invites with view=invites","duration":6.2690000000000055,"failureMessages":[],"meta":{}},{"ancestorTitles":["GET /api/admin/surveys/[id]"],"fullName":"GET /api/admin/surveys/[id] returns 403 for non-admin","status":"passed","title":"returns 403 for non-admin","duration":20.858999999999924,"failureMessages":[],"meta":{}},{"ancestorTitles":["GET /api/admin/surveys/[id]"],"fullName":"GET /api/admin/surveys/[id] returns 403 with no session","status":"passed","title":"returns 403 with no session","duration":0.7444000000000415,"failureMessages":[],"meta":{}},{"ancestorTitles":["GET /api/admin/surveys/[id]"],"fullName":"GET /api/admin/surveys/[id] returns 404 for an unknown id","status":"passed","title":"returns 404 for an unknown id","duration":2.083099999999831,"failureMessages":[],"meta":{}},{"ancestorTitles":["GET /api/admin/surveys/[id]"],"fullName":"GET /api/admin/surveys/[id] omits dateOfBirth by default","status":"passed","title":"omits dateOfBirth by default","duration":2.001499999999851,"failureMessages":[],"meta":{}},{"ancestorTitles":["GET /api/admin/surveys/[id]"],"fullName":"GET /api/admin/surveys/[id] includes decrypted dateOfBirth with include=pii","status":"passed","title":"includes decrypted dateOfBirth with include=pii","duration":2.40079999999989,"failureMessages":[],"meta":{}}],"startTime":1787235571308,"endTime":1787235571467.401,"status":"passed","message":"","name":"C:/Users/staff/src/tenant-ai/apps/dashboard/src/__tests__/admin-surveys.test.ts"},{"assertionResults":[{"ancestorTitles":["Feature gating"],"fullName":"Feature gating canCreateProperty returns false when at property limit","status":"passed","title":"canCreateProperty returns false when at property limit","duration":925.8697000000002,"failureMessages":[],"meta":{}},{"ancestorTitles":["Feature gating"],"fullName":"Feature gating canCreateProperty returns true when under limit","status":"passed","title":"canCreateProperty returns true when under limit","duration":102.71100000000024,"failureMessages":[],"meta":{}},{"ancestorTitles":["Feature gating"],"fullName":"Feature gating canProvisionPhone returns false when at phone limit","status":"passed","title":"canProvisionPhone returns false when at phone limit","duration":115.47420000000011,"failureMessages":[],"meta":{}},{"ancestorTitles":["Feature gating"],"fullName":"Feature gating canUseCustomDomain returns false when tier disallows","status":"passed","title":"canUseCustomDomain returns false when tier disallows","duration":16.843199999999797,"failureMessages":[],"meta":{}},{"ancestorTitles":["Feature gating"],"fullName":"Feature gating canWriteData returns false for suspended subscription","status":"passed","title":"canWriteData returns false for suspended subscription","duration":104.96320000000014,"failureMessages":[],"meta":{}},{"ancestorTitles":["Feature gating"],"fullName":"Feature gating canWriteData returns true for active subscription","status":"passed","title":"canWriteData returns true for active subscription","duration":5.202499999999873,"failureMessages":[],"meta":{}},{"ancestorTitles":["Feature gating"],"fullName":"Feature gating getSubscriptionStatus returns trial info","status":"passed","title":"getSubscriptionStatus returns trial info","duration":6.927299999999832,"failureMessages":[],"meta":{}},{"ancestorTitles":["Feature gating"],"fullName":"Feature gating getSubscriptionStatus returns null for user without subscription","status":"passed","title":"getSubscriptionStatus returns null for user without subscription","duration":1.3976999999999862,"failureMessages":[],"meta":{}},{"ancestorTitles":["Feature gating"],"fullName":"Feature gating canCreateProperty respects admin override","status":"passed","title":"canCreateProperty respects admin override","duration":6.284400000000005,"failureMessages":[],"meta":{}},{"ancestorTitles":["Feature gating"],"fullName":"Feature gating suspended subscription blocks property creation","status":"passed","title":"suspended subscription blocks property creation","duration":13.866700000000037,"failureMessages":[],"meta":{}},{"ancestorTitles":["Admin subscriptions API"],"fullName":"Admin subscriptions API lists all subscriptions with MRR summary","status":"passed","title":"lists all subscriptions with MRR summary","duration":8.035800000000108,"failureMessages":[],"meta":{}},{"ancestorTitles":["Admin subscriptions API"],"fullName":"Admin subscriptions API filters subscriptions by status","status":"passed","title":"filters subscriptions by status","duration":1.5469999999995707,"failureMessages":[],"meta":{}},{"ancestorTitles":["Admin subscriptions API"],"fullName":"Admin subscriptions API returns subscription detail with usage","status":"passed","title":"returns subscription detail with usage","duration":7.545000000000073,"failureMessages":[],"meta":{}},{"ancestorTitles":["Admin subscriptions API"],"fullName":"Admin subscriptions API updates subscription overrides","status":"passed","title":"updates subscription overrides","duration":3.4185999999999694,"failureMessages":[],"meta":{}},{"ancestorTitles":["Admin subscriptions API"],"fullName":"Admin subscriptions API admin can suspend and reactivate a subscription","status":"passed","title":"admin can suspend and reactivate a subscription","duration":5.016700000000128,"failureMessages":[],"meta":{}},{"ancestorTitles":["Admin subscriptions API"],"fullName":"Admin subscriptions API cancel sets canceledAt timestamp","status":"passed","title":"cancel sets canceledAt timestamp","duration":4.8103000000000975,"failureMessages":[],"meta":{}},{"ancestorTitles":["Admin pricing tiers"],"fullName":"Admin pricing tiers lists all tiers with subscription counts","status":"passed","title":"lists all tiers with subscription counts","duration":2.227100000000064,"failureMessages":[],"meta":{}},{"ancestorTitles":["Admin pricing tiers"],"fullName":"Admin pricing tiers creates a new pricing tier","status":"passed","title":"creates a new pricing tier","duration":1.471100000000206,"failureMessages":[],"meta":{}},{"ancestorTitles":["Admin pricing tiers"],"fullName":"Admin pricing tiers enforces unique tier name","status":"passed","title":"enforces unique tier name","duration":9.68119999999999,"failureMessages":[],"meta":{}},{"ancestorTitles":["Admin pricing tiers"],"fullName":"Admin pricing tiers updates a pricing tier","status":"passed","title":"updates a pricing tier","duration":2.1435999999998785,"failureMessages":[],"meta":{}},{"ancestorTitles":["Admin pricing tiers"],"fullName":"Admin pricing tiers deactivates a tier","status":"passed","title":"deactivates a tier","duration":2.9825000000000728,"failureMessages":[],"meta":{}},{"ancestorTitles":["Admin usage dashboard"],"fullName":"Admin usage dashboard aggregates total AI cost for current month","status":"passed","title":"aggregates total AI cost for current month","duration":1.2921000000001186,"failureMessages":[],"meta":{}},{"ancestorTitles":["Admin usage dashboard"],"fullName":"Admin usage dashboard breaks down usage by type","status":"passed","title":"breaks down usage by type","duration":1.629699999999957,"failureMessages":[],"meta":{}},{"ancestorTitles":["Admin usage dashboard"],"fullName":"Admin usage dashboard returns top users by AI cost","status":"passed","title":"returns top users by AI cost","duration":1.7415000000000873,"failureMessages":[],"meta":{}},{"ancestorTitles":["Admin clients API"],"fullName":"Admin clients API lists all client users","status":"passed","title":"lists all client users","duration":1.7310999999999694,"failureMessages":[],"meta":{}},{"ancestorTitles":["Admin clients API"],"fullName":"Admin clients API does not include admin users in client list","status":"passed","title":"does not include admin users in client list","duration":1.5994000000000597,"failureMessages":[],"meta":{}},{"ancestorTitles":["Role-based access"],"fullName":"Role-based access admin role required for pricing tier operations","status":"passed","title":"admin role required for pricing tier operations","duration":2.0536000000001877,"failureMessages":[],"meta":{}},{"ancestorTitles":["Role-based access"],"fullName":"Role-based access admin user has correct role","status":"passed","title":"admin user has correct role","duration":1.1500999999998385,"failureMessages":[],"meta":{}}],"startTime":1787235561035,"endTime":1787235562398.1501,"status":"passed","message":"","name":"C:/Users/staff/src/tenant-ai/apps/dashboard/src/__tests__/admin.test.ts"},{"assertionResults":[{"ancestorTitles":["apiHandler"],"fullName":"apiHandler returns original response when handler succeeds","status":"passed","title":"returns original response when handler succeeds","duration":7.041799999999995,"failureMessages":[],"meta":{}},{"ancestorTitles":["apiHandler"],"fullName":"apiHandler returns JSON 500 when handler throws","status":"passed","title":"returns JSON 500 when handler throws","duration":2.2905000000000086,"failureMessages":[],"meta":{}},{"ancestorTitles":["apiHandler"],"fullName":"apiHandler returns JSON content type on error","status":"passed","title":"returns JSON content type on error","duration":0.896899999999988,"failureMessages":[],"meta":{}},{"ancestorTitles":["apiHandler"],"fullName":"apiHandler logs the error to console.error","status":"passed","title":"logs the error to console.error","duration":2.3925999999999874,"failureMessages":[],"meta":{}},{"ancestorTitles":["apiHandler"],"fullName":"apiHandler does not leak error details to the client","status":"passed","title":"does not leak error details to the client","duration":1.233099999999979,"failureMessages":[],"meta":{}},{"ancestorTitles":["apiHandler"],"fullName":"apiHandler passes request and context to the handler","status":"passed","title":"passes request and context to the handler","duration":5.622300000000024,"failureMessages":[],"meta":{}}],"startTime":1787235577176,"endTime":1787235577195.6223,"status":"passed","message":"","name":"C:/Users/staff/src/tenant-ai/apps/dashboard/src/__tests__/api-handler.test.ts"},{"assertionResults":[{"ancestorTitles":["Application listing (data isolation)"],"fullName":"Application listing (data isolation) returns only applications for user's properties","status":"passed","title":"returns only applications for user's properties","duration":6.904500000000098,"failureMessages":[],"meta":{}},{"ancestorTitles":["Application listing (data isolation)"],"fullName":"Application listing (data isolation) does NOT include other user's applications","status":"passed","title":"does NOT include other user's applications","duration":2.5647999999998774,"failureMessages":[],"meta":{}},{"ancestorTitles":["Application listing (data isolation)"],"fullName":"Application listing (data isolation) filters by propertyId","status":"passed","title":"filters by propertyId","duration":1.6947000000000116,"failureMessages":[],"meta":{}},{"ancestorTitles":["Application listing (data isolation)"],"fullName":"Application listing (data isolation) filters by status","status":"passed","title":"filters by status","duration":2.103599999999915,"failureMessages":[],"meta":{}},{"ancestorTitles":["Application listing (data isolation)"],"fullName":"Application listing (data isolation) filters by channel","status":"passed","title":"filters by channel","duration":2.2660000000000764,"failureMessages":[],"meta":{}},{"ancestorTitles":["Application listing (data isolation)"],"fullName":"Application listing (data isolation) searches by name (case-insensitive)","status":"passed","title":"searches by name (case-insensitive)","duration":2.6995999999999185,"failureMessages":[],"meta":{}},{"ancestorTitles":["Application listing (data isolation)"],"fullName":"Application listing (data isolation) searches by phone","status":"passed","title":"searches by phone","duration":1.789199999999937,"failureMessages":[],"meta":{}},{"ancestorTitles":["Application listing (data isolation)"],"fullName":"Application listing (data isolation) includes property info","status":"passed","title":"includes property info","duration":5.474299999999857,"failureMessages":[],"meta":{}},{"ancestorTitles":["Application listing (data isolation)"],"fullName":"Application listing (data isolation) supports pagination","status":"passed","title":"supports pagination","duration":4.3513000000000375,"failureMessages":[],"meta":{}},{"ancestorTitles":["Application detail"],"fullName":"Application detail returns full application with property info","status":"passed","title":"returns full application with property info","duration":2.4714000000001306,"failureMessages":[],"meta":{}},{"ancestorTitles":["Application detail"],"fullName":"Application detail returns 404 for other user's application","status":"passed","title":"returns 404 for other user's application","duration":2.352200000000039,"failureMessages":[],"meta":{}},{"ancestorTitles":["Application detail"],"fullName":"Application detail masks SSN in application detail","status":"passed","title":"masks SSN in application detail","duration":1.2306999999998425,"failureMessages":[],"meta":{}},{"ancestorTitles":["Application status update"],"fullName":"Application status update updates status to reviewed with timestamp","status":"passed","title":"updates status to reviewed with timestamp","duration":2.0915999999999713,"failureMessages":[],"meta":{}},{"ancestorTitles":["Application status update"],"fullName":"Application status update updates status to rejected with timestamp","status":"passed","title":"updates status to rejected with timestamp","duration":1.5915999999999713,"failureMessages":[],"meta":{}},{"ancestorTitles":["Application status update"],"fullName":"Application status update saves review notes","status":"passed","title":"saves review notes","duration":1.6588999999999032,"failureMessages":[],"meta":{}},{"ancestorTitles":["Application status update"],"fullName":"Application status update rejects invalid status","status":"passed","title":"rejects invalid status","duration":0.13040000000000873,"failureMessages":[],"meta":{}},{"ancestorTitles":["SSN reveal with audit logging"],"fullName":"SSN reveal with audit logging decrypts SSN correctly","status":"passed","title":"decrypts SSN correctly","duration":1.8768999999999778,"failureMessages":[],"meta":{}},{"ancestorTitles":["SSN reveal with audit logging"],"fullName":"SSN reveal with audit logging creates audit log entry on SSN reveal","status":"passed","title":"creates audit log entry on SSN reveal","duration":6.776800000000094,"failureMessages":[],"meta":{}},{"ancestorTitles":["SSN reveal with audit logging"],"fullName":"SSN reveal with audit logging audit log includes user and timestamp","status":"passed","title":"audit log includes user and timestamp","duration":1.156500000000051,"failureMessages":[],"meta":{}},{"ancestorTitles":["SSN reveal with audit logging"],"fullName":"SSN reveal with audit logging returns error for application with no SSN","status":"passed","title":"returns error for application with no SSN","duration":1.2028000000000247,"failureMessages":[],"meta":{}},{"ancestorTitles":["Application with call log"],"fullName":"Application with call log loads call log transcript with application","status":"passed","title":"loads call log transcript with application","duration":11.588700000000017,"failureMessages":[],"meta":{}}],"startTime":1787235569867,"endTime":1787235569931.5886,"status":"passed","message":"","name":"C:/Users/staff/src/tenant-ai/apps/dashboard/src/__tests__/applications.test.ts"},{"assertionResults":[{"ancestorTitles":["Password hashing"],"fullName":"Password hashing bcrypt hash + compare roundtrip succeeds","status":"passed","title":"bcrypt hash + compare roundtrip succeeds","duration":500.8953,"failureMessages":[],"meta":{}},{"ancestorTitles":["Password hashing"],"fullName":"Password hashing bcrypt compare fails with wrong password","status":"passed","title":"bcrypt compare fails with wrong password","duration":476.1951999999999,"failureMessages":[],"meta":{}},{"ancestorTitles":["Password hashing"],"fullName":"Password hashing bcrypt generates different hashes for same password","status":"passed","title":"bcrypt generates different hashes for same password","duration":993.4461000000001,"failureMessages":[],"meta":{}},{"ancestorTitles":["Signup"],"fullName":"Signup creates a new user with hashed password","status":"passed","title":"creates a new user with hashed password","duration":489.1089999999999,"failureMessages":[],"meta":{}},{"ancestorTitles":["Signup"],"fullName":"Signup rejects duplicate email","status":"passed","title":"rejects duplicate email","duration":245.63330000000042,"failureMessages":[],"meta":{}},{"ancestorTitles":["Signup"],"fullName":"Signup stores optional company name and phone","status":"passed","title":"stores optional company name and phone","duration":260.63290000000006,"failureMessages":[],"meta":{}},{"ancestorTitles":["Login and account lockout"],"fullName":"Login and account lockout successful login with correct password","status":"passed","title":"successful login with correct password","duration":245.71810000000005,"failureMessages":[],"meta":{}},{"ancestorTitles":["Login and account lockout"],"fullName":"Login and account lockout failed login with wrong password","status":"passed","title":"failed login with wrong password","duration":244.17250000000013,"failureMessages":[],"meta":{}},{"ancestorTitles":["Login and account lockout"],"fullName":"Login and account lockout increments failedLoginAttempts on wrong password","status":"passed","title":"increments failedLoginAttempts on wrong password","duration":5.6085000000002765,"failureMessages":[],"meta":{}},{"ancestorTitles":["Login and account lockout"],"fullName":"Login and account lockout locks account after 5 failed attempts","status":"passed","title":"locks account after 5 failed attempts","duration":4.715299999999843,"failureMessages":[],"meta":{}},{"ancestorTitles":["Login and account lockout"],"fullName":"Login and account lockout rejects login when account is locked","status":"passed","title":"rejects login when account is locked","duration":4.177100000000337,"failureMessages":[],"meta":{}},{"ancestorTitles":["Login and account lockout"],"fullName":"Login and account lockout allows login after lockout expires","status":"passed","title":"allows login after lockout expires","duration":257.74360000000024,"failureMessages":[],"meta":{}},{"ancestorTitles":["Login and account lockout"],"fullName":"Login and account lockout resets failed attempts on successful login","status":"passed","title":"resets failed attempts on successful login","duration":11.706100000000333,"failureMessages":[],"meta":{}},{"ancestorTitles":["Password reset"],"fullName":"Password reset stores reset token and expiry","status":"passed","title":"stores reset token and expiry","duration":2.916900000000169,"failureMessages":[],"meta":{}},{"ancestorTitles":["Password reset"],"fullName":"Password reset finds user by valid (non-expired) reset token","status":"passed","title":"finds user by valid (non-expired) reset token","duration":2.24369999999999,"failureMessages":[],"meta":{}},{"ancestorTitles":["Password reset"],"fullName":"Password reset does not find user with expired reset token","status":"passed","title":"does not find user with expired reset token","duration":1.8107999999992899,"failureMessages":[],"meta":{}},{"ancestorTitles":["Password reset"],"fullName":"Password reset updates password and clears reset token","status":"passed","title":"updates password and clears reset token","duration":715.6113999999998,"failureMessages":[],"meta":{}},{"ancestorTitles":["Role-based access"],"fullName":"Role-based access user created with client role by default","status":"passed","title":"user created with client role by default","duration":261.77460000000065,"failureMessages":[],"meta":{}},{"ancestorTitles":["Role-based access"],"fullName":"Role-based access admin role can be set","status":"passed","title":"admin role can be set","duration":256.7488999999996,"failureMessages":[],"meta":{}}],"startTime":1787235570351,"endTime":1787235575836.7488,"status":"passed","message":"","name":"C:/Users/staff/src/tenant-ai/apps/dashboard/src/__tests__/auth.test.ts"},{"assertionResults":[{"ancestorTitles":["Pricing tiers"],"fullName":"Pricing tiers seed created 3 tiers: starter, growth, scale","status":"passed","title":"seed created 3 tiers: starter, growth, scale","duration":8.30789999999999,"failureMessages":[],"meta":{}},{"ancestorTitles":["Pricing tiers"],"fullName":"Pricing tiers starter tier: $20/mo, $10 AI included, 50% markup, 3 props, 3 phones","status":"passed","title":"starter tier: $20/mo, $10 AI included, 50% markup, 3 props, 3 phones","duration":2.3218999999999994,"failureMessages":[],"meta":{}},{"ancestorTitles":["Pricing tiers"],"fullName":"Pricing tiers growth tier: $50/mo, $30 AI included, 40% markup, 10 props, custom domain","status":"passed","title":"growth tier: $50/mo, $30 AI included, 40% markup, 10 props, custom domain","duration":1.401600000000002,"failureMessages":[],"meta":{}},{"ancestorTitles":["Pricing tiers"],"fullName":"Pricing tiers scale tier: $100/mo, $75 AI included, 30% markup, unlimited","status":"passed","title":"scale tier: $100/mo, $75 AI included, 30% markup, unlimited","duration":1.0841000000000065,"failureMessages":[],"meta":{}},{"ancestorTitles":["Pricing tiers"],"fullName":"Pricing tiers tier name is unique (duplicate fails)","status":"passed","title":"tier name is unique (duplicate fails)","duration":8.381500000000017,"failureMessages":[],"meta":{}},{"ancestorTitles":["Pricing tiers"],"fullName":"Pricing tiers deactivated tier excluded from active listing","status":"passed","title":"deactivated tier excluded from active listing","duration":5.875999999999976,"failureMessages":[],"meta":{}},{"ancestorTitles":["Pricing tiers"],"fullName":"Pricing tiers sortOrder controls display order","status":"passed","title":"sortOrder controls display order","duration":1.3915999999999826,"failureMessages":[],"meta":{}},{"ancestorTitles":["Subscriptions"],"fullName":"Subscriptions creates subscription with trialing status and 14-day trial","status":"passed","title":"creates subscription with trialing status and 14-day trial","duration":7.7561000000000035,"failureMessages":[],"meta":{}},{"ancestorTitles":["Subscriptions"],"fullName":"Subscriptions userId is unique — duplicate subscription fails","status":"passed","title":"userId is unique — duplicate subscription fails","duration":2.180500000000052,"failureMessages":[],"meta":{}},{"ancestorTitles":["Subscriptions"],"fullName":"Subscriptions upgrade: change tierId from starter to growth","status":"passed","title":"upgrade: change tierId from starter to growth","duration":2.693200000000047,"failureMessages":[],"meta":{}},{"ancestorTitles":["Subscriptions"],"fullName":"Subscriptions includes tier details when querying subscription","status":"passed","title":"includes tier details when querying subscription","duration":1.6924999999999955,"failureMessages":[],"meta":{}},{"ancestorTitles":["Subscriptions"],"fullName":"Subscriptions cancel: sets status to canceled with canceledAt","status":"passed","title":"cancel: sets status to canceled with canceledAt","duration":1.6802000000000135,"failureMessages":[],"meta":{}},{"ancestorTitles":["Subscriptions"],"fullName":"Subscriptions admin overrides: can set per-landlord custom pricing","status":"passed","title":"admin overrides: can set per-landlord custom pricing","duration":1.7398000000000593,"failureMessages":[],"meta":{}}],"startTime":1787235573729,"endTime":1787235574022.7397,"status":"passed","message":"","name":"C:/Users/staff/src/tenant-ai/apps/dashboard/src/__tests__/billing.test.ts"},{"assertionResults":[{"ancestorTitles":["Call log listing (data isolation)"],"fullName":"Call log listing (data isolation) returns only logs for user's properties","status":"passed","title":"returns only logs for user's properties","duration":6.550500000000056,"failureMessages":[],"meta":{}},{"ancestorTitles":["Call log listing (data isolation)"],"fullName":"Call log listing (data isolation) does NOT include other user's logs","status":"passed","title":"does NOT include other user's logs","duration":2.269700000000057,"failureMessages":[],"meta":{}},{"ancestorTitles":["Call log listing (data isolation)"],"fullName":"Call log listing (data isolation) filters by propertyId","status":"passed","title":"filters by propertyId","duration":2.5108999999999924,"failureMessages":[],"meta":{}},{"ancestorTitles":["Call log listing (data isolation)"],"fullName":"Call log listing (data isolation) filters by channel","status":"passed","title":"filters by channel","duration":2.0409000000000788,"failureMessages":[],"meta":{}},{"ancestorTitles":["Call log listing (data isolation)"],"fullName":"Call log listing (data isolation) filters by date range","status":"passed","title":"filters by date range","duration":3.079499999999939,"failureMessages":[],"meta":{}},{"ancestorTitles":["Call log listing (data isolation)"],"fullName":"Call log listing (data isolation) includes property info","status":"passed","title":"includes property info","duration":2.7592999999999392,"failureMessages":[],"meta":{}},{"ancestorTitles":["Call log listing (data isolation)"],"fullName":"Call log listing (data isolation) supports pagination","status":"passed","title":"supports pagination","duration":3.456199999999967,"failureMessages":[],"meta":{}},{"ancestorTitles":["Call log cost summary"],"fullName":"Call log cost summary aggregates total calls, duration, and cost","status":"passed","title":"aggregates total calls, duration, and cost","duration":2.5336999999999534,"failureMessages":[],"meta":{}},{"ancestorTitles":["Call log cost summary"],"fullName":"Call log cost summary aggregates for single property","status":"passed","title":"aggregates for single property","duration":1.6770999999999958,"failureMessages":[],"meta":{}},{"ancestorTitles":["Call log detail"],"fullName":"Call log detail returns call log with transcript","status":"passed","title":"returns call log with transcript","duration":2.1107999999999265,"failureMessages":[],"meta":{}},{"ancestorTitles":["Call log detail"],"fullName":"Call log detail includes reconnect count","status":"passed","title":"includes reconnect count","duration":1.844000000000051,"failureMessages":[],"meta":{}},{"ancestorTitles":["Call log detail"],"fullName":"Call log detail returns 404 for other user's log","status":"passed","title":"returns 404 for other user's log","duration":2.7070999999999685,"failureMessages":[],"meta":{}}],"startTime":1787235574039,"endTime":1787235574073.707,"status":"passed","message":"","name":"C:/Users/staff/src/tenant-ai/apps/dashboard/src/__tests__/call-logs.test.ts"},{"assertionResults":[{"ancestorTitles":["Change Password API"],"fullName":"Change Password API changes password with correct current password","status":"passed","title":"changes password with correct current password","duration":1069.9841000000001,"failureMessages":[],"meta":{}},{"ancestorTitles":["Change Password API"],"fullName":"Change Password API rejects wrong current password","status":"passed","title":"rejects wrong current password","duration":561.7712000000001,"failureMessages":[],"meta":{}},{"ancestorTitles":["Change Password API"],"fullName":"Change Password API returns 401 when not authenticated","status":"passed","title":"returns 401 when not authenticated","duration":237.28990000000022,"failureMessages":[],"meta":{}},{"ancestorTitles":["Change Password API"],"fullName":"Change Password API returns 400 when currentPassword is missing","status":"passed","title":"returns 400 when currentPassword is missing","duration":234.01380000000017,"failureMessages":[],"meta":{}},{"ancestorTitles":["Change Password API"],"fullName":"Change Password API returns 400 when newPassword is missing","status":"passed","title":"returns 400 when newPassword is missing","duration":228.48960000000034,"failureMessages":[],"meta":{}},{"ancestorTitles":["Change Password API"],"fullName":"Change Password API returns 400 when new password is too short","status":"passed","title":"returns 400 when new password is too short","duration":229.95920000000024,"failureMessages":[],"meta":{}},{"ancestorTitles":["Change Password API"],"fullName":"Change Password API returns 400 when user record has no passwordHash","status":"passed","title":"returns 400 when user record has no passwordHash","duration":233.28340000000026,"failureMessages":[],"meta":{}},{"ancestorTitles":["Change Password API"],"fullName":"Change Password API looks up user by session user id","status":"passed","title":"looks up user by session user id","duration":701.8631,"failureMessages":[],"meta":{}}],"startTime":1787235575741,"endTime":1787235579237.863,"status":"passed","message":"","name":"C:/Users/staff/src/tenant-ai/apps/dashboard/src/__tests__/change-password-api.test.ts"},{"assertionResults":[{"ancestorTitles":["GET /api/payments/export — payments CSV"],"fullName":"GET /api/payments/export — payments CSV returns valid CSV with header and data rows","status":"passed","title":"returns valid CSV with header and data rows","duration":535.808,"failureMessages":[],"meta":{}},{"ancestorTitles":["GET /api/payments/export — payments CSV"],"fullName":"GET /api/payments/export — payments CSV returns 401 when not authenticated","status":"passed","title":"returns 401 when not authenticated","duration":1.191000000000031,"failureMessages":[],"meta":{}},{"ancestorTitles":["GET /api/payments/export — payments CSV"],"fullName":"GET /api/payments/export — payments CSV only includes landlord's own payments (data isolation)","status":"passed","title":"only includes landlord's own payments (data isolation)","duration":3.286200000000008,"failureMessages":[],"meta":{}},{"ancestorTitles":["GET /api/applications/export — applications CSV"],"fullName":"GET /api/applications/export — applications CSV returns valid CSV with application data","status":"passed","title":"returns valid CSV with application data","duration":14.86609999999996,"failureMessages":[],"meta":{}}],"startTime":1787235576404,"endTime":1787235576959.8662,"status":"passed","message":"","name":"C:/Users/staff/src/tenant-ai/apps/dashboard/src/__tests__/csv-export.test.ts"},{"assertionResults":[{"ancestorTitles":["Dashboard stats queries"],"fullName":"Dashboard stats queries counts applications created today","status":"passed","title":"counts applications created today","duration":5.053199999999947,"failureMessages":[],"meta":{}},{"ancestorTitles":["Dashboard stats queries"],"fullName":"Dashboard stats queries counts in-progress applications","status":"passed","title":"counts in-progress applications","duration":1.310100000000034,"failureMessages":[],"meta":{}},{"ancestorTitles":["Dashboard stats queries"],"fullName":"Dashboard stats queries counts completed this month","status":"passed","title":"counts completed this month","duration":1.3736999999999853,"failureMessages":[],"meta":{}},{"ancestorTitles":["Dashboard stats queries"],"fullName":"Dashboard stats queries sums estimated cost this month","status":"passed","title":"sums estimated cost this month","duration":3.0942000000000007,"failureMessages":[],"meta":{}},{"ancestorTitles":["Dashboard stats queries"],"fullName":"Dashboard stats queries does NOT include other user's data in stats","status":"passed","title":"does NOT include other user's data in stats","duration":2.2187000000000126,"failureMessages":[],"meta":{}},{"ancestorTitles":["Recent applications"],"fullName":"Recent applications returns last 10 applications ordered by date","status":"passed","title":"returns last 10 applications ordered by date","duration":2.6317999999999984,"failureMessages":[],"meta":{}},{"ancestorTitles":["Recent applications"],"fullName":"Recent applications includes property info in each application","status":"passed","title":"includes property info in each application","duration":1.909599999999955,"failureMessages":[],"meta":{}},{"ancestorTitles":["Recent applications"],"fullName":"Recent applications does NOT include other user's applications","status":"passed","title":"does NOT include other user's applications","duration":2.0247000000000526,"failureMessages":[],"meta":{}}],"startTime":1787235573887,"endTime":1787235573907.0247,"status":"passed","message":"","name":"C:/Users/staff/src/tenant-ai/apps/dashboard/src/__tests__/dashboard-stats.test.ts"},{"assertionResults":[{"ancestorTitles":["POST /api/auth/forgot-password"],"fullName":"POST /api/auth/forgot-password returns 200 with valid existing email","status":"passed","title":"returns 200 with valid existing email","duration":51.913900000000126,"failureMessages":[],"meta":{}},{"ancestorTitles":["POST /api/auth/forgot-password"],"fullName":"POST /api/auth/forgot-password saves resetToken and resetTokenExpiry to User record","status":"passed","title":"saves resetToken and resetTokenExpiry to User record","duration":5.656700000000001,"failureMessages":[],"meta":{}},{"ancestorTitles":["POST /api/auth/forgot-password"],"fullName":"POST /api/auth/forgot-password returns 200 for non-existent email (no enumeration)","status":"passed","title":"returns 200 for non-existent email (no enumeration)","duration":1.596900000000005,"failureMessages":[],"meta":{}},{"ancestorTitles":["POST /api/auth/forgot-password"],"fullName":"POST /api/auth/forgot-password does not set resetToken for non-existent email","status":"passed","title":"does not set resetToken for non-existent email","duration":0.8451999999999771,"failureMessages":[],"meta":{}},{"ancestorTitles":["POST /api/auth/forgot-password"],"fullName":"POST /api/auth/forgot-password sets resetTokenExpiry at least 30 minutes in the future","status":"passed","title":"sets resetTokenExpiry at least 30 minutes in the future","duration":5.009599999999864,"failureMessages":[],"meta":{}},{"ancestorTitles":["POST /api/auth/forgot-password"],"fullName":"POST /api/auth/forgot-password returns 400 when email is missing","status":"passed","title":"returns 400 when email is missing","duration":0.7846999999999298,"failureMessages":[],"meta":{}}],"startTime":1787235577596,"endTime":1787235577661.7847,"status":"passed","message":"","name":"C:/Users/staff/src/tenant-ai/apps/dashboard/src/__tests__/forgot-password.test.ts"},{"assertionResults":[{"ancestorTitles":["Photo reorder IDOR protection"],"fullName":"Photo reorder IDOR protection property A's photos do not include property B's photo IDs","status":"passed","title":"property A's photos do not include property B's photo IDs","duration":3.5054000000000087,"failureMessages":[],"meta":{}},{"ancestorTitles":["Photo reorder IDOR protection"],"fullName":"Photo reorder IDOR protection rejects reorder request containing foreign photo ID","status":"passed","title":"rejects reorder request containing foreign photo ID","duration":1.0352000000000317,"failureMessages":[],"meta":{}},{"ancestorTitles":["Photo reorder IDOR protection"],"fullName":"Photo reorder IDOR protection accepts reorder request with only owned photo IDs","status":"passed","title":"accepts reorder request with only owned photo IDs","duration":4.2590000000000146,"failureMessages":[],"meta":{}},{"ancestorTitles":["Question reorder IDOR protection"],"fullName":"Question reorder IDOR protection property A's questions do not include property B's question IDs","status":"passed","title":"property A's questions do not include property B's question IDs","duration":3.4080000000000155,"failureMessages":[],"meta":{}},{"ancestorTitles":["Question reorder IDOR protection"],"fullName":"Question reorder IDOR protection rejects reorder request containing foreign question ID","status":"passed","title":"rejects reorder request containing foreign question ID","duration":0.9484999999999673,"failureMessages":[],"meta":{}},{"ancestorTitles":["Question reorder IDOR protection"],"fullName":"Question reorder IDOR protection ownership check scopes property lookup to current user","status":"passed","title":"ownership check scopes property lookup to current user","duration":2.775700000000029,"failureMessages":[],"meta":{}}],"startTime":1787235575304,"endTime":1787235575320.7756,"status":"passed","message":"","name":"C:/Users/staff/src/tenant-ai/apps/dashboard/src/__tests__/idor-protection.test.ts"},{"assertionResults":[{"ancestorTitles":["Lease creation"],"fullName":"Lease creation creates a lease and updates unit to occupied","status":"passed","title":"creates a lease and updates unit to occupied","duration":9.883000000000038,"failureMessages":[],"meta":{}},{"ancestorTitles":["Lease creation"],"fullName":"Lease creation enforces IL minimum 5-day grace period","status":"passed","title":"enforces IL minimum 5-day grace period","duration":0.20709999999985484,"failureMessages":[],"meta":{}},{"ancestorTitles":["Lease creation"],"fullName":"Lease creation rejects end date before start date","status":"passed","title":"rejects end date before start date","duration":0.12149999999996908,"failureMessages":[],"meta":{}},{"ancestorTitles":["Lease creation"],"fullName":"Lease creation allows month-to-month lease (no end date)","status":"passed","title":"allows month-to-month lease (no end date)","duration":10.172300000000178,"failureMessages":[],"meta":{}},{"ancestorTitles":["Lease creation"],"fullName":"Lease creation rejects lease on already-occupied unit","status":"passed","title":"rejects lease on already-occupied unit","duration":1.4080999999998767,"failureMessages":[],"meta":{}},{"ancestorTitles":["Cook County compliance"],"fullName":"Cook County compliance enforces security deposit cap (1.5x rent)","status":"passed","title":"enforces security deposit cap (1.5x rent)","duration":0.21289999999999054,"failureMessages":[],"meta":{}},{"ancestorTitles":["Cook County compliance"],"fullName":"Cook County compliance enforces late fee cap ($10 + 5% over $1000)","status":"passed","title":"enforces late fee cap ($10 + 5% over $1000)","duration":341.76109999999994,"failureMessages":[],"meta":{}},{"ancestorTitles":["Cook County compliance"],"fullName":"Cook County compliance late fee cap for rent at $1000","status":"passed","title":"late fee cap for rent at $1000","duration":0.19369999999980791,"failureMessages":[],"meta":{}},{"ancestorTitles":["Cook County compliance"],"fullName":"Cook County compliance creates Cook County lease with valid deposit","status":"passed","title":"creates Cook County lease with valid deposit","duration":6.604599999999891,"failureMessages":[],"meta":{}},{"ancestorTitles":["Lease update"],"fullName":"Lease update updates lease end date (renewal)","status":"passed","title":"updates lease end date (renewal)","duration":1.5483999999999014,"failureMessages":[],"meta":{}},{"ancestorTitles":["Lease update"],"fullName":"Lease update converts to month-to-month","status":"passed","title":"converts to month-to-month","duration":1.3742999999999483,"failureMessages":[],"meta":{}},{"ancestorTitles":["Lease update"],"fullName":"Lease update terminates lease and vacates unit","status":"passed","title":"terminates lease and vacates unit","duration":3.3411999999998443,"failureMessages":[],"meta":{}},{"ancestorTitles":["Lease update"],"fullName":"Lease update marks deposit receipt as sent","status":"passed","title":"marks deposit receipt as sent","duration":2.5394000000001142,"failureMessages":[],"meta":{}},{"ancestorTitles":["Security deposit tracking"],"fullName":"Security deposit tracking tracks deposit received date","status":"passed","title":"tracks deposit received date","duration":1.0996000000000095,"failureMessages":[],"meta":{}},{"ancestorTitles":["Security deposit tracking"],"fullName":"Security deposit tracking records deposit deductions","status":"passed","title":"records deposit deductions","duration":1.5472999999999502,"failureMessages":[],"meta":{}},{"ancestorTitles":["Security deposit tracking"],"fullName":"Security deposit tracking records deposit return date","status":"passed","title":"records deposit return date","duration":1.3561999999999443,"failureMessages":[],"meta":{}},{"ancestorTitles":["Lease listing (data isolation)"],"fullName":"Lease listing (data isolation) returns leases for user's properties","status":"passed","title":"returns leases for user's properties","duration":3.4383000000000266,"failureMessages":[],"meta":{}},{"ancestorTitles":["Lease listing (data isolation)"],"fullName":"Lease listing (data isolation) filters by status","status":"passed","title":"filters by status","duration":1.5508000000002085,"failureMessages":[],"meta":{}}],"startTime":1787235570852,"endTime":1787235571241.5508,"status":"passed","message":"","name":"C:/Users/staff/src/tenant-ai/apps/dashboard/src/__tests__/leases.test.ts"},{"assertionResults":[{"ancestorTitles":["Navigation consistency"],"fullName":"Navigation consistency dashboard pages do not use window.location.href for in-app navigation","status":"passed","title":"dashboard pages do not use window.location.href for in-app navigation","duration":38.807800000000015,"failureMessages":[],"meta":{}}],"startTime":1787235577505,"endTime":1787235577543.8079,"status":"passed","message":"","name":"C:/Users/staff/src/tenant-ai/apps/dashboard/src/__tests__/navigation-consistency.test.ts"},{"assertionResults":[{"ancestorTitles":["POST /api/notices/ai-rewrite"],"fullName":"POST /api/notices/ai-rewrite returns 401 when not authenticated","status":"passed","title":"returns 401 when not authenticated","duration":7.461899999999986,"failureMessages":[],"meta":{}},{"ancestorTitles":["POST /api/notices/ai-rewrite"],"fullName":"POST /api/notices/ai-rewrite returns 400 when content is missing","status":"passed","title":"returns 400 when content is missing","duration":1.0224000000000046,"failureMessages":[],"meta":{}},{"ancestorTitles":["POST /api/notices/ai-rewrite"],"fullName":"POST /api/notices/ai-rewrite returns 400 when noticeType is missing","status":"passed","title":"returns 400 when noticeType is missing","duration":0.9645999999999901,"failureMessages":[],"meta":{}},{"ancestorTitles":["POST /api/notices/ai-rewrite"],"fullName":"POST /api/notices/ai-rewrite returns original content with prefix when no API key (dev mode)","status":"passed","title":"returns original content with prefix when no API key (dev mode)","duration":1.9879999999999995,"failureMessages":[],"meta":{}},{"ancestorTitles":["POST /api/notices/ai-rewrite"],"fullName":"POST /api/notices/ai-rewrite returns rewritten content from OpenAI on success","status":"passed","title":"returns rewritten content from OpenAI on success","duration":1.3460000000000036,"failureMessages":[],"meta":{}},{"ancestorTitles":["POST /api/notices/ai-rewrite"],"fullName":"POST /api/notices/ai-rewrite returns 502 when OpenAI returns an error","status":"passed","title":"returns 502 when OpenAI returns an error","duration":1.6685999999999979,"failureMessages":[],"meta":{}}],"startTime":1787235576241,"endTime":1787235576255.6687,"status":"passed","message":"","name":"C:/Users/staff/src/tenant-ai/apps/dashboard/src/__tests__/notice-ai-rewrite.test.ts"},{"assertionResults":[{"ancestorTitles":["PUT /api/notices/[id] — content-only update"],"fullName":"PUT /api/notices/[id] — content-only update updates content without requiring service fields","status":"passed","title":"updates content without requiring service fields","duration":20.23980000000006,"failureMessages":[],"meta":{}},{"ancestorTitles":["PUT /api/notices/[id] — content-only update"],"fullName":"PUT /api/notices/[id] — content-only update does NOT include service tracking fields in content-only update","status":"passed","title":"does NOT include service tracking fields in content-only update","duration":2.009399999999914,"failureMessages":[],"meta":{}},{"ancestorTitles":["PUT /api/notices/[id] — content-only update"],"fullName":"PUT /api/notices/[id] — content-only update uses service tracking mode when serviceMethod is present (existing behavior)","status":"passed","title":"uses service tracking mode when serviceMethod is present (existing behavior)","duration":1.955600000000004,"failureMessages":[],"meta":{}},{"ancestorTitles":["PUT /api/notices/[id] — content-only update"],"fullName":"PUT /api/notices/[id] — content-only update returns 400 when serviceMethod is present but invalid","status":"passed","title":"returns 400 when serviceMethod is present but invalid","duration":1.276299999999992,"failureMessages":[],"meta":{}},{"ancestorTitles":["PUT /api/notices/[id] — content-only update"],"fullName":"PUT /api/notices/[id] — content-only update returns 404 when notice does not belong to user","status":"passed","title":"returns 404 when notice does not belong to user","duration":1.1585999999999785,"failureMessages":[],"meta":{}},{"ancestorTitles":["PUT /api/notices/[id] — content-only update"],"fullName":"PUT /api/notices/[id] — content-only update returns 401 when not authenticated","status":"passed","title":"returns 401 when not authenticated","duration":0.9241000000000668,"failureMessages":[],"meta":{}},{"ancestorTitles":["POST /api/notices — custom content field"],"fullName":"POST /api/notices — custom content field saves custom content when provided in five_day notice","status":"passed","title":"saves custom content when provided in five_day notice","duration":27.56689999999992,"failureMessages":[],"meta":{}},{"ancestorTitles":["POST /api/notices — custom content field"],"fullName":"POST /api/notices — custom content field generates template content when no custom content provided","status":"passed","title":"generates template content when no custom content provided","duration":1.4270999999999958,"failureMessages":[],"meta":{}},{"ancestorTitles":["POST /api/notices — custom content field"],"fullName":"POST /api/notices — custom content field saves custom content for ten_day notice","status":"passed","title":"saves custom content for ten_day notice","duration":1.218599999999924,"failureMessages":[],"meta":{}},{"ancestorTitles":["POST /api/notices — custom content field"],"fullName":"POST /api/notices — custom content field saves custom content for thirty_day notice","status":"passed","title":"saves custom content for thirty_day notice","duration":1.5791000000000395,"failureMessages":[],"meta":{}},{"ancestorTitles":["POST /api/notices — custom content field"],"fullName":"POST /api/notices — custom content field returns 400 when required fields are missing","status":"passed","title":"returns 400 when required fields are missing","duration":0.5421999999999798,"failureMessages":[],"meta":{}},{"ancestorTitles":["POST /api/notices — custom content field"],"fullName":"POST /api/notices — custom content field returns 404 when lease does not belong to user","status":"passed","title":"returns 404 when lease does not belong to user","duration":0.4593999999999596,"failureMessages":[],"meta":{}}],"startTime":1787235563069,"endTime":1787235563130.4595,"status":"passed","message":"","name":"C:/Users/staff/src/tenant-ai/apps/dashboard/src/__tests__/notice-content.test.ts"},{"assertionResults":[{"ancestorTitles":["Notice email notification"],"fullName":"Notice email notification sends email to tenant on 5-day notice creation","status":"passed","title":"sends email to tenant on 5-day notice creation","duration":34.53750000000002,"failureMessages":[],"meta":{}},{"ancestorTitles":["Notice email notification"],"fullName":"Notice email notification builds email with isLandlord: false and noticeType 5-Day","status":"passed","title":"builds email with isLandlord: false and noticeType 5-Day","duration":1.6152999999999906,"failureMessages":[],"meta":{}},{"ancestorTitles":["Notice email notification"],"fullName":"Notice email notification passes noticeType 10-Day for ten_day notice","status":"passed","title":"passes noticeType 10-Day for ten_day notice","duration":1.3129000
[...]
stions/[questionId] - update question updates question text","status":"passed","title":"updates question text","duration":3.4560999999994237,"failureMessages":[],"meta":{}},{"ancestorTitles":["Questions workflow","PUT /api/properties/[id]/questions/[questionId] - update question"],"fullName":"Questions workflow PUT /api/properties/[id]/questions/[questionId] - update question updates required flag on custom question","status":"passed","title":"updates required flag on custom question","duration":3.6154999999998836,"failureMessages":[],"meta":{}},{"ancestorTitles":["Questions workflow","PUT /api/properties/[id]/questions/[questionId] - update question"],"fullName":"Questions workflow PUT /api/properties/[id]/questions/[questionId] - update question updates type on non-standard question","status":"passed","title":"updates type on non-standard question","duration":3.613100000000486,"failureMessages":[],"meta":{}},{"ancestorTitles":["Questions workflow","PUT /api/properties/[id]/questions/[questionId] - update question"],"fullName":"Questions workflow PUT /api/properties/[id]/questions/[questionId] - update question does not update type on standard question","status":"passed","title":"does not update type on standard question","duration":3.4221999999999753,"failureMessages":[],"meta":{}},{"ancestorTitles":["Questions workflow","DELETE /api/properties/[id]/questions/[questionId] - remove question"],"fullName":"Questions workflow DELETE /api/properties/[id]/questions/[questionId] - remove question returns 401 when not authenticated","status":"passed","title":"returns 401 when not authenticated","duration":0.4940999999998894,"failureMessages":[],"meta":{}},{"ancestorTitles":["Questions workflow","DELETE /api/properties/[id]/questions/[questionId] - remove question"],"fullName":"Questions workflow DELETE /api/properties/[id]/questions/[questionId] - remove question returns 404 for non-existent question","status":"passed","title":"returns 404 for non-existent question","duration":1.8548999999993612,"failureMessages":[],"meta":{}},{"ancestorTitles":["Questions workflow","DELETE /api/properties/[id]/questions/[questionId] - remove question"],"fullName":"Questions workflow DELETE /api/properties/[id]/questions/[questionId] - remove question blocks deletion of standard questions","status":"passed","title":"blocks deletion of standard questions","duration":2.2187999999996464,"failureMessages":[],"meta":{}},{"ancestorTitles":["Questions workflow","DELETE /api/properties/[id]/questions/[questionId] - remove question"],"fullName":"Questions workflow DELETE /api/properties/[id]/questions/[questionId] - remove question deletes a custom question","status":"passed","title":"deletes a custom question","duration":6.397500000000036,"failureMessages":[],"meta":{}},{"ancestorTitles":["Test Call workflow","POST /api/properties/[id]/test-call"],"fullName":"Test Call workflow POST /api/properties/[id]/test-call returns 401 when not authenticated","status":"passed","title":"returns 401 when not authenticated","duration":61.57250000000022,"failureMessages":[],"meta":{}},{"ancestorTitles":["Test Call workflow","POST /api/properties/[id]/test-call"],"fullName":"Test Call workflow POST /api/properties/[id]/test-call returns 404 for non-existent property","status":"passed","title":"returns 404 for non-existent property","duration":1.6432999999997264,"failureMessages":[],"meta":{}},{"ancestorTitles":["Test Call workflow","POST /api/properties/[id]/test-call"],"fullName":"Test Call workflow POST /api/properties/[id]/test-call returns 400 when property has no phone number","status":"passed","title":"returns 400 when property has no phone number","duration":1.556300000000192,"failureMessages":[],"meta":{}},{"ancestorTitles":["Test Call workflow","POST /api/properties/[id]/test-call"],"fullName":"Test Call workflow POST /api/properties/[id]/test-call returns 400 when property is not active","status":"passed","title":"returns 400 when property is not active","duration":3.573500000000422,"failureMessages":[],"meta":{}},{"ancestorTitles":["Test Call workflow","POST /api/properties/[id]/test-call"],"fullName":"Test Call workflow POST /api/properties/[id]/test-call returns 400 when phoneNumber is missing","status":"passed","title":"returns 400 when phoneNumber is missing","duration":3.193000000000211,"failureMessages":[],"meta":{}}],"startTime":1787235555810,"endTime":1787235558942.193,"status":"passed","message":"","name":"C:/Users/staff/src/tenant-ai/apps/dashboard/src/__tests__/workflow-properties.test.ts"},{"assertionResults":[{"ancestorTitles":["PUT /api/auth/profile"],"fullName":"PUT /api/auth/profile updates user name, companyName, and phone","status":"passed","title":"updates user name, companyName, and phone","duration":42.31700000000001,"failureMessages":[],"meta":{}},{"ancestorTitles":["PUT /api/auth/profile"],"fullName":"PUT /api/auth/profile trims whitespace from name","status":"passed","title":"trims whitespace from name","duration":1.176900000000046,"failureMessages":[],"meta":{}},{"ancestorTitles":["PUT /api/auth/profile"],"fullName":"PUT /api/auth/profile returns 400 when name is empty","status":"passed","title":"returns 400 when name is empty","duration":0.9794999999999732,"failureMessages":[],"meta":{}},{"ancestorTitles":["PUT /api/auth/profile"],"fullName":"PUT /api/auth/profile returns 400 when name is only whitespace","status":"passed","title":"returns 400 when name is only whitespace","duration":0.7528000000000361,"failureMessages":[],"meta":{}},{"ancestorTitles":["PUT /api/auth/profile"],"fullName":"PUT /api/auth/profile returns 401 when not authenticated","status":"passed","title":"returns 401 when not authenticated","duration":0.8745000000000118,"failureMessages":[],"meta":{}},{"ancestorTitles":["PUT /api/auth/profile"],"fullName":"PUT /api/auth/profile sets companyName to null when empty string provided","status":"passed","title":"sets companyName to null when empty string provided","duration":0.7646000000000299,"failureMessages":[],"meta":{}},{"ancestorTitles":["PUT /api/auth/change-password"],"fullName":"PUT /api/auth/change-password already tested in change-password-api.test.ts — skip","status":"passed","title":"already tested in change-password-api.test.ts — skip","duration":0.1272000000000162,"failureMessages":[],"meta":{}},{"ancestorTitles":["GET /api/stripe/connect"],"fullName":"GET /api/stripe/connect returns connected: false when user has no Connect account","status":"passed","title":"returns connected: false when user has no Connect account","duration":11.692299999999989,"failureMessages":[],"meta":{}},{"ancestorTitles":["GET /api/stripe/connect"],"fullName":"GET /api/stripe/connect returns connected: true when user has Connect account and onboarding is complete","status":"passed","title":"returns connected: true when user has Connect account and onboarding is complete","duration":0.501700000000028,"failureMessages":[],"meta":{}},{"ancestorTitles":["GET /api/stripe/connect"],"fullName":"GET /api/stripe/connect checks Stripe live status when onboarding not yet marked complete","status":"passed","title":"checks Stripe live status when onboarding not yet marked complete","duration":0.9139999999999873,"failureMessages":[],"meta":{}},{"ancestorTitles":["GET /api/stripe/connect"],"fullName":"GET /api/stripe/connect returns 401 when not authenticated","status":"passed","title":"returns 401 when not authenticated","duration":0.30560000000002674,"failureMessages":[],"meta":{}},{"ancestorTitles":["POST /api/stripe/connect"],"fullName":"POST /api/stripe/connect creates Stripe Connect account and returns onboarding URL","status":"passed","title":"creates Stripe Connect account and returns onboarding URL","duration":1.1773000000000025,"failureMessages":[],"meta":{}},{"ancestorTitles":["POST /api/stripe/connect"],"fullName":"POST /api/stripe/connect reuses existing Connect account if already created","status":"passed","title":"reuses existing Connect account if already created","duration":0.7568999999999733,"failureMessages":[],"meta":{}},{"ancestorTitles":["POST /api/stripe/connect"],"fullName":"POST /api/stripe/connect returns 503 when Stripe is not configured","status":"passed","title":"returns 503 when Stripe is not configured","duration":0.6334999999999695,"failureMessages":[],"meta":{}},{"ancestorTitles":["POST /api/stripe/connect"],"fullName":"POST /api/stripe/connect returns 500 when onboarding link creation fails","status":"passed","title":"returns 500 when onboarding link creation fails","duration":0.6478999999999928,"failureMessages":[],"meta":{}},{"ancestorTitles":["POST /api/stripe/connect"],"fullName":"POST /api/stripe/connect returns 401 when not authenticated","status":"passed","title":"returns 401 when not authenticated","duration":0.4647000000000503,"failureMessages":[],"meta":{}},{"ancestorTitles":["POST /api/stripe/connect"],"fullName":"POST /api/stripe/connect returns 404 when user is not found in DB","status":"passed","title":"returns 404 when user is not found in DB","duration":0.3645000000000209,"failureMessages":[],"meta":{}}],"startTime":1787235568068,"endTime":1787235568132.4646,"status":"passed","message":"","name":"C:/Users/staff/src/tenant-ai/apps/dashboard/src/__tests__/workflow-settings.test.ts"},{"assertionResults":[{"ancestorTitles":["GET /api/tenants"],"fullName":"GET /api/tenants returns tenants array for the authenticated user","status":"passed","title":"returns tenants array for the authenticated user","duration":972.8636999999999,"failureMessages":[],"meta":{}},{"ancestorTitles":["GET /api/tenants"],"fullName":"GET /api/tenants includes active lease with property info","status":"passed","title":"includes active lease with property info","duration":11.08849999999984,"failureMessages":[],"meta":{}},{"ancestorTitles":["GET /api/tenants"],"fullName":"GET /api/tenants only returns current user's tenants (data isolation)","status":"passed","title":"only returns current user's tenants (data isolation)","duration":13.597299999999905,"failureMessages":[],"meta":{}},{"ancestorTitles":["GET /api/tenants"],"fullName":"GET /api/tenants returns 401 when not authenticated","status":"passed","title":"returns 401 when not authenticated","duration":10.979299999999967,"failureMessages":[],"meta":{}},{"ancestorTitles":["POST /api/tenants"],"fullName":"POST /api/tenants creates a tenant with firstName, lastName, email, phone","status":"passed","title":"creates a tenant with firstName, lastName, email, phone","duration":470.9435000000003,"failureMessages":[],"meta":{}},{"ancestorTitles":["POST /api/tenants"],"fullName":"POST /api/tenants returns 400 for missing required fields","status":"passed","title":"returns 400 for missing required fields","duration":10.596199999999953,"failureMessages":[],"meta":{}},{"ancestorTitles":["POST /api/tenants"],"fullName":"POST /api/tenants returns 400 for missing email","status":"passed","title":"returns 400 for missing email","duration":1.3315999999995256,"failureMessages":[],"meta":{}},{"ancestorTitles":["POST /api/tenants"],"fullName":"POST /api/tenants returns 409 for duplicate email under same landlord","status":"passed","title":"returns 409 for duplicate email under same landlord","duration":11.922100000000682,"failureMessages":[],"meta":{}},{"ancestorTitles":["GET /api/tenants/[id]"],"fullName":"GET /api/tenants/[id] returns tenant detail with leases and payment history","status":"passed","title":"returns tenant detail with leases and payment history","duration":91.88349999999991,"failureMessages":[],"meta":{}},{"ancestorTitles":["GET /api/tenants/[id]"],"fullName":"GET /api/tenants/[id] returns 404 for non-existent tenant","status":"passed","title":"returns 404 for non-existent tenant","duration":3.2782999999999447,"failureMessages":[],"meta":{}},{"ancestorTitles":["GET /api/tenants/[id]"],"fullName":"GET /api/tenants/[id] returns 404 for other user's tenant (IDOR protection)","status":"passed","title":"returns 404 for other user's tenant (IDOR protection)","duration":2.9124999999994543,"failureMessages":[],"meta":{}},{"ancestorTitles":["PUT /api/tenants/[id]"],"fullName":"PUT /api/tenants/[id] updates tenant fields (phone)","status":"passed","title":"updates tenant fields (phone)","duration":10.022500000000036,"failureMessages":[],"meta":{}},{"ancestorTitles":["PUT /api/tenants/[id]"],"fullName":"PUT /api/tenants/[id] updates tenant firstName and lastName","status":"passed","title":"updates tenant firstName and lastName","duration":3.363999999999578,"failureMessages":[],"meta":{}},{"ancestorTitles":["PUT /api/tenants/[id]"],"fullName":"PUT /api/tenants/[id] returns 404 for other user's tenant","status":"passed","title":"returns 404 for other user's tenant","duration":1.908700000000863,"failureMessages":[],"meta":{}},{"ancestorTitles":["PUT /api/tenants/[id]"],"fullName":"PUT /api/tenants/[id] returns 409 when updating email to one already in use","status":"passed","title":"returns 409 when updating email to one already in use","duration":321.0486000000001,"failureMessages":[],"meta":{}},{"ancestorTitles":["POST /api/tenants/invite"],"fullName":"POST /api/tenants/invite creates invite with token and 72-hour expiry","status":"passed","title":"creates invite with token and 72-hour expiry","duration":49.970400000000154,"failureMessages":[],"meta":{}},{"ancestorTitles":["POST /api/tenants/invite"],"fullName":"POST /api/tenants/invite returns 400 for missing email","status":"passed","title":"returns 400 for missing email","duration":0.6024999999999636,"failureMessages":[],"meta":{}},{"ancestorTitles":["POST /api/tenants/invite"],"fullName":"POST /api/tenants/invite returns 400 for missing propertyId","status":"passed","title":"returns 400 for missing propertyId","duration":0.5061999999998079,"failureMessages":[],"meta":{}},{"ancestorTitles":["POST /api/tenants/invite"],"fullName":"POST /api/tenants/invite returns 404 for property not owned by user","status":"passed","title":"returns 404 for property not owned by user","duration":1.728700000000572,"failureMessages":[],"meta":{}},{"ancestorTitles":["POST /api/tenants/[id]/convert"],"fullName":"POST /api/tenants/[id]/convert converts application data into tenant record","status":"passed","title":"converts application data into tenant record","duration":501.5010000000002,"failureMessages":[],"meta":{}},{"ancestorTitles":["POST /api/tenants/[id]/convert"],"fullName":"POST /api/tenants/[id]/convert returns 409 when tenant already exists for that email","status":"passed","title":"returns 409 when tenant already exists for that email","duration":4.072599999999511,"failureMessages":[],"meta":{}},{"ancestorTitles":["POST /api/tenants/[id]/convert"],"fullName":"POST /api/tenants/[id]/convert returns 400 for application not in reviewed/completed status","status":"passed","title":"returns 400 for application not in reviewed/completed status","duration":4.46309999999994,"failureMessages":[],"meta":{}},{"ancestorTitles":["POST /api/tenants/[id]/convert"],"fullName":"POST /api/tenants/[id]/convert returns 400 for application without email","status":"passed","title":"returns 400 for application without email","duration":5.171400000000176,"failureMessages":[],"meta":{}},{"ancestorTitles":["POST /api/tenants/[id]/convert"],"fullName":"POST /api/tenants/[id]/convert converts with lease when unitId + monthlyRent + startDate provided","status":"passed","title":"converts with lease when unitId + monthlyRent + startDate provided","duration":590.7973000000002,"failureMessages":[],"meta":{}},{"ancestorTitles":["POST /api/tenants/[id]/convert"],"fullName":"POST /api/tenants/[id]/convert converts without lease when no unitId provided (backward compatible)","status":"passed","title":"converts without lease when no unitId provided (backward compatible)","duration":571.2119000000002,"failureMessages":[],"meta":{}},{"ancestorTitles":["POST /api/tenants/[id]/convert"],"fullName":"POST /api/tenants/[id]/convert returns 404 for other user's application","status":"passed","title":"returns 404 for other user's application","duration":66.72499999999945,"failureMessages":[],"meta":{}}],"startTime":1787235557346,"endTime":1787235561089.725,"status":"passed","message":"","name":"C:/Users/staff/src/tenant-ai/apps/dashboard/src/__tests__/workflow-tenants.test.ts"},{"assertionResults":[{"ancestorTitles":["GET /api/website-config"],"fullName":"GET /api/website-config returns null config when none exists","status":"passed","title":"returns null config when none exists","duration":64.37270000000001,"failureMessages":[],"meta":{}},{"ancestorTitles":["GET /api/website-config"],"fullName":"GET /api/website-config returns 401 when not authenticated","status":"passed","title":"returns 401 when not authenticated","duration":0.5776999999999362,"failureMessages":[],"meta":{}},{"ancestorTitles":["POST /api/website-config"],"fullName":"POST /api/website-config creates website config with required fields","status":"passed","title":"creates website config with required fields","duration":10.651199999999903,"failureMessages":[],"meta":{}},{"ancestorTitles":["POST /api/website-config"],"fullName":"POST /api/website-config returns 409 when config already exists","status":"passed","title":"returns 409 when config already exists","duration":2.255399999999895,"failureMessages":[],"meta":{}},{"ancestorTitles":["POST /api/website-config"],"fullName":"POST /api/website-config returns 400 when companyName is missing","status":"passed","title":"returns 400 when companyName is missing","duration":1.9074000000000524,"failureMessages":[],"meta":{}},{"ancestorTitles":["POST /api/website-config"],"fullName":"POST /api/website-config enforces subdomain uniqueness","status":"passed","title":"enforces subdomain uniqueness","duration":2.7093999999999596,"failureMessages":[],"meta":{}},{"ancestorTitles":["POST /api/website-config"],"fullName":"POST /api/website-config uses default primary color when not provided","status":"passed","title":"uses default primary color when not provided","duration":4.4827000000000226,"failureMessages":[],"meta":{}},{"ancestorTitles":["POST /api/website-config"],"fullName":"POST /api/website-config returns 401 when not authenticated","status":"passed","title":"returns 401 when not authenticated","duration":0.5558999999999514,"failureMessages":[],"meta":{}},{"ancestorTitles":["PUT /api/website-config"],"fullName":"PUT /api/website-config updates website config fields","status":"passed","title":"updates website config fields","duration":3.255899999999997,"failureMessages":[],"meta":{}},{"ancestorTitles":["PUT /api/website-config"],"fullName":"PUT /api/website-config rejects subdomain change to a taken subdomain","status":"passed","title":"rejects subdomain change to a taken subdomain","duration":2.5090000000000146,"failureMessages":[],"meta":{}},{"ancestorTitles":["PUT /api/website-config"],"fullName":"PUT /api/website-config allows keeping the same subdomain","status":"passed","title":"allows keeping the same subdomain","duration":2.8893000000000484,"failureMessages":[],"meta":{}},{"ancestorTitles":["PUT /api/website-config"],"fullName":"PUT /api/website-config returns 404 when no config exists","status":"passed","title":"returns 404 when no config exists","duration":260.7274,"failureMessages":[],"meta":{}},{"ancestorTitles":["PUT /api/website-config"],"fullName":"PUT /api/website-config returns 401 when not authenticated","status":"passed","title":"returns 401 when not authenticated","duration":0.5426000000002205,"failureMessages":[],"meta":{}},{"ancestorTitles":["GET /api/website-config (after creation)"],"fullName":"GET /api/website-config (after creation) returns the existing config","status":"passed","title":"returns the existing config","duration":1.280599999999822,"failureMessages":[],"meta":{}}],"startTime":1787235572073,"endTime":1787235572432.2805,"status":"passed","message":"","name":"C:/Users/staff/src/tenant-ai/apps/dashboard/src/__tests__/workflow-website.test.ts"}]}